Using pre-set license
Built from '2021.2/staging' branch; Version is '2021.2.3f1 (32358a8527b4) revision 3290506'; Using compiler version '192829333'; Build Type 'Release'
OS: 'Windows 10 Pro; OS build 22000.613; Version 2009; 64bit' Language: 'en' Physical Memory: 16306 MB
BatchMode: 1, IsHumanControllingUs: 0, StartBugReporterOnCrash: 0, Is64bit: 1, IsPro: 0

COMMAND LINE ARGUMENTS:
C:\Program Files\Unity\Hub\Editor\2021.2.3f1\Editor\Unity.exe
-adb2
-batchMode
-noUpm
-name
AssetImportWorker1
-projectPath
D:/OneDrive - UCLan/Unity Projects/Team-Game
-logFile
Logs/AssetImportWorker1.log
-srvPort
64214
Successfully changed project path to: D:/OneDrive - UCLan/Unity Projects/Team-Game
D:/OneDrive - UCLan/Unity Projects/Team-Game
[UnityMemory] Configuration Parameters - Can be set up in boot.config
    "memorysetup-bucket-allocator-granularity=16"
    "memorysetup-bucket-allocator-bucket-count=8"
    "memorysetup-bucket-allocator-block-size=33554432"
    "memorysetup-bucket-allocator-block-count=8"
    "memorysetup-main-allocator-block-size=16777216"
    "memorysetup-thread-allocator-block-size=16777216"
    "memorysetup-gfx-main-allocator-block-size=16777216"
    "memorysetup-gfx-thread-allocator-block-size=16777216"
    "memorysetup-cache-allocator-block-size=4194304"
    "memorysetup-typetree-allocator-block-size=2097152"
    "memorysetup-profiler-bucket-allocator-granularity=16"
    "memorysetup-profiler-bucket-allocator-bucket-count=8"
    "memorysetup-profiler-bucket-allocator-block-size=33554432"
    "memorysetup-profiler-bucket-allocator-block-count=8"
    "memorysetup-profiler-allocator-block-size=16777216"
    "memorysetup-profiler-editor-allocator-block-size=1048576"
    "memorysetup-temp-allocator-size-main=16777216"
    "memorysetup-job-temp-allocator-block-size=2097152"
    "memorysetup-job-temp-allocator-block-size-background=1048576"
    "memorysetup-job-temp-allocator-reduction-small-platforms=262144"
    "memorysetup-temp-allocator-size-background-worker=32768"
    "memorysetup-temp-allocator-size-job-worker=262144"
    "memorysetup-temp-allocator-size-preload-manager=33554432"
    "memorysetup-temp-allocator-size-nav-mesh-worker=65536"
    "memorysetup-temp-allocator-size-audio-worker=65536"
    "memorysetup-temp-allocator-size-cloud-worker=32768"
    "memorysetup-temp-allocator-size-gi-baking-worker=262144"
    "memorysetup-temp-allocator-size-gfx=262144"
Refreshing native plugins compatible for Editor in 97.83 ms, found 4 plugins.
Preloading 0 native plugins for Editor in 0.00 ms.
Initialize engine version: 2021.2.3f1 (32358a8527b4)
[Subsystems] Discovering subsystems at path C:/Program Files/Unity/Hub/Editor/2021.2.3f1/Editor/Data/Resources/UnitySubsystems
[Subsystems] Discovering subsystems at path D:/OneDrive - UCLan/Unity Projects/Team-Game/Assets
GfxDevice: creating device client; threaded=0; jobified=0
Direct3D:
    Version:  Direct3D 11.0 [level 11.1]
    Renderer: NVIDIA GeForce GTX 1660 (ID=0x2184)
    Vendor:   NVIDIA
    VRAM:     5992 MB
    Driver:   30.0.15.1215
Initialize mono
Mono path[0] = 'C:/Program Files/Unity/Hub/Editor/2021.2.3f1/Editor/Data/Managed'
Mono path[1] = 'C:/Program Files/Unity/Hub/Editor/2021.2.3f1/Editor/Data/MonoBleedingEdge/lib/mono/unityjit-win32'
Mono config path = 'C:/Program Files/Unity/Hub/Editor/2021.2.3f1/Editor/Data/MonoBleedingEdge/etc'
Using monoOptions --debugger-agent=transport=dt_socket,embedding=1,server=y,suspend=n,address=127.0.0.1:56040
Begin MonoManager ReloadAssembly
Registering precompiled unity dll's ...
Register platform support module: C:/Program Files/Unity/Hub/Editor/2021.2.3f1/Editor/Data/PlaybackEngines/WebGLSupport/UnityEditor.WebGL.Extensions.dll
Register platform support module: C:/Program Files/Unity/Hub/Editor/2021.2.3f1/Editor/Data/PlaybackEngines/WindowsStandaloneSupport/UnityEditor.WindowsStandalone.Extensions.dll
Registered in 0.004798 seconds.
Native extension for WindowsStandalone target not found
Native extension for WebGL target not found
Refreshing native plugins compatible for Editor in 86.79 ms, found 4 plugins.
Preloading 0 native plugins for Editor in 0.00 ms.
Mono: successfully reloaded assembly
- Completed reload, in  0.541 seconds
Domain Reload Profiling:
	ReloadAssembly (541ms)
		BeginReloadAssembly (55ms)
			ExecutionOrderSort (0ms)
			DisableScriptedObjects (0ms)
			BackupInstance (0ms)
			ReleaseScriptingObjects (0ms)
			CreateAndSetChildDomain (1ms)
		EndReloadAssembly (420ms)
			LoadAssemblies (53ms)
			RebuildTransferFunctionScriptingTraits (0ms)
			SetupTypeCache (82ms)
			ReleaseScriptCaches (0ms)
			RebuildScriptCaches (21ms)
			SetupLoadedEditorAssemblies (266ms)
				LogAssemblyErrors (0ms)
				InitializePlatformSupportModulesInManaged (13ms)
				SetLoadedEditorAssemblies (0ms)
				RefreshPlugins (87ms)
				BeforeProcessingInitializeOnLoad (1ms)
				ProcessInitializeOnLoadAttributes (123ms)
				ProcessInitializeOnLoadMethodAttributes (42ms)
				AfterProcessingInitializeOnLoad (0ms)
				EditorAssembliesLoaded (0ms)
			ExecutionOrderSort2 (0ms)
			AwakeInstancesAfterBackupRestoration (0ms)
Platform modules already initialized, skipping
Registering precompiled user dll's ...
Registered in 0.011898 seconds.
Begin MonoManager ReloadAssembly
Symbol file LoadedFromMemory doesn't match image D:\OneDrive - UCLan\Unity Projects\Team-Game\Library\PackageCache\com.unity.visualscripting@1.7.6\Editor\VisualScripting.Core\Dependencies\YamlDotNet\Unity.VisualScripting.YamlDotNet.dll
Symbol file LoadedFromMemory doesn't match image D:\OneDrive - UCLan\Unity Projects\Team-Game\Library\PackageCache\com.unity.visualscripting@1.7.6\Editor\VisualScripting.Core\Dependencies\DotNetZip\Unity.VisualScripting.IonicZip.dll
Native extension for WindowsStandalone target not found
Native extension for WebGL target not found
Refreshing native plugins compatible for Editor in 86.03 ms, found 4 plugins.
Preloading 0 native plugins for Editor in 0.00 ms.
Mono: successfully reloaded assembly
- Completed reload, in  1.571 seconds
Domain Reload Profiling:
	ReloadAssembly (1572ms)
		BeginReloadAssembly (142ms)
			ExecutionOrderSort (0ms)
			DisableScriptedObjects (5ms)
			BackupInstance (0ms)
			ReleaseScriptingObjects (0ms)
			CreateAndSetChildDomain (16ms)
		EndReloadAssembly (1338ms)
			LoadAssemblies (78ms)
			RebuildTransferFunctionScriptingTraits (0ms)
			SetupTypeCache (206ms)
			ReleaseScriptCaches (1ms)
			RebuildScriptCaches (46ms)
			SetupLoadedEditorAssemblies (904ms)
				LogAssemblyErrors (0ms)
				InitializePlatformSupportModulesInManaged (9ms)
				SetLoadedEditorAssemblies (0ms)
				RefreshPlugins (86ms)
				BeforeProcessingInitializeOnLoad (102ms)
				ProcessInitializeOnLoadAttributes (671ms)
				ProcessInitializeOnLoadMethodAttributes (30ms)
				AfterProcessingInitializeOnLoad (5ms)
				EditorAssembliesLoaded (0ms)
			ExecutionOrderSort2 (0ms)
			AwakeInstancesAfterBackupRestoration (5ms)
Platform modules already initialized, skipping
========================================================================
Worker process is ready to serve import requests
Launched and connected shader compiler UnityShaderCompiler.exe after 0.08 seconds
Refreshing native plugins compatible for Editor in 0.69 ms, found 4 plugins.
Preloading 0 native plugins for Editor in 0.00 ms.
Unloading 4099 Unused Serialized files (Serialized files now loaded: 0)
Unloading 49 unused Assets / (1.3 MB). Loaded Objects now: 4547.
Memory consumption went from 165.6 MB to 164.3 MB.
Total: 3.208600 ms (FindLiveObjects: 0.329500 ms CreateObjectMapping: 0.099900 ms MarkObjects: 2.536800 ms  DeleteObjects: 0.241000 ms)

AssetImportParameters requested are different than current active one (requested -> active):
  custom:video-decoder-ogg-theora: a1e56fd34408186e4bbccfd4996cb3dc -> 
  custom:container-muxer-webm: aa71ff27fc2769a1b78a27578f13a17b -> 
  custom:container-demuxer-webm: 4f35f7cbe854078d1ac9338744f61a02 -> 
  custom:video-encoder-webm-vp8: eb34c28f22e8b96e1ab97ce403110664 -> 
  custom:audio-encoder-webm-vorbis: bf7c407c2cedff20999df2af8eb42d56 -> 
  custom:framework-win-MediaFoundation: 216162199b28c13a410421893ffa2e32 -> 
  custom:container-demuxer-ogg: 62fdf1f143b41e24485cea50d1cbac27 -> 
  custom:video-decoder-webm-vp8: 9c59270c3fd7afecdb556c50c9e8de78 -> 
  custom:audio-decoder-ogg-vorbis: bf7c407c2cedff20999df2af8eb42d56 -> 
========================================================================
Received Prepare
Registering precompiled user dll's ...
Registered in 0.011686 seconds.
Begin MonoManager ReloadAssembly
Symbol file LoadedFromMemory doesn't match image D:\OneDrive - UCLan\Unity Projects\Team-Game\Library\PackageCache\com.unity.visualscripting@1.7.6\Editor\VisualScripting.Core\Dependencies\YamlDotNet\Unity.VisualScripting.YamlDotNet.dll
Symbol file LoadedFromMemory doesn't match image D:\OneDrive - UCLan\Unity Projects\Team-Game\Library\PackageCache\com.unity.visualscripting@1.7.6\Editor\VisualScripting.Core\Dependencies\DotNetZip\Unity.VisualScripting.IonicZip.dll
Native extension for WindowsStandalone target not found
Native extension for WebGL target not found
Refreshing native plugins compatible for Editor in 0.92 ms, found 4 plugins.
Preloading 0 native plugins for Editor in 0.00 ms.
Mono: successfully reloaded assembly
- Completed reload, in  1.248 seconds
Domain Reload Profiling:
	ReloadAssembly (1248ms)
		BeginReloadAssembly (139ms)
			ExecutionOrderSort (0ms)
			DisableScriptedObjects (9ms)
			BackupInstance (0ms)
			ReleaseScriptingObjects (0ms)
			CreateAndSetChildDomain (39ms)
		EndReloadAssembly (988ms)
			LoadAssemblies (103ms)
			RebuildTransferFunctionScriptingTraits (0ms)
			SetupTypeCache (224ms)
			ReleaseScriptCaches (1ms)
			RebuildScriptCaches (42ms)
			SetupLoadedEditorAssemblies (516ms)
				LogAssemblyErrors (0ms)
				InitializePlatformSupportModulesInManaged (12ms)
				SetLoadedEditorAssemblies (1ms)
				RefreshPlugins (1ms)
				BeforeProcessingInitializeOnLoad (130ms)
				ProcessInitializeOnLoadAttributes (333ms)
				ProcessInitializeOnLoadMethodAttributes (34ms)
				AfterProcessingInitializeOnLoad (5ms)
				EditorAssembliesLoaded (0ms)
			ExecutionOrderSort2 (0ms)
			AwakeInstancesAfterBackupRestoration (9ms)
Platform modules already initialized, skipping
Refreshing native plugins compatible for Editor in 1.14 ms, found 4 plugins.
Preloading 0 native plugins for Editor in 0.00 ms.
Unloading 4046 Unused Serialized files (Serialized files now loaded: 0)
Unloading 38 unused Assets / (1.2 MB). Loaded Objects now: 4549.
Memory consumption went from 160.7 MB to 159.4 MB.
Total: 3.444400 ms (FindLiveObjects: 0.341700 ms CreateObjectMapping: 0.100400 ms MarkObjects: 2.758400 ms  DeleteObjects: 0.242900 ms)

AssetImportParameters requested are different than current active one (requested -> active):
  custom:video-decoder-ogg-theora: a1e56fd34408186e4bbccfd4996cb3dc -> 
  custom:container-muxer-webm: aa71ff27fc2769a1b78a27578f13a17b -> 
  custom:container-demuxer-webm: 4f35f7cbe854078d1ac9338744f61a02 -> 
  custom:video-encoder-webm-vp8: eb34c28f22e8b96e1ab97ce403110664 -> 
  custom:audio-encoder-webm-vorbis: bf7c407c2cedff20999df2af8eb42d56 -> 
  custom:framework-win-MediaFoundation: 216162199b28c13a410421893ffa2e32 -> 
  custom:container-demuxer-ogg: 62fdf1f143b41e24485cea50d1cbac27 -> 
  custom:video-decoder-webm-vp8: 9c59270c3fd7afecdb556c50c9e8de78 -> 
  custom:audio-decoder-ogg-vorbis: bf7c407c2cedff20999df2af8eb42d56 -> 
========================================================================
Received Import Request.
  Time since last request: 56620.089921 seconds.
  path: Assets/Main Camera Profile.asset
  artifactKey: Guid(97a9336ac8636d74486b72656dc7c05b) Importer(815301076,1909f56bfc062723c751e8b465ee728b)
Start importing Assets/Main Camera Profile.asset using Guid(97a9336ac8636d74486b72656dc7c05b) Importer(815301076,1909f56bfc062723c751e8b465ee728b)  -> (artifact id: '271d462ca7c49e7ebc2e919b17ed830e') in 0.091422 seconds 
========================================================================
Received Import Request.
  Time since last request: 14.998498 seconds.
  path: Assets/Sprites/TileEditor_3.asset
  artifactKey: Guid(3e04883dc4b954d45ae80d1b67b7d346) Importer(815301076,1909f56bfc062723c751e8b465ee728b)
Start importing Assets/Sprites/TileEditor_3.asset using Guid(3e04883dc4b954d45ae80d1b67b7d346) Importer(815301076,1909f56bfc062723c751e8b465ee728b)  -> (artifact id: 'fe70d8725feeb155633beb1b7c17cb86') in 0.036336 seconds 
========================================================================
Received Import Request.
  Time since last request: 0.000017 seconds.
  path: Assets/Sprites/TileEditor_Wall.asset
  artifactKey: Guid(7d9209e19af0de7469a369961c59d2be) Importer(815301076,1909f56bfc062723c751e8b465ee728b)
Start importing Assets/Sprites/TileEditor_Wall.asset using Guid(7d9209e19af0de7469a369961c59d2be) Importer(815301076,1909f56bfc062723c751e8b465ee728b)  -> (artifact id: 'db1cd3da38be44e0cb304a1587d538a9') in 0.011441 seconds 
========================================================================
Received Import Request.
  Time since last request: 0.000021 seconds.
  path: Assets/Sprites/TileEditor_Ground.asset
  artifactKey: Guid(f84b3db152569e34eaf133e8a32a3824) Importer(815301076,1909f56bfc062723c751e8b465ee728b)
Start importing Assets/Sprites/TileEditor_Ground.asset using Guid(f84b3db152569e34eaf133e8a32a3824) Importer(815301076,1909f56bfc062723c751e8b465ee728b)  -> (artifact id: '774d5499090a8e92e0642ee919eca3f0') in 0.009853 seconds 
========================================================================
Received Import Request.
  Time since last request: 0.000021 seconds.
  path: Assets/Sprites/TileEditor_Prop.asset
  artifactKey: Guid(e81fe3f73ae8d104ca69f858d3bad51a) Importer(815301076,1909f56bfc062723c751e8b465ee728b)
Start importing Assets/Sprites/TileEditor_Prop.asset using Guid(e81fe3f73ae8d104ca69f858d3bad51a) Importer(815301076,1909f56bfc062723c751e8b465ee728b)  -> (artifact id: 'cfe1413fd31113af10c6120a0dbe08b9') in 0.010844 seconds 
========================================================================
Received Import Request.
  Time since last request: 2.542521 seconds.
  path: Assets/Sprites/ConceptArt/AngryBurger.png
  artifactKey: Guid(9a350017c4a4ae64084c531ed4ab38fd) Importer(815301076,1909f56bfc062723c751e8b465ee728b)
Start importing Assets/Sprites/ConceptArt/AngryBurger.png using Guid(9a350017c4a4ae64084c531ed4ab38fd) Importer(815301076,1909f56bfc062723c751e8b465ee728b)  -> (artifact id: 'e60eab45cd789068365b278489d8d2c2') in 0.028159 seconds 
========================================================================
Received Import Request.
  Time since last request: 0.000034 seconds.
  path: Assets/Sprites/ConceptArt/Logo.png
  artifactKey: Guid(2abb63d8482f0b9429aca46178e80626) Importer(815301076,1909f56bfc062723c751e8b465ee728b)
Start importing Assets/Sprites/ConceptArt/Logo.png using Guid(2abb63d8482f0b9429aca46178e80626) Importer(815301076,1909f56bfc062723c751e8b465ee728b)  -> (artifact id: 'a8ab0774753b11a741affc2c6b3ec144') in 0.013354 seconds 
========================================================================
Received Import Request.
  Time since last request: 0.000020 seconds.
  path: Assets/Sprites/ConceptArt/AngryCarrot.png
  artifactKey: Guid(8023ccdc0d59c7b41b8716774343535c) Importer(815301076,1909f56bfc062723c751e8b465ee728b)
Start importing Assets/Sprites/ConceptArt/AngryCarrot.png using Guid(8023ccdc0d59c7b41b8716774343535c) Importer(815301076,1909f56bfc062723c751e8b465ee728b)  -> (artifact id: '6156ca8647e97fb18d707be30ec08edc') in 0.010199 seconds 
========================================================================
Received Import Request.
  Time since last request: 0.000020 seconds.
  path: Assets/Sprites/ConceptArt/AngryHotDogIdle.png
  artifactKey: Guid(b9fb7f8948e945b46b6f94428b8a98a6) Importer(815301076,1909f56bfc062723c751e8b465ee728b)
Start importing Assets/Sprites/ConceptArt/AngryHotDogIdle.png using Guid(b9fb7f8948e945b46b6f94428b8a98a6) Importer(815301076,1909f56bfc062723c751e8b465ee728b)  -> (artifact id: 'fac13b22373b7f6977c184fc343ce919') in 0.022454 seconds 
========================================================================
Received Import Request.
  Time since last request: 0.000018 seconds.
  path: Assets/Sprites/ConceptArt/AngryHotDog.png
  artifactKey: Guid(205a45d3d060cff40b09bd51093f652b) Importer(815301076,1909f56bfc062723c751e8b465ee728b)
Start importing Assets/Sprites/ConceptArt/AngryHotDog.png using Guid(205a45d3d060cff40b09bd51093f652b) Importer(815301076,1909f56bfc062723c751e8b465ee728b)  -> (artifact id: '94aaa32a285eb4ccff93ffcc6a1f0d49') in 0.010569 seconds 
========================================================================
Received Import Request.
  Time since last request: 0.000032 seconds.
  path: Assets/Sprites/ConceptArt/AngryMushroom.png
  artifactKey: Guid(81caf043b03d4284993b3a41d0b536d2) Importer(815301076,1909f56bfc062723c751e8b465ee728b)
Start importing Assets/Sprites/ConceptArt/AngryMushroom.png using Guid(81caf043b03d4284993b3a41d0b536d2) Importer(815301076,1909f56bfc062723c751e8b465ee728b)  -> (artifact id: '5e1141f31bb7a4444d8a0857fb7feb54') in 0.012286 seconds 
========================================================================
Received Import Request.
  Time since last request: 0.000023 seconds.
  path: Assets/Sprites/ConceptArt/AngryCarrotAnim.png
  artifactKey: Guid(fbb32f23bf9003a49af103331347b113) Importer(815301076,1909f56bfc062723c751e8b465ee728b)
Start importing Assets/Sprites/ConceptArt/AngryCarrotAnim.png using Guid(fbb32f23bf9003a49af103331347b113) Importer(815301076,1909f56bfc062723c751e8b465ee728b)  -> (artifact id: '411d7f8a18ad19faf7d88aa6cb6e5895') in 0.011494 seconds 
========================================================================
Received Import Request.
  Time since last request: 0.000018 seconds.
  path: Assets/Sprites/ConceptArt/AngryCarrotBackWalikng (1).png
  artifactKey: Guid(ece9abb93a4e23449855ad623596c925) Importer(815301076,1909f56bfc062723c751e8b465ee728b)
Start importing Assets/Sprites/ConceptArt/AngryCarrotBackWalikng (1).png using Guid(ece9abb93a4e23449855ad623596c925) Importer(815301076,1909f56bfc062723c751e8b465ee728b)  -> (artifact id: '3e2c7995d0f5fc76f739ed2507d515ee') in 0.012028 seconds 
========================================================================
Received Import Request.
  Time since last request: 0.000022 seconds.
  path: Assets/Sprites/ConceptArt/AngryCarrotFrontAndBack.png
  artifactKey: Guid(86b45cc2e0320cb43970a5a37db6ea48) Importer(815301076,1909f56bfc062723c751e8b465ee728b)
Start importing Assets/Sprites/ConceptArt/AngryCarrotFrontAndBack.png using Guid(86b45cc2e0320cb43970a5a37db6ea48) Importer(815301076,1909f56bfc062723c751e8b465ee728b)  -> (artifact id: 'd8fe1d4105e3fc6aa6dfbcb7d25e8c78') in 0.010967 seconds 
========================================================================
Received Import Request.
  Time since last request: 0.000026 seconds.
  path: Assets/Sprites/ConceptArt/AngryCarrotBackWalikng.png
  artifactKey: Guid(1c57b42b871729c43afa8c36edce17db) Importer(815301076,1909f56bfc062723c751e8b465ee728b)
Start importing Assets/Sprites/ConceptArt/AngryCarrotBackWalikng.png using Guid(1c57b42b871729c43afa8c36edce17db) Importer(815301076,1909f56bfc062723c751e8b465ee728b)  -> (artifact id: '38ecc0270cf3de71de4f3c4ebe854cd8') in 0.014061 seconds 
========================================================================
Received Import Request.
  Time since last request: 0.000030 seconds.
  path: Assets/Sprites/ConceptArt/Mushroom2BackWalking.png
  artifactKey: Guid(21c5878e461c08d4fa0ca6ecb4d531c0) Importer(815301076,1909f56bfc062723c751e8b465ee728b)
Start importing Assets/Sprites/ConceptArt/Mushroom2BackWalking.png using Guid(21c5878e461c08d4fa0ca6ecb4d531c0) Importer(815301076,1909f56bfc062723c751e8b465ee728b)  -> (artifact id: 'b28b9d1e7947e934b07509c80861467b') in 0.014532 seconds 
========================================================================
Received Import Request.
  Time since last request: 0.000021 seconds.
  path: Assets/Sprites/ConceptArt/AngryHotDog (1).png
  artifactKey: Guid(6b15e34c7efd4e0439d7ed5fec8e2dc6) Importer(815301076,1909f56bfc062723c751e8b465ee728b)
Start importing Assets/Sprites/ConceptArt/AngryHotDog (1).png using Guid(6b15e34c7efd4e0439d7ed5fec8e2dc6) Importer(815301076,1909f56bfc062723c751e8b465ee728b)  -> (artifact id: '45b10c1b698d1584f422d85a5582b9a3') in 0.012838 seconds 
========================================================================
Received Import Request.
  Time since last request: 0.000024 seconds.
  path: Assets/Sprites/ConceptArt/pear36-32x.png
  artifactKey: Guid(f5507494f79c09544a6c99cb9e597060) Importer(815301076,1909f56bfc062723c751e8b465ee728b)
Start importing Assets/Sprites/ConceptArt/pear36-32x.png using Guid(f5507494f79c09544a6c99cb9e597060) Importer(815301076,1909f56bfc062723c751e8b465ee728b)  -> (artifact id: '3b97964932867c8f622ac54d2b620b66') in 0.011597 seconds 
========================================================================
Received Import Request.
  Time since last request: 0.000025 seconds.
  path: Assets/Sprites/ConceptArt/pastel-color-palette-32x.png
  artifactKey: Guid(feb4806912a2a3440989a0c0277d8290) Importer(815301076,1909f56bfc062723c751e8b465ee728b)
Start importing Assets/Sprites/ConceptArt/pastel-color-palette-32x.png using Guid(feb4806912a2a3440989a0c0277d8290) Importer(815301076,1909f56bfc062723c751e8b465ee728b)  -> (artifact id: 'd45e55f6e81abe6c8ba3457d502cba53') in 0.012001 seconds 
========================================================================
Received Import Request.
  Time since last request: 0.000023 seconds.
  path: Assets/Sprites/ConceptArt/ConrerLeft2.png
  artifactKey: Guid(0b425f1d3927ca744a3d61acf8faeb41) Importer(815301076,1909f56bfc062723c751e8b465ee728b)
Start importing Assets/Sprites/ConceptArt/ConrerLeft2.png using Guid(0b425f1d3927ca744a3d61acf8faeb41) Importer(815301076,1909f56bfc062723c751e8b465ee728b)  -> (artifact id: '73c464cde7119f26458ac8cb90225602') in 0.013076 seconds 
========================================================================
Received Import Request.
  Time since last request: 0.000018 seconds.
  path: Assets/Sprites/ConceptArt/PlayerIdle.png
  artifactKey: Guid(e6391bc1023ebf94ab692334ececf248) Importer(815301076,1909f56bfc062723c751e8b465ee728b)
Start importing Assets/Sprites/ConceptArt/PlayerIdle.png using Guid(e6391bc1023ebf94ab692334ececf248) Importer(815301076,1909f56bfc062723c751e8b465ee728b)  -> (artifact id: 'edfb29d91cdb6becc863f025a8beaf99') in 0.010901 seconds 
========================================================================
Received Import Request.
  Time since last request: 0.000033 seconds.
  path: Assets/Sprites/ConceptArt/Fridge.png
  artifactKey: Guid(8f546f25795f5ee4b96b7234c66de3a2) Importer(815301076,1909f56bfc062723c751e8b465ee728b)
Start importing Assets/Sprites/ConceptArt/Fridge.png using Guid(8f546f25795f5ee4b96b7234c66de3a2) Importer(815301076,1909f56bfc062723c751e8b465ee728b)  -> (artifact id: '23e22c0603b4adb0d12a9fb638af3c46') in 0.010341 seconds 
========================================================================
Received Import Request.
  Time since last request: 0.000033 seconds.
  path: Assets/Sprites/ConceptArt/Dungeon_Tileset.png
  artifactKey: Guid(5cc7113ff0131cb4f97c7d1010958bda) Importer(815301076,1909f56bfc062723c751e8b465ee728b)
Start importing Assets/Sprites/ConceptArt/Dungeon_Tileset.png using Guid(5cc7113ff0131cb4f97c7d1010958bda) Importer(815301076,1909f56bfc062723c751e8b465ee728b)  -> (artifact id: '86cb44d1df95e4d7050d6700508a1172') in 0.013072 seconds 
========================================================================
Received Import Request.
  Time since last request: 0.000020 seconds.
  path: Assets/Sprites/ConceptArt/Layer 4.png
  artifactKey: Guid(1cd946b2be251cb4e81e6c3f88b0c4f8) Importer(815301076,1909f56bfc062723c751e8b465ee728b)
Start importing Assets/Sprites/ConceptArt/Layer 4.png using Guid(1cd946b2be251cb4e81e6c3f88b0c4f8) Importer(815301076,1909f56bfc062723c751e8b465ee728b)  -> (artifact id: '2bbdf547e0d40e9e4f3f405485362c6e') in 0.012136 seconds 
========================================================================
Received Import Request.
  Time since last request: 0.000021 seconds.
  path: Assets/Sprites/ConceptArt/Mushroom2Walking (1).png
  artifactKey: Guid(5455ae33dffea5543b99c42a5a28b8a7) Importer(815301076,1909f56bfc062723c751e8b465ee728b)
Start importing Assets/Sprites/ConceptArt/Mushroom2Walking (1).png using Guid(5455ae33dffea5543b99c42a5a28b8a7) Importer(815301076,1909f56bfc062723c751e8b465ee728b)  -> (artifact id: '834840dd1aa60b5038273913c1191468') in 0.014545 seconds 
========================================================================
Received Import Request.
  Time since last request: 0.245136 seconds.
  path: Assets/Sprites/ConceptArt/RearLeft copy.png
  artifactKey: Guid(be0d0f439066bf94ea8ce4b34007ba1e) Importer(815301076,1909f56bfc062723c751e8b465ee728b)
Start importing Assets/Sprites/ConceptArt/RearLeft copy.png using Guid(be0d0f439066bf94ea8ce4b34007ba1e) Importer(815301076,1909f56bfc062723c751e8b465ee728b)  -> (artifact id: '5959658ef9c09c2c9b2635c40fdc0ac7') in 0.008245 seconds 
========================================================================
Received Import Request.
  Time since last request: 0.000020 seconds.
  path: Assets/Sprites/ConceptArt/WallCorner.png
  artifactKey: Guid(0da64ed5898ce3741accf7a4a5907705) Importer(815301076,1909f56bfc062723c751e8b465ee728b)
Start importing Assets/Sprites/ConceptArt/WallCorner.png using Guid(0da64ed5898ce3741accf7a4a5907705) Importer(815301076,1909f56bfc062723c751e8b465ee728b)  -> (artifact id: 'c4486687d1b8b8cfe2ac8a26481a8117') in 0.011283 seconds 
========================================================================
Received Import Request.
  Time since last request: 0.000020 seconds.
  path: Assets/Sprites/ConceptArt/Steak.png
  artifactKey: Guid(0f393863b94bd024bafa85a1ba3b9f24) Importer(815301076,1909f56bfc062723c751e8b465ee728b)
Start importing Assets/Sprites/ConceptArt/Steak.png using Guid(0f393863b94bd024bafa85a1ba3b9f24) Importer(815301076,1909f56bfc062723c751e8b465ee728b)  -> (artifact id: '7d6b94a3c4387965e3bc4da2f30f6ee5') in 0.011148 seconds 
========================================================================
Received Import Request.
  Time since last request: 0.000017 seconds.
  path: Assets/Sprites/ConceptArt/Utensils.png
  artifactKey: Guid(112b8d86bccd1e34ba55fb5cf5895682) Importer(815301076,1909f56bfc062723c751e8b465ee728b)
Start importing Assets/Sprites/ConceptArt/Utensils.png using Guid(112b8d86bccd1e34ba55fb5cf5895682) Importer(815301076,1909f56bfc062723c751e8b465ee728b)  -> (artifact id: '9f882f968334c2e6af9df511ed77cc05') in 0.012017 seconds 
========================================================================
Received Import Request.
  Time since last request: 0.000019 seconds.
  path: Assets/Sprites/ConceptArt/Stove.png
  artifactKey: Guid(f0da0c37ecca39141ac9f82b7a940942) Importer(815301076,1909f56bfc062723c751e8b465ee728b)
Start importing Assets/Sprites/ConceptArt/Stove.png using Guid(f0da0c37ecca39141ac9f82b7a940942) Importer(815301076,1909f56bfc062723c751e8b465ee728b)  -> (artifact id: '045b6024bbdd77cc35721376319d0077') in 0.009808 seconds 
========================================================================
Received Import Request.
  Time since last request: 0.000023 seconds.
  path: Assets/Sprites/ConceptArt/Wall (2).png
  artifactKey: Guid(fe59c02fbcb5d13409650c9a2c49e645) Importer(815301076,1909f56bfc062723c751e8b465ee728b)
Start importing Assets/Sprites/ConceptArt/Wall (2).png using Guid(fe59c02fbcb5d13409650c9a2c49e645) Importer(815301076,1909f56bfc062723c751e8b465ee728b)  -> (artifact id: '31cea8669e09814d4e587e8135acfa88') in 0.011347 seconds 
========================================================================
Received Import Request.
  Time since last request: 0.000023 seconds.
  path: Assets/Sprites/ConceptArt/walldown.png
  artifactKey: Guid(07d1bcc5cc474d945a796b3c0399ca58) Importer(815301076,1909f56bfc062723c751e8b465ee728b)
Start importing Assets/Sprites/ConceptArt/walldown.png using Guid(07d1bcc5cc474d945a796b3c0399ca58) Importer(815301076,1909f56bfc062723c751e8b465ee728b)  -> (artifact id: '917195f3b7bfaa489b7de3866972eb95') in 0.010046 seconds 
Editor requested this worker to shutdown with reason: Scaling down because of idle timeout
AssetImportWorker is now disconnected from the server
Process exiting
Exiting without the bug reporter. Application will terminate with return code 0