Using pre-set license
Built from '2021.2/staging' branch; Version is '2021.2.3f1 (32358a8527b4) revision 3290506'; Using compiler version '192829333'; Build Type 'Release'
OS: 'Windows 10 Enterprise; OS build 19042.1165; Version 2009; 64bit' Language: 'en' Physical Memory: 32542 MB
BatchMode: 1, IsHumanControllingUs: 0, StartBugReporterOnCrash: 0, Is64bit: 1, IsPro: 0

COMMAND LINE ARGUMENTS:
C:\Program Files\Unity\Hub\Editor\2021.2.3f1\Editor\Unity.exe
-adb2
-batchMode
-noUpm
-name
AssetImportWorker2
-projectPath
D:/Users/KSadowski/Documents/GitHub/Team-Game
-logFile
Logs/AssetImportWorker2.log
-srvPort
61260
Successfully changed project path to: D:/Users/KSadowski/Documents/GitHub/Team-Game
D:/Users/KSadowski/Documents/GitHub/Team-Game
[UnityMemory] Configuration Parameters - Can be set up in boot.config
    "memorysetup-bucket-allocator-granularity=16"
    "memorysetup-bucket-allocator-bucket-count=8"
    "memorysetup-bucket-allocator-block-size=33554432"
    "memorysetup-bucket-allocator-block-count=8"
    "memorysetup-main-allocator-block-size=16777216"
    "memorysetup-thread-allocator-block-size=16777216"
    "memorysetup-gfx-main-allocator-block-size=16777216"
    "memorysetup-gfx-thread-allocator-block-size=16777216"
    "memorysetup-cache-allocator-block-size=4194304"
    "memorysetup-typetree-allocator-block-size=2097152"
    "memorysetup-profiler-bucket-allocator-granularity=16"
    "memorysetup-profiler-bucket-allocator-bucket-count=8"
    "memorysetup-profiler-bucket-allocator-block-size=33554432"
    "memorysetup-profiler-bucket-allocator-block-count=8"
    "memorysetup-profiler-allocator-block-size=16777216"
    "memorysetup-profiler-editor-allocator-block-size=1048576"
    "memorysetup-temp-allocator-size-main=16777216"
    "memorysetup-job-temp-allocator-block-size=2097152"
    "memorysetup-job-temp-allocator-block-size-background=1048576"
    "memorysetup-job-temp-allocator-reduction-small-platforms=262144"
    "memorysetup-temp-allocator-size-background-worker=32768"
    "memorysetup-temp-allocator-size-job-worker=262144"
    "memorysetup-temp-allocator-size-preload-manager=33554432"
    "memorysetup-temp-allocator-size-nav-mesh-worker=65536"
    "memorysetup-temp-allocator-size-audio-worker=65536"
    "memorysetup-temp-allocator-size-cloud-worker=32768"
    "memorysetup-temp-allocator-size-gi-baking-worker=262144"
    "memorysetup-temp-allocator-size-gfx=262144"
Refreshing native plugins compatible for Editor in 101.56 ms, found 4 plugins.
Preloading 0 native plugins for Editor in 0.00 ms.
Initialize engine version: 2021.2.3f1 (32358a8527b4)
[Subsystems] Discovering subsystems at path C:/Program Files/Unity/Hub/Editor/2021.2.3f1/Editor/Data/Resources/UnitySubsystems
[Subsystems] Discovering subsystems at path D:/Users/KSadowski/Documents/GitHub/Team-Game/Assets
GfxDevice: creating device client; threaded=0; jobified=0
Direct3D:
    Version:  Direct3D 11.0 [level 11.1]
    Renderer: NVIDIA GeForce RTX 2070 SUPER (ID=0x1e84)
    Vendor:   NVIDIA
    VRAM:     8011 MB
    Driver:   27.21.14.5749
Initialize mono
Mono path[0] = 'C:/Program Files/Unity/Hub/Editor/2021.2.3f1/Editor/Data/Managed'
Mono path[1] = 'C:/Program Files/Unity/Hub/Editor/2021.2.3f1/Editor/Data/MonoBleedingEdge/lib/mono/unityjit-win32'
Mono config path = 'C:/Program Files/Unity/Hub/Editor/2021.2.3f1/Editor/Data/MonoBleedingEdge/etc'
Using monoOptions --debugger-agent=transport=dt_socket,embedding=1,server=y,suspend=n,address=127.0.0.1:56384
Begin MonoManager ReloadAssembly
Registering precompiled unity dll's ...
Register platform support module: C:/Program Files/Unity/Hub/Editor/2021.2.3f1/Editor/Data/PlaybackEngines/WebGLSupport/UnityEditor.WebGL.Extensions.dll
Register platform support module: C:/Program Files/Unity/Hub/Editor/2021.2.3f1/Editor/Data/PlaybackEngines/WindowsStandaloneSupport/UnityEditor.WindowsStandalone.Extensions.dll
Registered in 0.005325 seconds.
Native extension for WindowsStandalone target not found
Native extension for WebGL target not found
Refreshing native plugins compatible for Editor in 92.28 ms, found 4 plugins.
Preloading 0 native plugins for Editor in 0.00 ms.
Mono: successfully reloaded assembly
- Completed reload, in  0.685 seconds
Domain Reload Profiling:
	ReloadAssembly (685ms)
		BeginReloadAssembly (72ms)
			ExecutionOrderSort (0ms)
			DisableScriptedObjects (0ms)
			BackupInstance (0ms)
			ReleaseScriptingObjects (0ms)
			CreateAndSetChildDomain (1ms)
		EndReloadAssembly (532ms)
			LoadAssemblies (71ms)
			RebuildTransferFunctionScriptingTraits (0ms)
			SetupTypeCache (119ms)
			ReleaseScriptCaches (0ms)
			RebuildScriptCaches (29ms)
			SetupLoadedEditorAssemblies (325ms)
				LogAssemblyErrors (0ms)
				InitializePlatformSupportModulesInManaged (16ms)
				SetLoadedEditorAssemblies (0ms)
				RefreshPlugins (92ms)
				BeforeProcessingInitializeOnLoad (1ms)
				ProcessInitializeOnLoadAttributes (165ms)
				ProcessInitializeOnLoadMethodAttributes (51ms)
				AfterProcessingInitializeOnLoad (0ms)
				EditorAssembliesLoaded (0ms)
			ExecutionOrderSort2 (0ms)
			AwakeInstancesAfterBackupRestoration (0ms)
Platform modules already initialized, skipping
Registering precompiled user dll's ...
Registered in 0.008079 seconds.
Begin MonoManager ReloadAssembly
Symbol file LoadedFromMemory doesn't match image D:\Users\KSadowski\Documents\GitHub\Team-Game\Library\PackageCache\com.unity.visualscripting@1.7.6\Editor\VisualScripting.Core\Dependencies\YamlDotNet\Unity.VisualScripting.YamlDotNet.dll
Symbol file LoadedFromMemory doesn't match image D:\Users\KSadowski\Documents\GitHub\Team-Game\Library\PackageCache\com.unity.visualscripting@1.7.6\Editor\VisualScripting.Core\Dependencies\DotNetZip\Unity.VisualScripting.IonicZip.dll
Native extension for WindowsStandalone target not found
Native extension for WebGL target not found
Refreshing native plugins compatible for Editor in 73.34 ms, found 4 plugins.
Preloading 0 native plugins for Editor in 0.00 ms.
Mono: successfully reloaded assembly
- Completed reload, in  1.487 seconds
Domain Reload Profiling:
	ReloadAssembly (1488ms)
		BeginReloadAssembly (151ms)
			ExecutionOrderSort (0ms)
			DisableScriptedObjects (5ms)
			BackupInstance (0ms)
			ReleaseScriptingObjects (0ms)
			CreateAndSetChildDomain (18ms)
		EndReloadAssembly (1242ms)
			LoadAssemblies (71ms)
			RebuildTransferFunctionScriptingTraits (0ms)
			SetupTypeCache (200ms)
			ReleaseScriptCaches (1ms)
			RebuildScriptCaches (46ms)
			SetupLoadedEditorAssemblies (841ms)
				LogAssemblyErrors (0ms)
				InitializePlatformSupportModulesInManaged (10ms)
				SetLoadedEditorAssemblies (0ms)
				RefreshPlugins (73ms)
				BeforeProcessingInitializeOnLoad (80ms)
				ProcessInitializeOnLoadAttributes (647ms)
				ProcessInitializeOnLoadMethodAttributes (27ms)
				AfterProcessingInitializeOnLoad (4ms)
				EditorAssembliesLoaded (0ms)
			ExecutionOrderSort2 (0ms)
			AwakeInstancesAfterBackupRestoration (5ms)
Platform modules already initialized, skipping
========================================================================
Worker process is ready to serve import requests
Launched and connected shader compiler UnityShaderCompiler.exe after 0.06 seconds
Refreshing native plugins compatible for Editor in 0.66 ms, found 4 plugins.
Preloading 0 native plugins for Editor in 0.00 ms.
Unloading 4083 Unused Serialized files (Serialized files now loaded: 0)
Unloading 49 unused Assets / (1.3 MB). Loaded Objects now: 4531.
Memory consumption went from 162.9 MB to 161.6 MB.
Total: 4.141000 ms (FindLiveObjects: 0.282700 ms CreateObjectMapping: 0.140500 ms MarkObjects: 3.498700 ms  DeleteObjects: 0.218400 ms)

AssetImportParameters requested are different than current active one (requested -> active):
  custom:video-decoder-ogg-theora: a1e56fd34408186e4bbccfd4996cb3dc -> 
  custom:container-muxer-webm: aa71ff27fc2769a1b78a27578f13a17b -> 
  custom:container-demuxer-webm: 4f35f7cbe854078d1ac9338744f61a02 -> 
  custom:video-encoder-webm-vp8: eb34c28f22e8b96e1ab97ce403110664 -> 
  custom:audio-encoder-webm-vorbis: bf7c407c2cedff20999df2af8eb42d56 -> 
  custom:framework-win-MediaFoundation: 216162199b28c13a410421893ffa2e32 -> 
  custom:container-demuxer-ogg: 62fdf1f143b41e24485cea50d1cbac27 -> 
  custom:video-decoder-webm-vp8: 9c59270c3fd7afecdb556c50c9e8de78 -> 
  custom:audio-decoder-ogg-vorbis: bf7c407c2cedff20999df2af8eb42d56 -> 
========================================================================
Received Import Request.
  Time since last request: 7866777.482850 seconds.
  path: Assets/Prefabs/Enemies/AngryCarrot.prefab
  artifactKey: Guid(fb7f02e9d5b66aa4096bbbd4412ad218) Importer(815301076,1909f56bfc062723c751e8b465ee728b)
Start importing Assets/Prefabs/Enemies/AngryCarrot.prefab using Guid(fb7f02e9d5b66aa4096bbbd4412ad218) Importer(815301076,1909f56bfc062723c751e8b465ee728b)  -> (artifact id: '65e5541918517ee178847d71fec02017') in 0.048230 seconds 
========================================================================
Received Import Request.
  Time since last request: 1.539999 seconds.
  path: Assets/Prefabs/Enemies/AngryCarrot.prefab
  artifactKey: Guid(fb7f02e9d5b66aa4096bbbd4412ad218) Importer(815301076,1909f56bfc062723c751e8b465ee728b)
Start importing Assets/Prefabs/Enemies/AngryCarrot.prefab using Guid(fb7f02e9d5b66aa4096bbbd4412ad218) Importer(815301076,1909f56bfc062723c751e8b465ee728b)  -> (artifact id: 'ab561f123c197d0a1a14017c1ae6446c') in 0.005374 seconds 
========================================================================
Received Import Request.
  Time since last request: 6.238557 seconds.
  path: Assets/Prefabs/Enemies/AngryCarrot.prefab
  artifactKey: Guid(fb7f02e9d5b66aa4096bbbd4412ad218) Importer(815301076,1909f56bfc062723c751e8b465ee728b)
Start importing Assets/Prefabs/Enemies/AngryCarrot.prefab using Guid(fb7f02e9d5b66aa4096bbbd4412ad218) Importer(815301076,1909f56bfc062723c751e8b465ee728b)  -> (artifact id: 'd46d2547706e55eea932315c5d8c6235') in 0.005562 seconds 
========================================================================
Received Import Request.
  Time since last request: 2.218150 seconds.
  path: Assets/Prefabs/Enemies/AngryCarrot.prefab
  artifactKey: Guid(fb7f02e9d5b66aa4096bbbd4412ad218) Importer(815301076,1909f56bfc062723c751e8b465ee728b)
Start importing Assets/Prefabs/Enemies/AngryCarrot.prefab using Guid(fb7f02e9d5b66aa4096bbbd4412ad218) Importer(815301076,1909f56bfc062723c751e8b465ee728b)  -> (artifact id: 'a8dacdad55dda2e72aec54a8e8e2931f') in 0.007501 seconds 
========================================================================
Received Import Request.
  Time since last request: 3.404970 seconds.
  path: Assets/Prefabs/Enemies/AngryCarrot.prefab
  artifactKey: Guid(fb7f02e9d5b66aa4096bbbd4412ad218) Importer(815301076,1909f56bfc062723c751e8b465ee728b)
Start importing Assets/Prefabs/Enemies/AngryCarrot.prefab using Guid(fb7f02e9d5b66aa4096bbbd4412ad218) Importer(815301076,1909f56bfc062723c751e8b465ee728b)  -> (artifact id: '3eaa54b91e053b8f11baed42cca73498') in 0.005647 seconds 
========================================================================
Received Prepare
Registering precompiled user dll's ...
Registered in 0.005649 seconds.
Begin MonoManager ReloadAssembly
Symbol file LoadedFromMemory doesn't match image D:\Users\KSadowski\Documents\GitHub\Team-Game\Library\PackageCache\com.unity.visualscripting@1.7.6\Editor\VisualScripting.Core\Dependencies\YamlDotNet\Unity.VisualScripting.YamlDotNet.dll
Symbol file LoadedFromMemory doesn't match image D:\Users\KSadowski\Documents\GitHub\Team-Game\Library\PackageCache\com.unity.visualscripting@1.7.6\Editor\VisualScripting.Core\Dependencies\DotNetZip\Unity.VisualScripting.IonicZip.dll
Native extension for WindowsStandalone target not found
Native extension for WebGL target not found
Refreshing native plugins compatible for Editor in 0.92 ms, found 4 plugins.
Preloading 0 native plugins for Editor in 0.00 ms.
Mono: successfully reloaded assembly
- Completed reload, in  1.173 seconds
Domain Reload Profiling:
	ReloadAssembly (1174ms)
		BeginReloadAssembly (115ms)
			ExecutionOrderSort (0ms)
			DisableScriptedObjects (6ms)
			BackupInstance (0ms)
			ReleaseScriptingObjects (0ms)
			CreateAndSetChildDomain (35ms)
		EndReloadAssembly (980ms)
			LoadAssemblies (69ms)
			RebuildTransferFunctionScriptingTraits (0ms)
			SetupTypeCache (212ms)
			ReleaseScriptCaches (2ms)
			RebuildScriptCaches (51ms)
			SetupLoadedEditorAssemblies (491ms)
				LogAssemblyErrors (0ms)
				InitializePlatformSupportModulesInManaged (15ms)
				SetLoadedEditorAssemblies (0ms)
				RefreshPlugins (1ms)
				BeforeProcessingInitializeOnLoad (83ms)
				ProcessInitializeOnLoadAttributes (351ms)
				ProcessInitializeOnLoadMethodAttributes (35ms)
				AfterProcessingInitializeOnLoad (6ms)
				EditorAssembliesLoaded (0ms)
			ExecutionOrderSort2 (0ms)
			AwakeInstancesAfterBackupRestoration (8ms)
Platform modules already initialized, skipping
Refreshing native plugins compatible for Editor in 1.23 ms, found 4 plugins.
Preloading 0 native plugins for Editor in 0.00 ms.
Unloading 4044 Unused Serialized files (Serialized files now loaded: 0)
Unloading 38 unused Assets / (1.2 MB). Loaded Objects now: 4533.
Memory consumption went from 159.4 MB to 158.2 MB.
Total: 3.270700 ms (FindLiveObjects: 0.297200 ms CreateObjectMapping: 0.243300 ms MarkObjects: 2.562900 ms  DeleteObjects: 0.166300 ms)

AssetImportParameters requested are different than current active one (requested -> active):
  custom:video-decoder-ogg-theora: a1e56fd34408186e4bbccfd4996cb3dc -> 
  custom:container-muxer-webm: aa71ff27fc2769a1b78a27578f13a17b -> 
  custom:container-demuxer-webm: 4f35f7cbe854078d1ac9338744f61a02 -> 
  custom:video-encoder-webm-vp8: eb34c28f22e8b96e1ab97ce403110664 -> 
  custom:audio-encoder-webm-vorbis: bf7c407c2cedff20999df2af8eb42d56 -> 
  custom:framework-win-MediaFoundation: 216162199b28c13a410421893ffa2e32 -> 
  custom:container-demuxer-ogg: 62fdf1f143b41e24485cea50d1cbac27 -> 
  custom:video-decoder-webm-vp8: 9c59270c3fd7afecdb556c50c9e8de78 -> 
  custom:audio-decoder-ogg-vorbis: bf7c407c2cedff20999df2af8eb42d56 -> 
========================================================================
Received Import Request.
  Time since last request: 115.945145 seconds.
  path: Assets/Prefabs/Enemies/AngryCarrot.prefab
  artifactKey: Guid(fb7f02e9d5b66aa4096bbbd4412ad218) Importer(815301076,1909f56bfc062723c751e8b465ee728b)
Start importing Assets/Prefabs/Enemies/AngryCarrot.prefab using Guid(fb7f02e9d5b66aa4096bbbd4412ad218) Importer(815301076,1909f56bfc062723c751e8b465ee728b)  -> (artifact id: '0ddb168cf9c36c177f661622c1cff1ac') in 0.032678 seconds 
========================================================================
Received Import Request.
  Time since last request: 7.931048 seconds.
  path: Assets/Prefabs/Enemies/AngryCarrot.prefab
  artifactKey: Guid(fb7f02e9d5b66aa4096bbbd4412ad218) Importer(815301076,1909f56bfc062723c751e8b465ee728b)
Start importing Assets/Prefabs/Enemies/AngryCarrot.prefab using Guid(fb7f02e9d5b66aa4096bbbd4412ad218) Importer(815301076,1909f56bfc062723c751e8b465ee728b)  -> (artifact id: 'b73e51f350c393fa24462c8388828623') in 0.006162 seconds 
========================================================================
Received Import Request.
  Time since last request: 39.911704 seconds.
  path: Assets/Prefabs/Enemies/AngryCarrot.prefab
  artifactKey: Guid(fb7f02e9d5b66aa4096bbbd4412ad218) Importer(815301076,1909f56bfc062723c751e8b465ee728b)
Start importing Assets/Prefabs/Enemies/AngryCarrot.prefab using Guid(fb7f02e9d5b66aa4096bbbd4412ad218) Importer(815301076,1909f56bfc062723c751e8b465ee728b)  -> (artifact id: 'a38eb82167d25112b3eb489374423b4c') in 0.005976 seconds 
========================================================================
Received Import Request.
  Time since last request: 2.043342 seconds.
  path: Assets/Sprites/Items/Throwing axe.psd
  artifactKey: Guid(580450bda0c083a409366d5d6590da14) Importer(815301076,1909f56bfc062723c751e8b465ee728b)
Start importing Assets/Sprites/Items/Throwing axe.psd using Guid(580450bda0c083a409366d5d6590da14) Importer(815301076,1909f56bfc062723c751e8b465ee728b)  -> (artifact id: '421c0be1fec9ca810a03eddf47881438') in 0.092004 seconds 
========================================================================
Received Import Request.
  Time since last request: 0.300361 seconds.
  path: Assets/Sprites/Environment/TileMap.psd
  artifactKey: Guid(1008c2b363e95dd489cf4c59e41a17c2) Importer(815301076,1909f56bfc062723c751e8b465ee728b)
Start importing Assets/Sprites/Environment/TileMap.psd using Guid(1008c2b363e95dd489cf4c59e41a17c2) Importer(815301076,1909f56bfc062723c751e8b465ee728b)  -> (artifact id: 'de23b878ea9aa159c8bf519adef800ae') in 0.139840 seconds 
========================================================================
Received Import Request.
  Time since last request: 2.932072 seconds.
  path: Assets/Prefabs/Enemies/AngryCarrot.prefab
  artifactKey: Guid(fb7f02e9d5b66aa4096bbbd4412ad218) Importer(815301076,1909f56bfc062723c751e8b465ee728b)
Start importing Assets/Prefabs/Enemies/AngryCarrot.prefab using Guid(fb7f02e9d5b66aa4096bbbd4412ad218) Importer(815301076,1909f56bfc062723c751e8b465ee728b)  -> (artifact id: '26b4742bd8ac1bc7e05eb70c7df12e5f') in 0.005728 seconds 
========================================================================
Received Import Request.
  Time since last request: 3.387818 seconds.
  path: Assets/Prefabs/Enemies/AngryCarrot.prefab
  artifactKey: Guid(fb7f02e9d5b66aa4096bbbd4412ad218) Importer(815301076,1909f56bfc062723c751e8b465ee728b)
Start importing Assets/Prefabs/Enemies/AngryCarrot.prefab using Guid(fb7f02e9d5b66aa4096bbbd4412ad218) Importer(815301076,1909f56bfc062723c751e8b465ee728b)  -> (artifact id: '12055d55a4b2afe05287eef4751f1779') in 0.005335 seconds 
========================================================================
Received Import Request.
  Time since last request: 4.399114 seconds.
  path: Assets/Prefabs/Enemies/AngryCarrot.prefab
  artifactKey: Guid(fb7f02e9d5b66aa4096bbbd4412ad218) Importer(815301076,1909f56bfc062723c751e8b465ee728b)
Start importing Assets/Prefabs/Enemies/AngryCarrot.prefab using Guid(fb7f02e9d5b66aa4096bbbd4412ad218) Importer(815301076,1909f56bfc062723c751e8b465ee728b)  -> (artifact id: '4fd361445a37c9d6f4fc7b4d78dc583e') in 0.006022 seconds 
========================================================================
Received Import Request.
  Time since last request: 16.484382 seconds.
  path: Assets/Prefabs/Enemies/AngryCarrot.prefab
  artifactKey: Guid(fb7f02e9d5b66aa4096bbbd4412ad218) Importer(815301076,1909f56bfc062723c751e8b465ee728b)
Start importing Assets/Prefabs/Enemies/AngryCarrot.prefab using Guid(fb7f02e9d5b66aa4096bbbd4412ad218) Importer(815301076,1909f56bfc062723c751e8b465ee728b)  -> (artifact id: '55037a1eef4837ad69f42086992aed02') in 0.005432 seconds 
========================================================================
Received Import Request.
  Time since last request: 3.143798 seconds.
  path: Assets/Prefabs/Enemies/AngryCarrot.prefab
  artifactKey: Guid(fb7f02e9d5b66aa4096bbbd4412ad218) Importer(815301076,1909f56bfc062723c751e8b465ee728b)
Start importing Assets/Prefabs/Enemies/AngryCarrot.prefab using Guid(fb7f02e9d5b66aa4096bbbd4412ad218) Importer(815301076,1909f56bfc062723c751e8b465ee728b)  -> (artifact id: 'e66400263df3caefce0bfe81fc08260a') in 0.005408 seconds 
========================================================================
Received Import Request.
  Time since last request: 5.736282 seconds.
  path: Assets/Prefabs/Enemies/AngryCarrot.prefab
  artifactKey: Guid(fb7f02e9d5b66aa4096bbbd4412ad218) Importer(815301076,1909f56bfc062723c751e8b465ee728b)
Start importing Assets/Prefabs/Enemies/AngryCarrot.prefab using Guid(fb7f02e9d5b66aa4096bbbd4412ad218) Importer(815301076,1909f56bfc062723c751e8b465ee728b)  -> (artifact id: '37f5c1a5eeedc534049b375bf94acb1c') in 0.005476 seconds 
========================================================================
Received Prepare
Registering precompiled user dll's ...
Registered in 0.005742 seconds.
Begin MonoManager ReloadAssembly
Symbol file LoadedFromMemory doesn't match image D:\Users\KSadowski\Documents\GitHub\Team-Game\Library\PackageCache\com.unity.visualscripting@1.7.6\Editor\VisualScripting.Core\Dependencies\YamlDotNet\Unity.VisualScripting.YamlDotNet.dll
Symbol file LoadedFromMemory doesn't match image D:\Users\KSadowski\Documents\GitHub\Team-Game\Library\PackageCache\com.unity.visualscripting@1.7.6\Editor\VisualScripting.Core\Dependencies\DotNetZip\Unity.VisualScripting.IonicZip.dll
Native extension for WindowsStandalone target not found
Native extension for WebGL target not found
Refreshing native plugins compatible for Editor in 0.93 ms, found 4 plugins.
Preloading 0 native plugins for Editor in 0.00 ms.
Mono: successfully reloaded assembly
- Completed reload, in  1.203 seconds
Domain Reload Profiling:
	ReloadAssembly (1204ms)
		BeginReloadAssembly (121ms)
			ExecutionOrderSort (0ms)
			DisableScriptedObjects (6ms)
			BackupInstance (0ms)
			ReleaseScriptingObjects (0ms)
			CreateAndSetChildDomain (35ms)
		EndReloadAssembly (1002ms)
			LoadAssemblies (66ms)
			RebuildTransferFunctionScriptingTraits (0ms)
			SetupTypeCache (242ms)
			ReleaseScriptCaches (1ms)
			RebuildScriptCaches (60ms)
			SetupLoadedEditorAssemblies (454ms)
				LogAssemblyErrors (0ms)
				InitializePlatformSupportModulesInManaged (13ms)
				SetLoadedEditorAssemblies (0ms)
				RefreshPlugins (1ms)
				BeforeProcessingInitializeOnLoad (77ms)
				ProcessInitializeOnLoadAttributes (325ms)
				ProcessInitializeOnLoadMethodAttributes (33ms)
				AfterProcessingInitializeOnLoad (4ms)
				EditorAssembliesLoaded (0ms)
			ExecutionOrderSort2 (0ms)
			AwakeInstancesAfterBackupRestoration (9ms)
Platform modules already initialized, skipping
Refreshing native plugins compatible for Editor in 1.11 ms, found 4 plugins.
Preloading 0 native plugins for Editor in 0.00 ms.
Unloading 4046 Unused Serialized files (Serialized files now loaded: 0)
Unloading 40 unused Assets / (1.2 MB). Loaded Objects now: 4575.
Memory consumption went from 165.8 MB to 164.5 MB.
Total: 3.432000 ms (FindLiveObjects: 0.368000 ms CreateObjectMapping: 0.261600 ms MarkObjects: 2.617300 ms  DeleteObjects: 0.184000 ms)

AssetImportParameters requested are different than current active one (requested -> active):
  custom:video-decoder-ogg-theora: a1e56fd34408186e4bbccfd4996cb3dc -> 
  custom:container-muxer-webm: aa71ff27fc2769a1b78a27578f13a17b -> 
  custom:container-demuxer-webm: 4f35f7cbe854078d1ac9338744f61a02 -> 
  custom:video-encoder-webm-vp8: eb34c28f22e8b96e1ab97ce403110664 -> 
  custom:audio-encoder-webm-vorbis: bf7c407c2cedff20999df2af8eb42d56 -> 
  custom:framework-win-MediaFoundation: 216162199b28c13a410421893ffa2e32 -> 
  custom:container-demuxer-ogg: 62fdf1f143b41e24485cea50d1cbac27 -> 
  custom:video-decoder-webm-vp8: 9c59270c3fd7afecdb556c50c9e8de78 -> 
  custom:audio-decoder-ogg-vorbis: bf7c407c2cedff20999df2af8eb42d56 -> 
========================================================================
Received Import Request.
  Time since last request: 124.359205 seconds.
  path: Assets/Scenes/MainMenu.unity
  artifactKey: Guid(9baad3a9283f62041a670aa00f4dd848) Importer(815301076,1909f56bfc062723c751e8b465ee728b)
Start importing Assets/Scenes/MainMenu.unity using Guid(9baad3a9283f62041a670aa00f4dd848) Importer(815301076,1909f56bfc062723c751e8b465ee728b)  -> (artifact id: '9739be952665734bdbb9861d50e4e831') in 0.016623 seconds 
========================================================================
Received Prepare
Registering precompiled user dll's ...
Registered in 0.005476 seconds.
Begin MonoManager ReloadAssembly
Symbol file LoadedFromMemory doesn't match image D:\Users\KSadowski\Documents\GitHub\Team-Game\Library\PackageCache\com.unity.visualscripting@1.7.6\Editor\VisualScripting.Core\Dependencies\YamlDotNet\Unity.VisualScripting.YamlDotNet.dll
Symbol file LoadedFromMemory doesn't match image D:\Users\KSadowski\Documents\GitHub\Team-Game\Library\PackageCache\com.unity.visualscripting@1.7.6\Editor\VisualScripting.Core\Dependencies\DotNetZip\Unity.VisualScripting.IonicZip.dll
Native extension for WindowsStandalone target not found
Native extension for WebGL target not found
Refreshing native plugins compatible for Editor in 0.78 ms, found 4 plugins.
Preloading 0 native plugins for Editor in 0.00 ms.
Mono: successfully reloaded assembly
- Completed reload, in  1.198 seconds
Domain Reload Profiling:
	ReloadAssembly (1199ms)
		BeginReloadAssembly (118ms)
			ExecutionOrderSort (0ms)
			DisableScriptedObjects (7ms)
			BackupInstance (0ms)
			ReleaseScriptingObjects (0ms)
			CreateAndSetChildDomain (34ms)
		EndReloadAssembly (1000ms)
			LoadAssemblies (62ms)
			RebuildTransferFunctionScriptingTraits (0ms)
			SetupTypeCache (232ms)
			ReleaseScriptCaches (2ms)
			RebuildScriptCaches (68ms)
			SetupLoadedEditorAssemblies (483ms)
				LogAssemblyErrors (0ms)
				InitializePlatformSupportModulesInManaged (12ms)
				SetLoadedEditorAssemblies (1ms)
				RefreshPlugins (1ms)
				BeforeProcessingInitializeOnLoad (82ms)
				ProcessInitializeOnLoadAttributes (345ms)
				ProcessInitializeOnLoadMethodAttributes (36ms)
				AfterProcessingInitializeOnLoad (6ms)
				EditorAssembliesLoaded (0ms)
			ExecutionOrderSort2 (0ms)
			AwakeInstancesAfterBackupRestoration (12ms)
Platform modules already initialized, skipping
Refreshing native plugins compatible for Editor in 0.74 ms, found 4 plugins.
Preloading 0 native plugins for Editor in 0.00 ms.
Unloading 4044 Unused Serialized files (Serialized files now loaded: 0)
Unloading 38 unused Assets / (1.2 MB). Loaded Objects now: 4577.
Memory consumption went from 165.7 MB to 164.5 MB.
Total: 4.044700 ms (FindLiveObjects: 0.331100 ms CreateObjectMapping: 0.221200 ms MarkObjects: 3.227700 ms  DeleteObjects: 0.263800 ms)

AssetImportParameters requested are different than current active one (requested -> active):
  custom:video-decoder-ogg-theora: a1e56fd34408186e4bbccfd4996cb3dc -> 
  custom:container-muxer-webm: aa71ff27fc2769a1b78a27578f13a17b -> 
  custom:container-demuxer-webm: 4f35f7cbe854078d1ac9338744f61a02 -> 
  custom:video-encoder-webm-vp8: eb34c28f22e8b96e1ab97ce403110664 -> 
  custom:audio-encoder-webm-vorbis: bf7c407c2cedff20999df2af8eb42d56 -> 
  custom:framework-win-MediaFoundation: 216162199b28c13a410421893ffa2e32 -> 
  custom:container-demuxer-ogg: 62fdf1f143b41e24485cea50d1cbac27 -> 
  custom:video-decoder-webm-vp8: 9c59270c3fd7afecdb556c50c9e8de78 -> 
  custom:audio-decoder-ogg-vorbis: bf7c407c2cedff20999df2af8eb42d56 -> 
========================================================================
Received Import Request.
  Time since last request: 49.274678 seconds.
  path: Assets/Prefabs/Map.prefab
  artifactKey: Guid(319c75953d10d4849aec83063b67d527) Importer(815301076,1909f56bfc062723c751e8b465ee728b)
Start importing Assets/Prefabs/Map.prefab using Guid(319c75953d10d4849aec83063b67d527) Importer(815301076,1909f56bfc062723c751e8b465ee728b)  -> (artifact id: 'edca85c293c17a08bd88f8238e2f3191') in 0.072640 seconds 
========================================================================
Received Import Request.
  Time since last request: 2.478070 seconds.
  path: Assets/Prefabs/Level Commons/Crosshair.prefab
  artifactKey: Guid(6f09f4618c3b58e468b77ffe9273a2cb) Importer(815301076,1909f56bfc062723c751e8b465ee728b)
Start importing Assets/Prefabs/Level Commons/Crosshair.prefab using Guid(6f09f4618c3b58e468b77ffe9273a2cb) Importer(815301076,1909f56bfc062723c751e8b465ee728b)  -> (artifact id: 'c2c0d8585d469a2618f68ff955316503') in 0.012858 seconds 
========================================================================
Received Import Request.
  Time since last request: 0.000012 seconds.
  path: Assets/Prefabs/Level Commons/Main Camera.prefab
  artifactKey: Guid(da669556b0da6f74aad878ea96fc7724) Importer(815301076,1909f56bfc062723c751e8b465ee728b)
Start importing Assets/Prefabs/Level Commons/Main Camera.prefab using Guid(da669556b0da6f74aad878ea96fc7724) Importer(815301076,1909f56bfc062723c751e8b465ee728b)  -> (artifact id: '8c19c02b50293e4db46b437a1b1f24bd') in 0.057459 seconds 
========================================================================
Received Import Request.
  Time since last request: 7.075169 seconds.
  path: Assets/Prefabs/Level Commons/Main Camera.prefab
  artifactKey: Guid(da669556b0da6f74aad878ea96fc7724) Importer(815301076,1909f56bfc062723c751e8b465ee728b)
Start importing Assets/Prefabs/Level Commons/Main Camera.prefab using Guid(da669556b0da6f74aad878ea96fc7724) Importer(815301076,1909f56bfc062723c751e8b465ee728b)  -> (artifact id: '5bc35b1817a33965d7e21da4df1cd74c') in 0.023072 seconds 
========================================================================
Received Import Request.
  Time since last request: 3.825853 seconds.
  path: Assets/Prefabs/Level Commons/Main Camera.prefab
  artifactKey: Guid(da669556b0da6f74aad878ea96fc7724) Importer(815301076,1909f56bfc062723c751e8b465ee728b)
Start importing Assets/Prefabs/Level Commons/Main Camera.prefab using Guid(da669556b0da6f74aad878ea96fc7724) Importer(815301076,1909f56bfc062723c751e8b465ee728b)  -> (artifact id: 'fb26877d92657df55a106840792462cc') in 0.024865 seconds 
========================================================================
Received Prepare
Registering precompiled user dll's ...
Registered in 0.006059 seconds.
Begin MonoManager ReloadAssembly
Symbol file LoadedFromMemory doesn't match image D:\Users\KSadowski\Documents\GitHub\Team-Game\Library\PackageCache\com.unity.visualscripting@1.7.6\Editor\VisualScripting.Core\Dependencies\YamlDotNet\Unity.VisualScripting.YamlDotNet.dll
Symbol file LoadedFromMemory doesn't match image D:\Users\KSadowski\Documents\GitHub\Team-Game\Library\PackageCache\com.unity.visualscripting@1.7.6\Editor\VisualScripting.Core\Dependencies\DotNetZip\Unity.VisualScripting.IonicZip.dll
Native extension for WindowsStandalone target not found
Native extension for WebGL target not found
Refreshing native plugins compatible for Editor in 0.83 ms, found 4 plugins.
Preloading 0 native plugins for Editor in 0.00 ms.
Mono: successfully reloaded assembly
- Completed reload, in  1.165 seconds
Domain Reload Profiling:
	ReloadAssembly (1166ms)
		BeginReloadAssembly (101ms)
			ExecutionOrderSort (0ms)
			DisableScriptedObjects (5ms)
			BackupInstance (0ms)
			ReleaseScriptingObjects (0ms)
			CreateAndSetChildDomain (32ms)
		EndReloadAssembly (987ms)
			LoadAssemblies (64ms)
			RebuildTransferFunctionScriptingTraits (0ms)
			SetupTypeCache (196ms)
			ReleaseScriptCaches (1ms)
			RebuildScriptCaches (54ms)
			SetupLoadedEditorAssemblies (482ms)
				LogAssemblyErrors (0ms)
				InitializePlatformSupportModulesInManaged (12ms)
				SetLoadedEditorAssemblies (0ms)
				RefreshPlugins (1ms)
				BeforeProcessingInitializeOnLoad (79ms)
				ProcessInitializeOnLoadAttributes (340ms)
				ProcessInitializeOnLoadMethodAttributes (42ms)
				AfterProcessingInitializeOnLoad (7ms)
				EditorAssembliesLoaded (0ms)
			ExecutionOrderSort2 (0ms)
			AwakeInstancesAfterBackupRestoration (13ms)
Platform modules already initialized, skipping
Refreshing native plugins compatible for Editor in 0.70 ms, found 4 plugins.
Preloading 0 native plugins for Editor in 0.00 ms.
Unloading 4044 Unused Serialized files (Serialized files now loaded: 0)
Unloading 40 unused Assets / (1.2 MB). Loaded Objects now: 4582.
Memory consumption went from 165.8 MB to 164.6 MB.
Total: 3.992000 ms (FindLiveObjects: 0.349800 ms CreateObjectMapping: 0.397400 ms MarkObjects: 2.880800 ms  DeleteObjects: 0.362900 ms)

AssetImportParameters requested are different than current active one (requested -> active):
  custom:video-decoder-ogg-theora: a1e56fd34408186e4bbccfd4996cb3dc -> 
  custom:container-muxer-webm: aa71ff27fc2769a1b78a27578f13a17b -> 
  custom:container-demuxer-webm: 4f35f7cbe854078d1ac9338744f61a02 -> 
  custom:video-encoder-webm-vp8: eb34c28f22e8b96e1ab97ce403110664 -> 
  custom:audio-encoder-webm-vorbis: bf7c407c2cedff20999df2af8eb42d56 -> 
  custom:framework-win-MediaFoundation: 216162199b28c13a410421893ffa2e32 -> 
  custom:container-demuxer-ogg: 62fdf1f143b41e24485cea50d1cbac27 -> 
  custom:video-decoder-webm-vp8: 9c59270c3fd7afecdb556c50c9e8de78 -> 
  custom:audio-decoder-ogg-vorbis: bf7c407c2cedff20999df2af8eb42d56 -> 
========================================================================
Received Import Request.
  Time since last request: 191.449805 seconds.
  path: Assets/Prefabs/Enemies/AngryCarrot.prefab
  artifactKey: Guid(fb7f02e9d5b66aa4096bbbd4412ad218) Importer(815301076,1909f56bfc062723c751e8b465ee728b)
Start importing Assets/Prefabs/Enemies/AngryCarrot.prefab using Guid(fb7f02e9d5b66aa4096bbbd4412ad218) Importer(815301076,1909f56bfc062723c751e8b465ee728b)  -> (artifact id: '833b1ab96390e758a09774572d281bae') in 0.031962 seconds 
========================================================================
Received Import Request.
  Time since last request: 7.175545 seconds.
  path: Assets/Prefabs/Enemies/AngryCarrot.prefab
  artifactKey: Guid(fb7f02e9d5b66aa4096bbbd4412ad218) Importer(815301076,1909f56bfc062723c751e8b465ee728b)
Start importing Assets/Prefabs/Enemies/AngryCarrot.prefab using Guid(fb7f02e9d5b66aa4096bbbd4412ad218) Importer(815301076,1909f56bfc062723c751e8b465ee728b)  -> (artifact id: '83b6fdf24df5f1e66ffe1a80f7df27d3') in 0.005536 seconds 
========================================================================
Received Import Request.
  Time since last request: 4.421583 seconds.
  path: Assets/Prefabs/Enemies/AngryCarrot.prefab
  artifactKey: Guid(fb7f02e9d5b66aa4096bbbd4412ad218) Importer(815301076,1909f56bfc062723c751e8b465ee728b)
Start importing Assets/Prefabs/Enemies/AngryCarrot.prefab using Guid(fb7f02e9d5b66aa4096bbbd4412ad218) Importer(815301076,1909f56bfc062723c751e8b465ee728b)  -> (artifact id: 'fee8f561f5200f590e05466acc490f3c') in 0.005546 seconds 
========================================================================
Received Import Request.
  Time since last request: 3.413807 seconds.
  path: Assets/Prefabs/Enemies/AngryCarrot.prefab
  artifactKey: Guid(fb7f02e9d5b66aa4096bbbd4412ad218) Importer(815301076,1909f56bfc062723c751e8b465ee728b)
Start importing Assets/Prefabs/Enemies/AngryCarrot.prefab using Guid(fb7f02e9d5b66aa4096bbbd4412ad218) Importer(815301076,1909f56bfc062723c751e8b465ee728b)  -> (artifact id: '6e6a2a5a720687d5f8b0ab9cf43e40f0') in 0.005511 seconds 
========================================================================
Received Prepare
Registering precompiled user dll's ...
Registered in 0.005388 seconds.
Begin MonoManager ReloadAssembly
Symbol file LoadedFromMemory doesn't match image D:\Users\KSadowski\Documents\GitHub\Team-Game\Library\PackageCache\com.unity.visualscripting@1.7.6\Editor\VisualScripting.Core\Dependencies\YamlDotNet\Unity.VisualScripting.YamlDotNet.dll
Symbol file LoadedFromMemory doesn't match image D:\Users\KSadowski\Documents\GitHub\Team-Game\Library\PackageCache\com.unity.visualscripting@1.7.6\Editor\VisualScripting.Core\Dependencies\DotNetZip\Unity.VisualScripting.IonicZip.dll
Native extension for WindowsStandalone target not found
Native extension for WebGL target not found
Refreshing native plugins compatible for Editor in 0.75 ms, found 4 plugins.
Preloading 0 native plugins for Editor in 0.00 ms.
Mono: successfully reloaded assembly
- Completed reload, in  1.140 seconds
Domain Reload Profiling:
	ReloadAssembly (1140ms)
		BeginReloadAssembly (106ms)
			ExecutionOrderSort (0ms)
			DisableScriptedObjects (6ms)
			BackupInstance (0ms)
			ReleaseScriptingObjects (0ms)
			CreateAndSetChildDomain (31ms)
		EndReloadAssembly (955ms)
			LoadAssemblies (67ms)
			RebuildTransferFunctionScriptingTraits (0ms)
			SetupTypeCache (202ms)
			ReleaseScriptCaches (2ms)
			RebuildScriptCaches (52ms)
			SetupLoadedEditorAssemblies (487ms)
				LogAssemblyErrors (0ms)
				InitializePlatformSupportModulesInManaged (15ms)
				SetLoadedEditorAssemblies (1ms)
				RefreshPlugins (1ms)
				BeforeProcessingInitializeOnLoad (79ms)
				ProcessInitializeOnLoadAttributes (346ms)
				ProcessInitializeOnLoadMethodAttributes (39ms)
				AfterProcessingInitializeOnLoad (6ms)
				EditorAssembliesLoaded (0ms)
			ExecutionOrderSort2 (0ms)
			AwakeInstancesAfterBackupRestoration (15ms)
Platform modules already initialized, skipping
Refreshing native plugins compatible for Editor in 1.51 ms, found 4 plugins.
Preloading 0 native plugins for Editor in 0.00 ms.
Unloading 4044 Unused Serialized files (Serialized files now loaded: 0)
Unloading 39 unused Assets / (1.2 MB). Loaded Objects now: 4584.
Memory consumption went from 165.8 MB to 164.6 MB.
Total: 5.417700 ms (FindLiveObjects: 0.385700 ms CreateObjectMapping: 0.341200 ms MarkObjects: 4.402200 ms  DeleteObjects: 0.288000 ms)

AssetImportParameters requested are different than current active one (requested -> active):
  custom:video-decoder-ogg-theora: a1e56fd34408186e4bbccfd4996cb3dc -> 
  custom:container-muxer-webm: aa71ff27fc2769a1b78a27578f13a17b -> 
  custom:container-demuxer-webm: 4f35f7cbe854078d1ac9338744f61a02 -> 
  custom:video-encoder-webm-vp8: eb34c28f22e8b96e1ab97ce403110664 -> 
  custom:audio-encoder-webm-vorbis: bf7c407c2cedff20999df2af8eb42d56 -> 
  custom:framework-win-MediaFoundation: 216162199b28c13a410421893ffa2e32 -> 
  custom:container-demuxer-ogg: 62fdf1f143b41e24485cea50d1cbac27 -> 
  custom:video-decoder-webm-vp8: 9c59270c3fd7afecdb556c50c9e8de78 -> 
  custom:audio-decoder-ogg-vorbis: bf7c407c2cedff20999df2af8eb42d56 -> 
========================================================================
Received Import Request.
  Time since last request: 22.386437 seconds.
  path: Assets/Prefabs/Enemies/AngryCarrot.prefab
  artifactKey: Guid(fb7f02e9d5b66aa4096bbbd4412ad218) Importer(815301076,1909f56bfc062723c751e8b465ee728b)
Start importing Assets/Prefabs/Enemies/AngryCarrot.prefab using Guid(fb7f02e9d5b66aa4096bbbd4412ad218) Importer(815301076,1909f56bfc062723c751e8b465ee728b)  -> (artifact id: 'dc353995d462f686ed8b1749ba2004d5') in 0.030595 seconds 
========================================================================
Received Prepare
Registering precompiled user dll's ...
Registered in 0.005432 seconds.
Begin MonoManager ReloadAssembly
Symbol file LoadedFromMemory doesn't match image D:\Users\KSadowski\Documents\GitHub\Team-Game\Library\PackageCache\com.unity.visualscripting@1.7.6\Editor\VisualScripting.Core\Dependencies\YamlDotNet\Unity.VisualScripting.YamlDotNet.dll
Symbol file LoadedFromMemory doesn't match image D:\Users\KSadowski\Documents\GitHub\Team-Game\Library\PackageCache\com.unity.visualscripting@1.7.6\Editor\VisualScripting.Core\Dependencies\DotNetZip\Unity.VisualScripting.IonicZip.dll
Native extension for WindowsStandalone target not found
Native extension for WebGL target not found
Refreshing native plugins compatible for Editor in 1.00 ms, found 4 plugins.
Preloading 0 native plugins for Editor in 0.00 ms.
Mono: successfully reloaded assembly
- Completed reload, in  1.162 seconds
Domain Reload Profiling:
	ReloadAssembly (1162ms)
		BeginReloadAssembly (120ms)
			ExecutionOrderSort (0ms)
			DisableScriptedObjects (7ms)
			BackupInstance (0ms)
			ReleaseScriptingObjects (0ms)
			CreateAndSetChildDomain (33ms)
		EndReloadAssembly (959ms)
			LoadAssemblies (65ms)
			RebuildTransferFunctionScriptingTraits (0ms)
			SetupTypeCache (206ms)
			ReleaseScriptCaches (1ms)
			RebuildScriptCaches (54ms)
			SetupLoadedEditorAssemblies (450ms)
				LogAssemblyErrors (0ms)
				InitializePlatformSupportModulesInManaged (13ms)
				SetLoadedEditorAssemblies (1ms)
				RefreshPlugins (1ms)
				BeforeProcessingInitializeOnLoad (67ms)
				ProcessInitializeOnLoadAttributes (328ms)
				ProcessInitializeOnLoadMethodAttributes (34ms)
				AfterProcessingInitializeOnLoad (6ms)
				EditorAssembliesLoaded (0ms)
			ExecutionOrderSort2 (0ms)
			AwakeInstancesAfterBackupRestoration (13ms)
Platform modules already initialized, skipping
Refreshing native plugins compatible for Editor in 0.73 ms, found 4 plugins.
Preloading 0 native plugins for Editor in 0.00 ms.
Unloading 4044 Unused Serialized files (Serialized files now loaded: 0)
Unloading 39 unused Assets / (1.2 MB). Loaded Objects now: 4586.
Memory consumption went from 165.8 MB to 164.6 MB.
Total: 3.341700 ms (FindLiveObjects: 0.316000 ms CreateObjectMapping: 0.209800 ms MarkObjects: 2.630300 ms  DeleteObjects: 0.184700 ms)

AssetImportParameters requested are different than current active one (requested -> active):
  custom:video-decoder-ogg-theora: a1e56fd34408186e4bbccfd4996cb3dc -> 
  custom:container-muxer-webm: aa71ff27fc2769a1b78a27578f13a17b -> 
  custom:container-demuxer-webm: 4f35f7cbe854078d1ac9338744f61a02 -> 
  custom:video-encoder-webm-vp8: eb34c28f22e8b96e1ab97ce403110664 -> 
  custom:audio-encoder-webm-vorbis: bf7c407c2cedff20999df2af8eb42d56 -> 
  custom:framework-win-MediaFoundation: 216162199b28c13a410421893ffa2e32 -> 
  custom:container-demuxer-ogg: 62fdf1f143b41e24485cea50d1cbac27 -> 
  custom:video-decoder-webm-vp8: 9c59270c3fd7afecdb556c50c9e8de78 -> 
  custom:audio-decoder-ogg-vorbis: bf7c407c2cedff20999df2af8eb42d56 -> 
========================================================================
Received Import Request.
  Time since last request: 758.961785 seconds.
  path: Assets/Prefabs/Rooms/Boss Room 1.prefab
  artifactKey: Guid(4e99528d72df4d143adc3673bd14bd1e) Importer(815301076,1909f56bfc062723c751e8b465ee728b)
Start importing Assets/Prefabs/Rooms/Boss Room 1.prefab using Guid(4e99528d72df4d143adc3673bd14bd1e) Importer(815301076,1909f56bfc062723c751e8b465ee728b)  -> (artifact id: '0be63aa92dfdb730647ec8112508700f') in 0.074272 seconds 
========================================================================
Received Import Request.
  Time since last request: 0.000019 seconds.
  path: Assets/Prefabs/Rooms/Room 4.prefab
  artifactKey: Guid(feb75b5a33702c847b10d40a7c833beb) Importer(815301076,1909f56bfc062723c751e8b465ee728b)
Start importing Assets/Prefabs/Rooms/Room 4.prefab using Guid(feb75b5a33702c847b10d40a7c833beb) Importer(815301076,1909f56bfc062723c751e8b465ee728b)  -> (artifact id: 'c9a88f2c111deec5b821d786e139c787') in 0.012665 seconds 
========================================================================
Received Import Request.
  Time since last request: 0.000016 seconds.
  path: Assets/Prefabs/Rooms/Room.prefab
  artifactKey: Guid(436ee86ea15dbff40834a0a8652f317f) Importer(815301076,1909f56bfc062723c751e8b465ee728b)
Start importing Assets/Prefabs/Rooms/Room.prefab using Guid(436ee86ea15dbff40834a0a8652f317f) Importer(815301076,1909f56bfc062723c751e8b465ee728b)  -> (artifact id: 'a0f937a3b04b18d84bd88726eec5a19b') in 0.039794 seconds 
========================================================================
Received Import Request.
  Time since last request: 0.000021 seconds.
  path: Assets/Prefabs/Rooms/Room 1.prefab
  artifactKey: Guid(2195e022f9a617f4d9427b4af4fb4a69) Importer(815301076,1909f56bfc062723c751e8b465ee728b)
Start importing Assets/Prefabs/Rooms/Room 1.prefab using Guid(2195e022f9a617f4d9427b4af4fb4a69) Importer(815301076,1909f56bfc062723c751e8b465ee728b)  -> (artifact id: '9cb561a07a85092b85043cb3c4d43624') in 0.014352 seconds 
Editor requested this worker to shutdown with reason: Scaling down because of idle timeout
AssetImportWorker is now disconnected from the server
Process exiting
Exiting without the bug reporter. Application will terminate with return code 0