Using pre-set license
Built from '2021.2/staging' branch; Version is '2021.2.3f1 (32358a8527b4) revision 3290506'; Using compiler version '192829333'; Build Type 'Release'
OS: 'Windows 10 Pro; OS build 22000.348; Version 2009; 64bit' Language: 'it' Physical Memory: 16326 MB
BatchMode: 1, IsHumanControllingUs: 0, StartBugReporterOnCrash: 0, Is64bit: 1, IsPro: 0

COMMAND LINE ARGUMENTS:
C:\Program Files\Unity\Hub\Editor\2021.2.3f1\Editor\Unity.exe
-adb2
-batchMode
-noUpm
-name
AssetImportWorker17
-projectPath
D:/OneDrive - UCLan/Unity Projects/Team-Game
-logFile
Logs/AssetImportWorker17.log
-srvPort
51942
Successfully changed project path to: D:/OneDrive - UCLan/Unity Projects/Team-Game
D:/OneDrive - UCLan/Unity Projects/Team-Game
[UnityMemory] Configuration Parameters - Can be set up in boot.config
    "memorysetup-bucket-allocator-granularity=16"
    "memorysetup-bucket-allocator-bucket-count=8"
    "memorysetup-bucket-allocator-block-size=33554432"
    "memorysetup-bucket-allocator-block-count=8"
    "memorysetup-main-allocator-block-size=16777216"
    "memorysetup-thread-allocator-block-size=16777216"
    "memorysetup-gfx-main-allocator-block-size=16777216"
    "memorysetup-gfx-thread-allocator-block-size=16777216"
    "memorysetup-cache-allocator-block-size=4194304"
    "memorysetup-typetree-allocator-block-size=2097152"
    "memorysetup-profiler-bucket-allocator-granularity=16"
    "memorysetup-profiler-bucket-allocator-bucket-count=8"
    "memorysetup-profiler-bucket-allocator-block-size=33554432"
    "memorysetup-profiler-bucket-allocator-block-count=8"
    "memorysetup-profiler-allocator-block-size=16777216"
    "memorysetup-profiler-editor-allocator-block-size=1048576"
    "memorysetup-temp-allocator-size-main=16777216"
    "memorysetup-job-temp-allocator-block-size=2097152"
    "memorysetup-job-temp-allocator-block-size-background=1048576"
    "memorysetup-job-temp-allocator-reduction-small-platforms=262144"
    "memorysetup-temp-allocator-size-background-worker=32768"
    "memorysetup-temp-allocator-size-job-worker=262144"
    "memorysetup-temp-allocator-size-preload-manager=33554432"
    "memorysetup-temp-allocator-size-nav-mesh-worker=65536"
    "memorysetup-temp-allocator-size-audio-worker=65536"
    "memorysetup-temp-allocator-size-cloud-worker=32768"
    "memorysetup-temp-allocator-size-gi-baking-worker=262144"
    "memorysetup-temp-allocator-size-gfx=262144"
Refreshing native plugins compatible for Editor in 93.86 ms, found 4 plugins.
Preloading 0 native plugins for Editor in 0.00 ms.
Initialize engine version: 2021.2.3f1 (32358a8527b4)
[Subsystems] Discovering subsystems at path C:/Program Files/Unity/Hub/Editor/2021.2.3f1/Editor/Data/Resources/UnitySubsystems
[Subsystems] Discovering subsystems at path D:/OneDrive - UCLan/Unity Projects/Team-Game/Assets
GfxDevice: creating device client; threaded=0; jobified=0
Direct3D:
    Version:  Direct3D 11.0 [level 11.1]
    Renderer: NVIDIA GeForce GTX 1660 (ID=0x2184)
    Vendor:   NVIDIA
    VRAM:     5991 MB
    Driver:   30.0.14.9613
Initialize mono
Mono path[0] = 'C:/Program Files/Unity/Hub/Editor/2021.2.3f1/Editor/Data/Managed'
Mono path[1] = 'C:/Program Files/Unity/Hub/Editor/2021.2.3f1/Editor/Data/MonoBleedingEdge/lib/mono/unityjit-win32'
Mono config path = 'C:/Program Files/Unity/Hub/Editor/2021.2.3f1/Editor/Data/MonoBleedingEdge/etc'
Using monoOptions --debugger-agent=transport=dt_socket,embedding=1,server=y,suspend=n,address=127.0.0.1:56712
Begin MonoManager ReloadAssembly
Registering precompiled unity dll's ...
Register platform support module: C:/Program Files/Unity/Hub/Editor/2021.2.3f1/Editor/Data/PlaybackEngines/WebGLSupport/UnityEditor.WebGL.Extensions.dll
Register platform support module: C:/Program Files/Unity/Hub/Editor/2021.2.3f1/Editor/Data/PlaybackEngines/WindowsStandaloneSupport/UnityEditor.WindowsStandalone.Extensions.dll
Registered in 0.004071 seconds.
Native extension for WindowsStandalone target not found
Native extension for WebGL target not found
Refreshing native plugins compatible for Editor in 91.41 ms, found 4 plugins.
Preloading 0 native plugins for Editor in 0.00 ms.
Mono: successfully reloaded assembly
- Completed reload, in  0.597 seconds
Domain Reload Profiling:
	ReloadAssembly (597ms)
		BeginReloadAssembly (63ms)
			ExecutionOrderSort (0ms)
			DisableScriptedObjects (0ms)
			BackupInstance (0ms)
			ReleaseScriptingObjects (0ms)
			CreateAndSetChildDomain (1ms)
		EndReloadAssembly (463ms)
			LoadAssemblies (62ms)
			RebuildTransferFunctionScriptingTraits (0ms)
			SetupTypeCache (95ms)
			ReleaseScriptCaches (0ms)
			RebuildScriptCaches (26ms)
			SetupLoadedEditorAssemblies (294ms)
				LogAssemblyErrors (0ms)
				InitializePlatformSupportModulesInManaged (16ms)
				SetLoadedEditorAssemblies (0ms)
				RefreshPlugins (92ms)
				BeforeProcessingInitializeOnLoad (1ms)
				ProcessInitializeOnLoadAttributes (139ms)
				ProcessInitializeOnLoadMethodAttributes (47ms)
				AfterProcessingInitializeOnLoad (0ms)
				EditorAssembliesLoaded (0ms)
			ExecutionOrderSort2 (0ms)
			AwakeInstancesAfterBackupRestoration (0ms)
Platform modules already initialized, skipping
Registering precompiled user dll's ...
Registered in 0.012373 seconds.
Begin MonoManager ReloadAssembly
Symbol file LoadedFromMemory doesn't match image D:\OneDrive - UCLan\Unity Projects\Team-Game\Library\PackageCache\com.unity.visualscripting@1.7.6\Editor\VisualScripting.Core\Dependencies\YamlDotNet\Unity.VisualScripting.YamlDotNet.dll
Symbol file LoadedFromMemory doesn't match image D:\OneDrive - UCLan\Unity Projects\Team-Game\Library\PackageCache\com.unity.visualscripting@1.7.6\Editor\VisualScripting.Core\Dependencies\DotNetZip\Unity.VisualScripting.IonicZip.dll
Native extension for WindowsStandalone target not found
Native extension for WebGL target not found
Refreshing native plugins compatible for Editor in 91.77 ms, found 4 plugins.
Preloading 0 native plugins for Editor in 0.00 ms.
Mono: successfully reloaded assembly
- Completed reload, in  1.830 seconds
Domain Reload Profiling:
	ReloadAssembly (1831ms)
		BeginReloadAssembly (164ms)
			ExecutionOrderSort (0ms)
			DisableScriptedObjects (7ms)
			BackupInstance (0ms)
			ReleaseScriptingObjects (0ms)
			CreateAndSetChildDomain (19ms)
		EndReloadAssembly (1569ms)
			LoadAssemblies (86ms)
			RebuildTransferFunctionScriptingTraits (0ms)
			SetupTypeCache (233ms)
			ReleaseScriptCaches (1ms)
			RebuildScriptCaches (70ms)
			SetupLoadedEditorAssemblies (964ms)
				LogAssemblyErrors (0ms)
				InitializePlatformSupportModulesInManaged (10ms)
				SetLoadedEditorAssemblies (0ms)
				RefreshPlugins (92ms)
				BeforeProcessingInitializeOnLoad (109ms)
				ProcessInitializeOnLoadAttributes (711ms)
				ProcessInitializeOnLoadMethodAttributes (35ms)
				AfterProcessingInitializeOnLoad (5ms)
				EditorAssembliesLoaded (0ms)
			ExecutionOrderSort2 (0ms)
			AwakeInstancesAfterBackupRestoration (5ms)
Platform modules already initialized, skipping
========================================================================
Worker process is ready to serve import requests
Launched and connected shader compiler UnityShaderCompiler.exe after 0.04 seconds
Refreshing native plugins compatible for Editor in 0.72 ms, found 4 plugins.
Preloading 0 native plugins for Editor in 0.00 ms.
Unloading 3931 Unused Serialized files (Serialized files now loaded: 0)
Unloading 37 unused Assets / (55.6 KB). Loaded Objects now: 4390.
Memory consumption went from 150.4 MB to 150.4 MB.
Total: 3.021100 ms (FindLiveObjects: 0.314300 ms CreateObjectMapping: 0.095500 ms MarkObjects: 2.550700 ms  DeleteObjects: 0.059800 ms)

AssetImportParameters requested are different than current active one (requested -> active):
  custom:video-decoder-ogg-theora: a1e56fd34408186e4bbccfd4996cb3dc -> 
  custom:container-muxer-webm: aa71ff27fc2769a1b78a27578f13a17b -> 
  custom:container-demuxer-webm: 4f35f7cbe854078d1ac9338744f61a02 -> 
  custom:video-encoder-webm-vp8: eb34c28f22e8b96e1ab97ce403110664 -> 
  custom:audio-encoder-webm-vorbis: bf7c407c2cedff20999df2af8eb42d56 -> 
  custom:framework-win-MediaFoundation: 216162199b28c13a410421893ffa2e32 -> 
  custom:container-demuxer-ogg: 62fdf1f143b41e24485cea50d1cbac27 -> 
  custom:video-decoder-webm-vp8: 9c59270c3fd7afecdb556c50c9e8de78 -> 
  custom:audio-decoder-ogg-vorbis: bf7c407c2cedff20999df2af8eb42d56 -> 
========================================================================
Received Import Request.
  Time since last request: 66724.749697 seconds.
  path: Assets/Sprites/Ground.asset
  artifactKey: Guid(30b2bead6dbc60e4ca3e27cc88780f47) Importer(815301076,1909f56bfc062723c751e8b465ee728b)
Start importing Assets/Sprites/Ground.asset using Guid(30b2bead6dbc60e4ca3e27cc88780f47) Importer(815301076,1909f56bfc062723c751e8b465ee728b)  -> (artifact id: 'ff5257460463a3e21536cf2b68376106') in 0.067706 seconds 
========================================================================
Received Import Request.
  Time since last request: 0.000026 seconds.
  path: Assets/Sprites/TileMap_7.asset
  artifactKey: Guid(55c5c11f1b8ed9841bfd1422b4590d8b) Importer(815301076,1909f56bfc062723c751e8b465ee728b)
Start importing Assets/Sprites/TileMap_7.asset using Guid(55c5c11f1b8ed9841bfd1422b4590d8b) Importer(815301076,1909f56bfc062723c751e8b465ee728b)  -> (artifact id: '73e292b6113b721d0fbfd201ae8221aa') in 0.009806 seconds 
========================================================================
Received Import Request.
  Time since last request: 0.000023 seconds.
  path: Assets/Sprites/TileMap_15.asset
  artifactKey: Guid(744c9d488e93bec48869677889a4dba5) Importer(815301076,1909f56bfc062723c751e8b465ee728b)
Start importing Assets/Sprites/TileMap_15.asset using Guid(744c9d488e93bec48869677889a4dba5) Importer(815301076,1909f56bfc062723c751e8b465ee728b)  -> (artifact id: '27577a9383b9f6919cbd1181df10554e') in 0.008823 seconds 
========================================================================
Received Import Request.
  Time since last request: 0.000029 seconds.
  path: Assets/Sprites/TileMap_16.asset
  artifactKey: Guid(c1986d20210ecf5469c20f2e70e6aed2) Importer(815301076,1909f56bfc062723c751e8b465ee728b)
Start importing Assets/Sprites/TileMap_16.asset using Guid(c1986d20210ecf5469c20f2e70e6aed2) Importer(815301076,1909f56bfc062723c751e8b465ee728b)  -> (artifact id: '62be73427920275282a97c80630c2a18') in 0.013583 seconds 
========================================================================
Received Import Request.
  Time since last request: 0.000026 seconds.
  path: Assets/Sprites/TileMap_8.asset
  artifactKey: Guid(862b65d89e50f3e4c91761b296f550cb) Importer(815301076,1909f56bfc062723c751e8b465ee728b)
Start importing Assets/Sprites/TileMap_8.asset using Guid(862b65d89e50f3e4c91761b296f550cb) Importer(815301076,1909f56bfc062723c751e8b465ee728b)  -> (artifact id: '47ca170d677137620beb556824d7f97a') in 0.011360 seconds 
========================================================================
Received Import Request.
  Time since last request: 0.000030 seconds.
  path: Assets/Sprites/TileMap_12.asset
  artifactKey: Guid(111b1909f860e874abfe30378ae7d3b4) Importer(815301076,1909f56bfc062723c751e8b465ee728b)
Start importing Assets/Sprites/TileMap_12.asset using Guid(111b1909f860e874abfe30378ae7d3b4) Importer(815301076,1909f56bfc062723c751e8b465ee728b)  -> (artifact id: '3150fc9e4d64cd880d703a864cf47aae') in 0.007237 seconds 
========================================================================
Received Import Request.
  Time since last request: 30.580958 seconds.
  path: Assets/Sprites/Ground.asset
  artifactKey: Guid(30b2bead6dbc60e4ca3e27cc88780f47) Importer(815301076,1909f56bfc062723c751e8b465ee728b)
Start importing Assets/Sprites/Ground.asset using Guid(30b2bead6dbc60e4ca3e27cc88780f47) Importer(815301076,1909f56bfc062723c751e8b465ee728b)  -> (artifact id: '7513160d297207a23ecc469387bc8b22') in 0.011224 seconds 
========================================================================
Received Import Request.
  Time since last request: 0.000019 seconds.
  path: Assets/Sprites/TileMap_3.asset
  artifactKey: Guid(150793b610b17a74e85d73540f2bfdc6) Importer(815301076,1909f56bfc062723c751e8b465ee728b)
Start importing Assets/Sprites/TileMap_3.asset using Guid(150793b610b17a74e85d73540f2bfdc6) Importer(815301076,1909f56bfc062723c751e8b465ee728b)  -> (artifact id: '95a81e1e2355f6434dc14708ff8f1c17') in 0.010540 seconds 
========================================================================
Received Import Request.
  Time since last request: 0.000024 seconds.
  path: Assets/Sprites/TileMap_2.asset
  artifactKey: Guid(7e2ff5ba276f94b4d9ba81c96974e040) Importer(815301076,1909f56bfc062723c751e8b465ee728b)
Start importing Assets/Sprites/TileMap_2.asset using Guid(7e2ff5ba276f94b4d9ba81c96974e040) Importer(815301076,1909f56bfc062723c751e8b465ee728b)  -> (artifact id: '2df35a97a91b634f0597a6127d115659') in 0.008506 seconds 
========================================================================
Received Import Request.
  Time since last request: 0.000015 seconds.
  path: Assets/Sprites/TileMap_11.asset
  artifactKey: Guid(22fde142f74e4ac41b7b7abaa493530e) Importer(815301076,1909f56bfc062723c751e8b465ee728b)
Start importing Assets/Sprites/TileMap_11.asset using Guid(22fde142f74e4ac41b7b7abaa493530e) Importer(815301076,1909f56bfc062723c751e8b465ee728b)  -> (artifact id: 'c46978c56c006a21ee6ef71f2dd27691') in 0.015501 seconds 
========================================================================
Received Import Request.
  Time since last request: 0.000028 seconds.
  path: Assets/Sprites/TileMap_15.asset
  artifactKey: Guid(744c9d488e93bec48869677889a4dba5) Importer(815301076,1909f56bfc062723c751e8b465ee728b)
Start importing Assets/Sprites/TileMap_15.asset using Guid(744c9d488e93bec48869677889a4dba5) Importer(815301076,1909f56bfc062723c751e8b465ee728b)  -> (artifact id: 'd871062ead9b658a89fa2396cf72f83f') in 0.007763 seconds 
========================================================================
Received Import Request.
  Time since last request: 0.000028 seconds.
  path: Assets/Sprites/TileMap_1.asset
  artifactKey: Guid(656a174c2390fdc45a536514a7d96e79) Importer(815301076,1909f56bfc062723c751e8b465ee728b)
Start importing Assets/Sprites/TileMap_1.asset using Guid(656a174c2390fdc45a536514a7d96e79) Importer(815301076,1909f56bfc062723c751e8b465ee728b)  -> (artifact id: '6209a8f4d78dc9717299c79fe2d7ce3a') in 0.008329 seconds 
========================================================================
Received Import Request.
  Time since last request: 0.000022 seconds.
  path: Assets/Sprites/TileMap_10.asset
  artifactKey: Guid(ae27abf6b8d33584abc47fbde60d2e7d) Importer(815301076,1909f56bfc062723c751e8b465ee728b)
Start importing Assets/Sprites/TileMap_10.asset using Guid(ae27abf6b8d33584abc47fbde60d2e7d) Importer(815301076,1909f56bfc062723c751e8b465ee728b)  -> (artifact id: 'e742482e79ac70a790b35773dc83a849') in 0.008455 seconds 
========================================================================
Received Import Request.
  Time since last request: 0.000020 seconds.
  path: Assets/Sprites/TileMap_8.asset
  artifactKey: Guid(862b65d89e50f3e4c91761b296f550cb) Importer(815301076,1909f56bfc062723c751e8b465ee728b)
Start importing Assets/Sprites/TileMap_8.asset using Guid(862b65d89e50f3e4c91761b296f550cb) Importer(815301076,1909f56bfc062723c751e8b465ee728b)  -> (artifact id: 'd130847b3ceb33b6e27b45816c6aece0') in 0.008778 seconds 
========================================================================
Received Import Request.
  Time since last request: 0.000032 seconds.
  path: Assets/Sprites/TileMap_5.asset
  artifactKey: Guid(bdb6aea08d1a3644e884e4d5c81fbd90) Importer(815301076,1909f56bfc062723c751e8b465ee728b)
Start importing Assets/Sprites/TileMap_5.asset using Guid(bdb6aea08d1a3644e884e4d5c81fbd90) Importer(815301076,1909f56bfc062723c751e8b465ee728b)  -> (artifact id: '89565d52250a4e900f87549585ea7cd0') in 0.009648 seconds 
========================================================================
Received Import Request.
  Time since last request: 0.000027 seconds.
  path: Assets/Sprites/TileMap_12.asset
  artifactKey: Guid(111b1909f860e874abfe30378ae7d3b4) Importer(815301076,1909f56bfc062723c751e8b465ee728b)
Start importing Assets/Sprites/TileMap_12.asset using Guid(111b1909f860e874abfe30378ae7d3b4) Importer(815301076,1909f56bfc062723c751e8b465ee728b)  -> (artifact id: '8d5bbcb334411ff5c169995dc6c1a7c3') in 0.008687 seconds 
========================================================================
Received Import Request.
  Time since last request: 0.000025 seconds.
  path: Assets/Sprites/TileMap_19.asset
  artifactKey: Guid(130eee02c3b297340a3ff588a9f79f14) Importer(815301076,1909f56bfc062723c751e8b465ee728b)
Start importing Assets/Sprites/TileMap_19.asset using Guid(130eee02c3b297340a3ff588a9f79f14) Importer(815301076,1909f56bfc062723c751e8b465ee728b)  -> (artifact id: '45acec6d328d509f4eed11e5b609163f') in 0.008316 seconds 
========================================================================
Received Import Request.
  Time since last request: 57.597399 seconds.
  path: Assets/Sprites/Ground.asset
  artifactKey: Guid(30b2bead6dbc60e4ca3e27cc88780f47) Importer(815301076,1909f56bfc062723c751e8b465ee728b)
Start importing Assets/Sprites/Ground.asset using Guid(30b2bead6dbc60e4ca3e27cc88780f47) Importer(815301076,1909f56bfc062723c751e8b465ee728b)  -> (artifact id: '4acea438179c2d949101f0f223567688') in 0.007943 seconds 
========================================================================
Received Import Request.
  Time since last request: 0.000022 seconds.
  path: Assets/Sprites/TileMap_3.asset
  artifactKey: Guid(150793b610b17a74e85d73540f2bfdc6) Importer(815301076,1909f56bfc062723c751e8b465ee728b)
Start importing Assets/Sprites/TileMap_3.asset using Guid(150793b610b17a74e85d73540f2bfdc6) Importer(815301076,1909f56bfc062723c751e8b465ee728b)  -> (artifact id: '63293fd6e31b4e32bf1466fa6d826e00') in 0.008345 seconds 
========================================================================
Received Import Request.
  Time since last request: 0.000017 seconds.
  path: Assets/Sprites/TileMap_2.asset
  artifactKey: Guid(7e2ff5ba276f94b4d9ba81c96974e040) Importer(815301076,1909f56bfc062723c751e8b465ee728b)
Start importing Assets/Sprites/TileMap_2.asset using Guid(7e2ff5ba276f94b4d9ba81c96974e040) Importer(815301076,1909f56bfc062723c751e8b465ee728b)  -> (artifact id: 'a4409f5482722a87f61951d070266ac2') in 0.008708 seconds 
========================================================================
Received Import Request.
  Time since last request: 0.000020 seconds.
  path: Assets/Sprites/TileMap_7.asset
  artifactKey: Guid(55c5c11f1b8ed9841bfd1422b4590d8b) Importer(815301076,1909f56bfc062723c751e8b465ee728b)
Start importing Assets/Sprites/TileMap_7.asset using Guid(55c5c11f1b8ed9841bfd1422b4590d8b) Importer(815301076,1909f56bfc062723c751e8b465ee728b)  -> (artifact id: 'ed9001e9c1a8579b647956a5fd1ea582') in 0.010784 seconds 
========================================================================
Received Import Request.
  Time since last request: 0.000043 seconds.
  path: Assets/Sprites/TileMap_18.asset
  artifactKey: Guid(2440b1f2a39265f4cb9944b1ebecf083) Importer(815301076,1909f56bfc062723c751e8b465ee728b)
Start importing Assets/Sprites/TileMap_18.asset using Guid(2440b1f2a39265f4cb9944b1ebecf083) Importer(815301076,1909f56bfc062723c751e8b465ee728b)  -> (artifact id: 'edb59594688f5bfbc4320c123d9278ed') in 0.008816 seconds 
========================================================================
Received Import Request.
  Time since last request: 0.000033 seconds.
  path: Assets/Sprites/TileMap_1.asset
  artifactKey: Guid(656a174c2390fdc45a536514a7d96e79) Importer(815301076,1909f56bfc062723c751e8b465ee728b)
Start importing Assets/Sprites/TileMap_1.asset using Guid(656a174c2390fdc45a536514a7d96e79) Importer(815301076,1909f56bfc062723c751e8b465ee728b)  -> (artifact id: '4825295ebf9fa91c31cd17cd891e1724') in 0.007808 seconds 
========================================================================
Received Import Request.
  Time since last request: 0.000028 seconds.
  path: Assets/Sprites/TileMap_6.asset
  artifactKey: Guid(441a6c7bef5fc2e44b3ad2256a9030c3) Importer(815301076,1909f56bfc062723c751e8b465ee728b)
Start importing Assets/Sprites/TileMap_6.asset using Guid(441a6c7bef5fc2e44b3ad2256a9030c3) Importer(815301076,1909f56bfc062723c751e8b465ee728b)  -> (artifact id: '027a9ab8b1c57ee3a48f7e68792a059f') in 0.013391 seconds 
========================================================================
Received Import Request.
  Time since last request: 0.000024 seconds.
  path: Assets/Sprites/TileMap_9.asset
  artifactKey: Guid(a248c27af60371348be2426bc4bd1ee8) Importer(815301076,1909f56bfc062723c751e8b465ee728b)
Start importing Assets/Sprites/TileMap_9.asset using Guid(a248c27af60371348be2426bc4bd1ee8) Importer(815301076,1909f56bfc062723c751e8b465ee728b)  -> (artifact id: 'a7fa6f79f53d610360188f075aee4646') in 0.009406 seconds 
========================================================================
Received Import Request.
  Time since last request: 0.000024 seconds.
  path: Assets/Sprites/TileMap_19.asset
  artifactKey: Guid(130eee02c3b297340a3ff588a9f79f14) Importer(815301076,1909f56bfc062723c751e8b465ee728b)
Start importing Assets/Sprites/TileMap_19.asset using Guid(130eee02c3b297340a3ff588a9f79f14) Importer(815301076,1909f56bfc062723c751e8b465ee728b)  -> (artifact id: '5bf589b9b69415452eb1200bc320a1b1') in 0.010072 seconds 
========================================================================
Received Import Request.
  Time since last request: 8.755125 seconds.
  path: Assets/Sprites/Ground.asset
  artifactKey: Guid(30b2bead6dbc60e4ca3e27cc88780f47) Importer(815301076,1909f56bfc062723c751e8b465ee728b)
Start importing Assets/Sprites/Ground.asset using Guid(30b2bead6dbc60e4ca3e27cc88780f47) Importer(815301076,1909f56bfc062723c751e8b465ee728b)  -> (artifact id: 'cf0d4ce9c2589ef020e2fbcd419c5f62') in 0.011179 seconds 
========================================================================
Received Import Request.
  Time since last request: 0.000024 seconds.
  path: Assets/Sprites/TileMap_3.asset
  artifactKey: Guid(150793b610b17a74e85d73540f2bfdc6) Importer(815301076,1909f56bfc062723c751e8b465ee728b)
Start importing Assets/Sprites/TileMap_3.asset using Guid(150793b610b17a74e85d73540f2bfdc6) Importer(815301076,1909f56bfc062723c751e8b465ee728b)  -> (artifact id: '3c4085cdd1f229f8521a8a9a79b367af') in 0.010358 seconds 
========================================================================
Received Import Request.
  Time since last request: 0.000020 seconds.
  path: Assets/Sprites/TileMap_2.asset
  artifactKey: Guid(7e2ff5ba276f94b4d9ba81c96974e040) Importer(815301076,1909f56bfc062723c751e8b465ee728b)
Start importing Assets/Sprites/TileMap_2.asset using Guid(7e2ff5ba276f94b4d9ba81c96974e040) Importer(815301076,1909f56bfc062723c751e8b465ee728b)  -> (artifact id: 'afda9a9cfac3eb38fd488eefed69dacb') in 0.008264 seconds 
========================================================================
Received Import Request.
  Time since last request: 0.000022 seconds.
  path: Assets/Sprites/TileMap_18.asset
  artifactKey: Guid(2440b1f2a39265f4cb9944b1ebecf083) Importer(815301076,1909f56bfc062723c751e8b465ee728b)
Start importing Assets/Sprites/TileMap_18.asset using Guid(2440b1f2a39265f4cb9944b1ebecf083) Importer(815301076,1909f56bfc062723c751e8b465ee728b)  -> (artifact id: 'f7fb0c479a7471893104964a8df85957') in 0.008143 seconds 
========================================================================
Received Import Request.
  Time since last request: 0.000023 seconds.
  path: Assets/Sprites/TileMap_1.asset
  artifactKey: Guid(656a174c2390fdc45a536514a7d96e79) Importer(815301076,1909f56bfc062723c751e8b465ee728b)
Start importing Assets/Sprites/TileMap_1.asset using Guid(656a174c2390fdc45a536514a7d96e79) Importer(815301076,1909f56bfc062723c751e8b465ee728b)  -> (artifact id: 'dd4b0ced152cbc8df723bea8eacdbcd5') in 0.010079 seconds 
========================================================================
Received Import Request.
  Time since last request: 0.000017 seconds.
  path: Assets/Sprites/TileMap_6.asset
  artifactKey: Guid(441a6c7bef5fc2e44b3ad2256a9030c3) Importer(815301076,1909f56bfc062723c751e8b465ee728b)
Start importing Assets/Sprites/TileMap_6.asset using Guid(441a6c7bef5fc2e44b3ad2256a9030c3) Importer(815301076,1909f56bfc062723c751e8b465ee728b)  -> (artifact id: '053785d186fcc6466b961460bfc53fec') in 0.009371 seconds 
========================================================================
Received Import Request.
  Time since last request: 0.000019 seconds.
  path: Assets/Sprites/TileMap_9.asset
  artifactKey: Guid(a248c27af60371348be2426bc4bd1ee8) Importer(815301076,1909f56bfc062723c751e8b465ee728b)
Start importing Assets/Sprites/TileMap_9.asset using Guid(a248c27af60371348be2426bc4bd1ee8) Importer(815301076,1909f56bfc062723c751e8b465ee728b)  -> (artifact id: '732b1d4f5603ba5e0b7743ed698f5fdb') in 0.006757 seconds 
========================================================================
Received Import Request.
  Time since last request: 0.000022 seconds.
  path: Assets/Sprites/TileMap_19.asset
  artifactKey: Guid(130eee02c3b297340a3ff588a9f79f14) Importer(815301076,1909f56bfc062723c751e8b465ee728b)
Start importing Assets/Sprites/TileMap_19.asset using Guid(130eee02c3b297340a3ff588a9f79f14) Importer(815301076,1909f56bfc062723c751e8b465ee728b)  -> (artifact id: '7278c2c6f514aee08c35f454b35685da') in 0.010449 seconds 
========================================================================
Received Import Request.
  Time since last request: 2.684175 seconds.
  path: Assets/Sprites/Ground.asset
  artifactKey: Guid(30b2bead6dbc60e4ca3e27cc88780f47) Importer(815301076,1909f56bfc062723c751e8b465ee728b)
Start importing Assets/Sprites/Ground.asset using Guid(30b2bead6dbc60e4ca3e27cc88780f47) Importer(815301076,1909f56bfc062723c751e8b465ee728b)  -> (artifact id: '74183cfcceb5df56e73294f5ad3c4b95') in 0.012442 seconds 
========================================================================
Received Import Request.
  Time since last request: 0.000032 seconds.
  path: Assets/Sprites/TileMap_3.asset
  artifactKey: Guid(150793b610b17a74e85d73540f2bfdc6) Importer(815301076,1909f56bfc062723c751e8b465ee728b)
Start importing Assets/Sprites/TileMap_3.asset using Guid(150793b610b17a74e85d73540f2bfdc6) Importer(815301076,1909f56bfc062723c751e8b465ee728b)  -> (artifact id: 'c26ca9db25f2fa2cfa624d9851c18365') in 0.006142 seconds 
========================================================================
Received Import Request.
  Time since last request: 0.000018 seconds.
  path: Assets/Sprites/TileMap_2.asset
  artifactKey: Guid(7e2ff5ba276f94b4d9ba81c96974e040) Importer(815301076,1909f56bfc062723c751e8b465ee728b)
Start importing Assets/Sprites/TileMap_2.asset using Guid(7e2ff5ba276f94b4d9ba81c96974e040) Importer(815301076,1909f56bfc062723c751e8b465ee728b)  -> (artifact id: '1fdfd8b95e9992d1fd55139b353beb6b') in 0.008297 seconds 
========================================================================
Received Import Request.
  Time since last request: 0.000020 seconds.
  path: Assets/Sprites/TileMap_20.asset
  artifactKey: Guid(eec000161cb1a62449eb78dbf647d2fe) Importer(815301076,1909f56bfc062723c751e8b465ee728b)
Start importing Assets/Sprites/TileMap_20.asset using Guid(eec000161cb1a62449eb78dbf647d2fe) Importer(815301076,1909f56bfc062723c751e8b465ee728b)  -> (artifact id: 'cfba80af362a05dfc9ca4e637eae378a') in 0.010902 seconds 
========================================================================
Received Import Request.
  Time since last request: 0.000019 seconds.
  path: Assets/Sprites/TileMap_10.asset
  artifactKey: Guid(ae27abf6b8d33584abc47fbde60d2e7d) Importer(815301076,1909f56bfc062723c751e8b465ee728b)
Start importing Assets/Sprites/TileMap_10.asset using Guid(ae27abf6b8d33584abc47fbde60d2e7d) Importer(815301076,1909f56bfc062723c751e8b465ee728b)  -> (artifact id: '48415de64362ecb4061ec77d28e29470') in 0.009060 seconds 
========================================================================
Received Import Request.
  Time since last request: 0.000023 seconds.
  path: Assets/Sprites/TileMap_12.asset
  artifactKey: Guid(111b1909f860e874abfe30378ae7d3b4) Importer(815301076,1909f56bfc062723c751e8b465ee728b)
Start importing Assets/Sprites/TileMap_12.asset using Guid(111b1909f860e874abfe30378ae7d3b4) Importer(815301076,1909f56bfc062723c751e8b465ee728b)  -> (artifact id: '18edd6f0ce98b287e926d26d8926dc12') in 0.008347 seconds 
Editor requested this worker to shutdown with reason: Scaling down because of idle timeout
AssetImportWorker is now disconnected from the server
Process exiting
Exiting without the bug reporter. Application will terminate with return code 0