Using pre-set license
Built from '2021.2/staging' branch; Version is '2021.2.3f1 (32358a8527b4) revision 3290506'; Using compiler version '192829333'; Build Type 'Release'
OS: 'Windows 10 Pro; OS build 22000.527; Version 2009; 64bit' Language: 'it' Physical Memory: 16326 MB
BatchMode: 1, IsHumanControllingUs: 0, StartBugReporterOnCrash: 0, Is64bit: 1, IsPro: 0

COMMAND LINE ARGUMENTS:
C:\Program Files\Unity\Hub\Editor\2021.2.3f1\Editor\Unity.exe
-adb2
-batchMode
-noUpm
-name
AssetImportWorker4
-projectPath
D:/OneDrive - UCLan/Unity Projects/Team-Game
-logFile
Logs/AssetImportWorker4.log
-srvPort
51784
Successfully changed project path to: D:/OneDrive - UCLan/Unity Projects/Team-Game
D:/OneDrive - UCLan/Unity Projects/Team-Game
[UnityMemory] Configuration Parameters - Can be set up in boot.config
    "memorysetup-bucket-allocator-granularity=16"
    "memorysetup-bucket-allocator-bucket-count=8"
    "memorysetup-bucket-allocator-block-size=33554432"
    "memorysetup-bucket-allocator-block-count=8"
    "memorysetup-main-allocator-block-size=16777216"
    "memorysetup-thread-allocator-block-size=16777216"
    "memorysetup-gfx-main-allocator-block-size=16777216"
    "memorysetup-gfx-thread-allocator-block-size=16777216"
    "memorysetup-cache-allocator-block-size=4194304"
    "memorysetup-typetree-allocator-block-size=2097152"
    "memorysetup-profiler-bucket-allocator-granularity=16"
    "memorysetup-profiler-bucket-allocator-bucket-count=8"
    "memorysetup-profiler-bucket-allocator-block-size=33554432"
    "memorysetup-profiler-bucket-allocator-block-count=8"
    "memorysetup-profiler-allocator-block-size=16777216"
    "memorysetup-profiler-editor-allocator-block-size=1048576"
    "memorysetup-temp-allocator-size-main=16777216"
    "memorysetup-job-temp-allocator-block-size=2097152"
    "memorysetup-job-temp-allocator-block-size-background=1048576"
    "memorysetup-job-temp-allocator-reduction-small-platforms=262144"
    "memorysetup-temp-allocator-size-background-worker=32768"
    "memorysetup-temp-allocator-size-job-worker=262144"
    "memorysetup-temp-allocator-size-preload-manager=33554432"
    "memorysetup-temp-allocator-size-nav-mesh-worker=65536"
    "memorysetup-temp-allocator-size-audio-worker=65536"
    "memorysetup-temp-allocator-size-cloud-worker=32768"
    "memorysetup-temp-allocator-size-gi-baking-worker=262144"
    "memorysetup-temp-allocator-size-gfx=262144"
Refreshing native plugins compatible for Editor in 97.53 ms, found 4 plugins.
Preloading 0 native plugins for Editor in 0.00 ms.
Initialize engine version: 2021.2.3f1 (32358a8527b4)
[Subsystems] Discovering subsystems at path C:/Program Files/Unity/Hub/Editor/2021.2.3f1/Editor/Data/Resources/UnitySubsystems
[Subsystems] Discovering subsystems at path D:/OneDrive - UCLan/Unity Projects/Team-Game/Assets
GfxDevice: creating device client; threaded=0; jobified=0
Direct3D:
    Version:  Direct3D 11.0 [level 11.1]
    Renderer: NVIDIA GeForce GTX 1660 (ID=0x2184)
    Vendor:   NVIDIA
    VRAM:     5992 MB
    Driver:   30.0.15.1179
Initialize mono
Mono path[0] = 'C:/Program Files/Unity/Hub/Editor/2021.2.3f1/Editor/Data/Managed'
Mono path[1] = 'C:/Program Files/Unity/Hub/Editor/2021.2.3f1/Editor/Data/MonoBleedingEdge/lib/mono/unityjit-win32'
Mono config path = 'C:/Program Files/Unity/Hub/Editor/2021.2.3f1/Editor/Data/MonoBleedingEdge/etc'
Using monoOptions --debugger-agent=transport=dt_socket,embedding=1,server=y,suspend=n,address=127.0.0.1:56012
Begin MonoManager ReloadAssembly
Registering precompiled unity dll's ...
Register platform support module: C:/Program Files/Unity/Hub/Editor/2021.2.3f1/Editor/Data/PlaybackEngines/WebGLSupport/UnityEditor.WebGL.Extensions.dll
Register platform support module: C:/Program Files/Unity/Hub/Editor/2021.2.3f1/Editor/Data/PlaybackEngines/WindowsStandaloneSupport/UnityEditor.WindowsStandalone.Extensions.dll
Registered in 0.005132 seconds.
Native extension for WindowsStandalone target not found
Native extension for WebGL target not found
Refreshing native plugins compatible for Editor in 96.88 ms, found 4 plugins.
Preloading 0 native plugins for Editor in 0.00 ms.
Mono: successfully reloaded assembly
- Completed reload, in  0.627 seconds
Domain Reload Profiling:
	ReloadAssembly (628ms)
		BeginReloadAssembly (73ms)
			ExecutionOrderSort (0ms)
			DisableScriptedObjects (0ms)
			BackupInstance (0ms)
			ReleaseScriptingObjects (0ms)
			CreateAndSetChildDomain (1ms)
		EndReloadAssembly (475ms)
			LoadAssemblies (71ms)
			RebuildTransferFunctionScriptingTraits (0ms)
			SetupTypeCache (95ms)
			ReleaseScriptCaches (0ms)
			RebuildScriptCaches (27ms)
			SetupLoadedEditorAssemblies (303ms)
				LogAssemblyErrors (0ms)
				InitializePlatformSupportModulesInManaged (17ms)
				SetLoadedEditorAssemblies (0ms)
				RefreshPlugins (97ms)
				BeforeProcessingInitializeOnLoad (1ms)
				ProcessInitializeOnLoadAttributes (141ms)
				ProcessInitializeOnLoadMethodAttributes (46ms)
				AfterProcessingInitializeOnLoad (0ms)
				EditorAssembliesLoaded (0ms)
			ExecutionOrderSort2 (0ms)
			AwakeInstancesAfterBackupRestoration (0ms)
Platform modules already initialized, skipping
Registering precompiled user dll's ...
Registered in 0.013664 seconds.
Begin MonoManager ReloadAssembly
Native extension for WindowsStandalone target not found
Native extension for WebGL target not found
Refreshing native plugins compatible for Editor in 85.44 ms, found 4 plugins.
Preloading 0 native plugins for Editor in 0.00 ms.
Mono: successfully reloaded assembly
- Completed reload, in  1.710 seconds
Domain Reload Profiling:
	ReloadAssembly (1711ms)
		BeginReloadAssembly (153ms)
			ExecutionOrderSort (0ms)
			DisableScriptedObjects (5ms)
			BackupInstance (0ms)
			ReleaseScriptingObjects (0ms)
			CreateAndSetChildDomain (18ms)
		EndReloadAssembly (1466ms)
			LoadAssemblies (77ms)
			RebuildTransferFunctionScriptingTraits (0ms)
			SetupTypeCache (198ms)
			ReleaseScriptCaches (1ms)
			RebuildScriptCaches (54ms)
			SetupLoadedEditorAssemblies (1031ms)
				LogAssemblyErrors (0ms)
				InitializePlatformSupportModulesInManaged (10ms)
				SetLoadedEditorAssemblies (0ms)
				RefreshPlugins (86ms)
				BeforeProcessingInitializeOnLoad (114ms)
				ProcessInitializeOnLoadAttributes (785ms)
				ProcessInitializeOnLoadMethodAttributes (30ms)
				AfterProcessingInitializeOnLoad (5ms)
				EditorAssembliesLoaded (0ms)
			ExecutionOrderSort2 (0ms)
			AwakeInstancesAfterBackupRestoration (4ms)
Platform modules already initialized, skipping
========================================================================
Worker process is ready to serve import requests
Launched and connected shader compiler UnityShaderCompiler.exe after 0.09 seconds
Refreshing native plugins compatible for Editor in 0.96 ms, found 4 plugins.
Preloading 0 native plugins for Editor in 0.00 ms.
Unloading 4085 Unused Serialized files (Serialized files now loaded: 0)
Unloading 49 unused Assets / (1.3 MB). Loaded Objects now: 4533.
Memory consumption went from 163.0 MB to 161.7 MB.
Total: 3.543700 ms (FindLiveObjects: 0.372900 ms CreateObjectMapping: 0.106700 ms MarkObjects: 2.717100 ms  DeleteObjects: 0.346200 ms)

AssetImportParameters requested are different than current active one (requested -> active):
  custom:video-decoder-ogg-theora: a1e56fd34408186e4bbccfd4996cb3dc -> 
  custom:container-muxer-webm: aa71ff27fc2769a1b78a27578f13a17b -> 
  custom:container-demuxer-webm: 4f35f7cbe854078d1ac9338744f61a02 -> 
  custom:video-encoder-webm-vp8: eb34c28f22e8b96e1ab97ce403110664 -> 
  custom:audio-encoder-webm-vorbis: bf7c407c2cedff20999df2af8eb42d56 -> 
  custom:framework-win-MediaFoundation: 216162199b28c13a410421893ffa2e32 -> 
  custom:container-demuxer-ogg: 62fdf1f143b41e24485cea50d1cbac27 -> 
  custom:video-decoder-webm-vp8: 9c59270c3fd7afecdb556c50c9e8de78 -> 
  custom:audio-decoder-ogg-vorbis: bf7c407c2cedff20999df2af8eb42d56 -> 
========================================================================
Received Import Request.
  Time since last request: 412150.842492 seconds.
  path: Assets/Prefabs/Environment/Bed.prefab
  artifactKey: Guid(1376c0f62bd2cc24f846f306d528fb3c) Importer(815301076,1909f56bfc062723c751e8b465ee728b)
Start importing Assets/Prefabs/Environment/Bed.prefab using Guid(1376c0f62bd2cc24f846f306d528fb3c) Importer(815301076,1909f56bfc062723c751e8b465ee728b)  -> (artifact id: 'f8cf3b637efdc4bb93ce641c9204c06a') in 0.103754 seconds 
========================================================================
Received Import Request.
  Time since last request: 46.550045 seconds.
  path: Assets/Prefabs/Environment/Bed.prefab
  artifactKey: Guid(1376c0f62bd2cc24f846f306d528fb3c) Importer(815301076,1909f56bfc062723c751e8b465ee728b)
Start importing Assets/Prefabs/Environment/Bed.prefab using Guid(1376c0f62bd2cc24f846f306d528fb3c) Importer(815301076,1909f56bfc062723c751e8b465ee728b)  -> (artifact id: 'e7fcd7d79e059d0e7965989c5ea34861') in 0.012091 seconds 
========================================================================
Received Import Request.
  Time since last request: 17.153145 seconds.
  path: Assets/Prefabs/Map.prefab
  artifactKey: Guid(319c75953d10d4849aec83063b67d527) Importer(815301076,1909f56bfc062723c751e8b465ee728b)
Start importing Assets/Prefabs/Map.prefab using Guid(319c75953d10d4849aec83063b67d527) Importer(815301076,1909f56bfc062723c751e8b465ee728b)  -> (artifact id: '8c78c2e7781b63c1fc7073bfd8ef776e') in 0.061326 seconds 
========================================================================
Received Prepare
Registering precompiled user dll's ...
Registered in 0.011201 seconds.
Begin MonoManager ReloadAssembly
Native extension for WindowsStandalone target not found
Native extension for WebGL target not found
Refreshing native plugins compatible for Editor in 0.69 ms, found 4 plugins.
Preloading 0 native plugins for Editor in 0.00 ms.
Mono: successfully reloaded assembly
- Completed reload, in  1.175 seconds
Domain Reload Profiling:
	ReloadAssembly (1176ms)
		BeginReloadAssembly (119ms)
			ExecutionOrderSort (0ms)
			DisableScriptedObjects (6ms)
			BackupInstance (0ms)
			ReleaseScriptingObjects (0ms)
			CreateAndSetChildDomain (40ms)
		EndReloadAssembly (961ms)
			LoadAssemblies (72ms)
			RebuildTransferFunctionScriptingTraits (0ms)
			SetupTypeCache (207ms)
			ReleaseScriptCaches (2ms)
			RebuildScriptCaches (45ms)
			SetupLoadedEditorAssemblies (502ms)
				LogAssemblyErrors (0ms)
				InitializePlatformSupportModulesInManaged (11ms)
				SetLoadedEditorAssemblies (0ms)
				RefreshPlugins (1ms)
				BeforeProcessingInitializeOnLoad (88ms)
				ProcessInitializeOnLoadAttributes (361ms)
				ProcessInitializeOnLoadMethodAttributes (34ms)
				AfterProcessingInitializeOnLoad (6ms)
				EditorAssembliesLoaded (0ms)
			ExecutionOrderSort2 (0ms)
			AwakeInstancesAfterBackupRestoration (6ms)
Platform modules already initialized, skipping
Refreshing native plugins compatible for Editor in 0.95 ms, found 4 plugins.
Preloading 0 native plugins for Editor in 0.00 ms.
Unloading 4046 Unused Serialized files (Serialized files now loaded: 0)
Unloading 39 unused Assets / (1.2 MB). Loaded Objects now: 4543.
Memory consumption went from 163.8 MB to 162.6 MB.
Total: 3.472900 ms (FindLiveObjects: 0.359600 ms CreateObjectMapping: 0.105200 ms MarkObjects: 2.759500 ms  DeleteObjects: 0.247400 ms)

AssetImportParameters requested are different than current active one (requested -> active):
  custom:video-decoder-ogg-theora: a1e56fd34408186e4bbccfd4996cb3dc -> 
  custom:container-muxer-webm: aa71ff27fc2769a1b78a27578f13a17b -> 
  custom:container-demuxer-webm: 4f35f7cbe854078d1ac9338744f61a02 -> 
  custom:video-encoder-webm-vp8: eb34c28f22e8b96e1ab97ce403110664 -> 
  custom:audio-encoder-webm-vorbis: bf7c407c2cedff20999df2af8eb42d56 -> 
  custom:framework-win-MediaFoundation: 216162199b28c13a410421893ffa2e32 -> 
  custom:container-demuxer-ogg: 62fdf1f143b41e24485cea50d1cbac27 -> 
  custom:video-decoder-webm-vp8: 9c59270c3fd7afecdb556c50c9e8de78 -> 
  custom:audio-decoder-ogg-vorbis: bf7c407c2cedff20999df2af8eb42d56 -> 
========================================================================
Received Prepare
Registering precompiled user dll's ...
Registered in 0.011613 seconds.
Begin MonoManager ReloadAssembly
Native extension for WindowsStandalone target not found
Native extension for WebGL target not found
Refreshing native plugins compatible for Editor in 0.88 ms, found 4 plugins.
Preloading 0 native plugins for Editor in 0.00 ms.
Mono: successfully reloaded assembly
- Completed reload, in  1.175 seconds
Domain Reload Profiling:
	ReloadAssembly (1176ms)
		BeginReloadAssembly (115ms)
			ExecutionOrderSort (0ms)
			DisableScriptedObjects (7ms)
			BackupInstance (0ms)
			ReleaseScriptingObjects (0ms)
			CreateAndSetChildDomain (35ms)
		EndReloadAssembly (969ms)
			LoadAssemblies (77ms)
			RebuildTransferFunctionScriptingTraits (0ms)
			SetupTypeCache (211ms)
			ReleaseScriptCaches (1ms)
			RebuildScriptCaches (52ms)
			SetupLoadedEditorAssemblies (503ms)
				LogAssemblyErrors (0ms)
				InitializePlatformSupportModulesInManaged (12ms)
				SetLoadedEditorAssemblies (0ms)
				RefreshPlugins (1ms)
				BeforeProcessingInitializeOnLoad (91ms)
				ProcessInitializeOnLoadAttributes (360ms)
				ProcessInitializeOnLoadMethodAttributes (33ms)
				AfterProcessingInitializeOnLoad (5ms)
				EditorAssembliesLoaded (0ms)
			ExecutionOrderSort2 (0ms)
			AwakeInstancesAfterBackupRestoration (9ms)
Platform modules already initialized, skipping
Refreshing native plugins compatible for Editor in 1.21 ms, found 4 plugins.
Preloading 0 native plugins for Editor in 0.00 ms.
Unloading 4046 Unused Serialized files (Serialized files now loaded: 0)
Unloading 38 unused Assets / (1.2 MB). Loaded Objects now: 4545.
Memory consumption went from 163.8 MB to 162.6 MB.
Total: 3.637400 ms (FindLiveObjects: 0.372400 ms CreateObjectMapping: 0.113100 ms MarkObjects: 2.798800 ms  DeleteObjects: 0.352000 ms)

AssetImportParameters requested are different than current active one (requested -> active):
  custom:video-decoder-ogg-theora: a1e56fd34408186e4bbccfd4996cb3dc -> 
  custom:container-muxer-webm: aa71ff27fc2769a1b78a27578f13a17b -> 
  custom:container-demuxer-webm: 4f35f7cbe854078d1ac9338744f61a02 -> 
  custom:video-encoder-webm-vp8: eb34c28f22e8b96e1ab97ce403110664 -> 
  custom:audio-encoder-webm-vorbis: bf7c407c2cedff20999df2af8eb42d56 -> 
  custom:framework-win-MediaFoundation: 216162199b28c13a410421893ffa2e32 -> 
  custom:container-demuxer-ogg: 62fdf1f143b41e24485cea50d1cbac27 -> 
  custom:video-decoder-webm-vp8: 9c59270c3fd7afecdb556c50c9e8de78 -> 
  custom:audio-decoder-ogg-vorbis: bf7c407c2cedff20999df2af8eb42d56 -> 
========================================================================
Received Prepare
Registering precompiled user dll's ...
Registered in 0.010948 seconds.
Begin MonoManager ReloadAssembly
Native extension for WindowsStandalone target not found
Native extension for WebGL target not found
Refreshing native plugins compatible for Editor in 1.39 ms, found 4 plugins.
Preloading 0 native plugins for Editor in 0.00 ms.
Mono: successfully reloaded assembly
- Completed reload, in  1.172 seconds
Domain Reload Profiling:
	ReloadAssembly (1173ms)
		BeginReloadAssembly (124ms)
			ExecutionOrderSort (0ms)
			DisableScriptedObjects (7ms)
			BackupInstance (0ms)
			ReleaseScriptingObjects (0ms)
			CreateAndSetChildDomain (34ms)
		EndReloadAssembly (961ms)
			LoadAssemblies (76ms)
			RebuildTransferFunctionScriptingTraits (0ms)
			SetupTypeCache (221ms)
			ReleaseScriptCaches (1ms)
			RebuildScriptCaches (44ms)
			SetupLoadedEditorAssemblies (511ms)
				LogAssemblyErrors (0ms)
				InitializePlatformSupportModulesInManaged (13ms)
				SetLoadedEditorAssemblies (1ms)
				RefreshPlugins (1ms)
				BeforeProcessingInitializeOnLoad (89ms)
				ProcessInitializeOnLoadAttributes (368ms)
				ProcessInitializeOnLoadMethodAttributes (33ms)
				AfterProcessingInitializeOnLoad (5ms)
				EditorAssembliesLoaded (0ms)
			ExecutionOrderSort2 (0ms)
			AwakeInstancesAfterBackupRestoration (7ms)
Platform modules already initialized, skipping
Refreshing native plugins compatible for Editor in 0.77 ms, found 4 plugins.
Preloading 0 native plugins for Editor in 0.00 ms.
Unloading 4046 Unused Serialized files (Serialized files now loaded: 0)
Unloading 38 unused Assets / (1.2 MB). Loaded Objects now: 4547.
Memory consumption went from 163.8 MB to 162.6 MB.
Total: 3.120700 ms (FindLiveObjects: 0.322900 ms CreateObjectMapping: 0.100100 ms MarkObjects: 2.467900 ms  DeleteObjects: 0.229100 ms)

AssetImportParameters requested are different than current active one (requested -> active):
  custom:video-decoder-ogg-theora: a1e56fd34408186e4bbccfd4996cb3dc -> 
  custom:container-muxer-webm: aa71ff27fc2769a1b78a27578f13a17b -> 
  custom:container-demuxer-webm: 4f35f7cbe854078d1ac9338744f61a02 -> 
  custom:video-encoder-webm-vp8: eb34c28f22e8b96e1ab97ce403110664 -> 
  custom:audio-encoder-webm-vorbis: bf7c407c2cedff20999df2af8eb42d56 -> 
  custom:framework-win-MediaFoundation: 216162199b28c13a410421893ffa2e32 -> 
  custom:container-demuxer-ogg: 62fdf1f143b41e24485cea50d1cbac27 -> 
  custom:video-decoder-webm-vp8: 9c59270c3fd7afecdb556c50c9e8de78 -> 
  custom:audio-decoder-ogg-vorbis: bf7c407c2cedff20999df2af8eb42d56 -> 
========================================================================
Received Prepare
Registering precompiled user dll's ...
Registered in 0.011789 seconds.
Begin MonoManager ReloadAssembly
Native extension for WindowsStandalone target not found
Native extension for WebGL target not found
Refreshing native plugins compatible for Editor in 0.84 ms, found 4 plugins.
Preloading 0 native plugins for Editor in 0.00 ms.
Mono: successfully reloaded assembly
- Completed reload, in  1.193 seconds
Domain Reload Profiling:
	ReloadAssembly (1194ms)
		BeginReloadAssembly (125ms)
			ExecutionOrderSort (0ms)
			DisableScriptedObjects (6ms)
			BackupInstance (0ms)
			ReleaseScriptingObjects (0ms)
			CreateAndSetChildDomain (35ms)
		EndReloadAssembly (975ms)
			LoadAssemblies (73ms)
			RebuildTransferFunctionScriptingTraits (0ms)
			SetupTypeCache (206ms)
			ReleaseScriptCaches (2ms)
			RebuildScriptCaches (46ms)
			SetupLoadedEditorAssemblies (534ms)
				LogAssemblyErrors (0ms)
				InitializePlatformSupportModulesInManaged (13ms)
				SetLoadedEditorAssemblies (0ms)
				RefreshPlugins (1ms)
				BeforeProcessingInitializeOnLoad (104ms)
				ProcessInitializeOnLoadAttributes (378ms)
				ProcessInitializeOnLoadMethodAttributes (33ms)
				AfterProcessingInitializeOnLoad (5ms)
				EditorAssembliesLoaded (0ms)
			ExecutionOrderSort2 (0ms)
			AwakeInstancesAfterBackupRestoration (8ms)
Platform modules already initialized, skipping
Refreshing native plugins compatible for Editor in 0.94 ms, found 4 plugins.
Preloading 0 native plugins for Editor in 0.00 ms.
Unloading 4046 Unused Serialized files (Serialized files now loaded: 0)
Unloading 38 unused Assets / (1.2 MB). Loaded Objects now: 4549.
Memory consumption went from 163.8 MB to 162.6 MB.
Total: 4.498900 ms (FindLiveObjects: 0.453800 ms CreateObjectMapping: 0.109600 ms MarkObjects: 3.427000 ms  DeleteObjects: 0.504200 ms)

AssetImportParameters requested are different than current active one (requested -> active):
  custom:video-decoder-ogg-theora: a1e56fd34408186e4bbccfd4996cb3dc -> 
  custom:container-muxer-webm: aa71ff27fc2769a1b78a27578f13a17b -> 
  custom:container-demuxer-webm: 4f35f7cbe854078d1ac9338744f61a02 -> 
  custom:video-encoder-webm-vp8: eb34c28f22e8b96e1ab97ce403110664 -> 
  custom:audio-encoder-webm-vorbis: bf7c407c2cedff20999df2af8eb42d56 -> 
  custom:framework-win-MediaFoundation: 216162199b28c13a410421893ffa2e32 -> 
  custom:container-demuxer-ogg: 62fdf1f143b41e24485cea50d1cbac27 -> 
  custom:video-decoder-webm-vp8: 9c59270c3fd7afecdb556c50c9e8de78 -> 
  custom:audio-decoder-ogg-vorbis: bf7c407c2cedff20999df2af8eb42d56 -> 
========================================================================
Received Import Request.
  Time since last request: 249.683196 seconds.
  path: Assets/Scenes/HubWorld.unity
  artifactKey: Guid(4490711615ed2944ab121a6a7b762f72) Importer(815301076,1909f56bfc062723c751e8b465ee728b)
Start importing Assets/Scenes/HubWorld.unity using Guid(4490711615ed2944ab121a6a7b762f72) Importer(815301076,1909f56bfc062723c751e8b465ee728b)  -> (artifact id: '7f2fb23036e7af6fb49fe62e64269282') in 0.026772 seconds 
========================================================================
Received Prepare
Registering precompiled user dll's ...
Registered in 0.011953 seconds.
Begin MonoManager ReloadAssembly
Native extension for WindowsStandalone target not found
Native extension for WebGL target not found
Refreshing native plugins compatible for Editor in 1.34 ms, found 4 plugins.
Preloading 0 native plugins for Editor in 0.00 ms.
Mono: successfully reloaded assembly
- Completed reload, in  1.171 seconds
Domain Reload Profiling:
	ReloadAssembly (1172ms)
		BeginReloadAssembly (128ms)
			ExecutionOrderSort (0ms)
			DisableScriptedObjects (6ms)
			BackupInstance (0ms)
			ReleaseScriptingObjects (0ms)
			CreateAndSetChildDomain (38ms)
		EndReloadAssembly (952ms)
			LoadAssemblies (78ms)
			RebuildTransferFunctionScriptingTraits (0ms)
			SetupTypeCache (202ms)
			ReleaseScriptCaches (2ms)
			RebuildScriptCaches (55ms)
			SetupLoadedEditorAssemblies (504ms)
				LogAssemblyErrors (0ms)
				InitializePlatformSupportModulesInManaged (11ms)
				SetLoadedEditorAssemblies (0ms)
				RefreshPlugins (1ms)
				BeforeProcessingInitializeOnLoad (95ms)
				ProcessInitializeOnLoadAttributes (356ms)
				ProcessInitializeOnLoadMethodAttributes (34ms)
				AfterProcessingInitializeOnLoad (5ms)
				EditorAssembliesLoaded (0ms)
			ExecutionOrderSort2 (0ms)
			AwakeInstancesAfterBackupRestoration (8ms)
Platform modules already initialized, skipping
Refreshing native plugins compatible for Editor in 0.87 ms, found 4 plugins.
Preloading 0 native plugins for Editor in 0.00 ms.
Unloading 4046 Unused Serialized files (Serialized files now loaded: 0)
Unloading 38 unused Assets / (1.2 MB). Loaded Objects now: 4551.
Memory consumption went from 163.9 MB to 162.6 MB.
Total: 3.582300 ms (FindLiveObjects: 0.391200 ms CreateObjectMapping: 0.103500 ms MarkObjects: 2.841700 ms  DeleteObjects: 0.244400 ms)

AssetImportParameters requested are different than current active one (requested -> active):
  custom:video-decoder-ogg-theora: a1e56fd34408186e4bbccfd4996cb3dc -> 
  custom:container-muxer-webm: aa71ff27fc2769a1b78a27578f13a17b -> 
  custom:container-demuxer-webm: 4f35f7cbe854078d1ac9338744f61a02 -> 
  custom:video-encoder-webm-vp8: eb34c28f22e8b96e1ab97ce403110664 -> 
  custom:audio-encoder-webm-vorbis: bf7c407c2cedff20999df2af8eb42d56 -> 
  custom:framework-win-MediaFoundation: 216162199b28c13a410421893ffa2e32 -> 
  custom:container-demuxer-ogg: 62fdf1f143b41e24485cea50d1cbac27 -> 
  custom:video-decoder-webm-vp8: 9c59270c3fd7afecdb556c50c9e8de78 -> 
  custom:audio-decoder-ogg-vorbis: bf7c407c2cedff20999df2af8eb42d56 -> 
========================================================================
Received Prepare
Registering precompiled user dll's ...
Registered in 0.012121 seconds.
Begin MonoManager ReloadAssembly
Native extension for WindowsStandalone target not found
Native extension for WebGL target not found
Refreshing native plugins compatible for Editor in 0.91 ms, found 4 plugins.
Preloading 0 native plugins for Editor in 0.00 ms.
Mono: successfully reloaded assembly
- Completed reload, in  1.199 seconds
Domain Reload Profiling:
	ReloadAssembly (1200ms)
		BeginReloadAssembly (114ms)
			ExecutionOrderSort (0ms)
			DisableScriptedObjects (9ms)
			BackupInstance (0ms)
			ReleaseScriptingObjects (0ms)
			CreateAndSetChildDomain (33ms)
		EndReloadAssembly (995ms)
			LoadAssemblies (74ms)
			RebuildTransferFunctionScriptingTraits (0ms)
			SetupTypeCache (217ms)
			ReleaseScriptCaches (1ms)
			RebuildScriptCaches (52ms)
			SetupLoadedEditorAssemblies (530ms)
				LogAssemblyErrors (0ms)
				InitializePlatformSupportModulesInManaged (11ms)
				SetLoadedEditorAssemblies (0ms)
				RefreshPlugins (1ms)
				BeforeProcessingInitializeOnLoad (93ms)
				ProcessInitializeOnLoadAttributes (384ms)
				ProcessInitializeOnLoadMethodAttributes (35ms)
				AfterProcessingInitializeOnLoad (5ms)
				EditorAssembliesLoaded (0ms)
			ExecutionOrderSort2 (0ms)
			AwakeInstancesAfterBackupRestoration (7ms)
Platform modules already initialized, skipping
Refreshing native plugins compatible for Editor in 0.83 ms, found 4 plugins.
Preloading 0 native plugins for Editor in 0.00 ms.
Unloading 4046 Unused Serialized files (Serialized files now loaded: 0)
Unloading 38 unused Assets / (1.2 MB). Loaded Objects now: 4553.
Memory consumption went from 163.9 MB to 162.6 MB.
Total: 3.320400 ms (FindLiveObjects: 0.355700 ms CreateObjectMapping: 0.101800 ms MarkObjects: 2.616400 ms  DeleteObjects: 0.245900 ms)

AssetImportParameters requested are different than current active one (requested -> active):
  custom:video-decoder-ogg-theora: a1e56fd34408186e4bbccfd4996cb3dc -> 
  custom:container-muxer-webm: aa71ff27fc2769a1b78a27578f13a17b -> 
  custom:container-demuxer-webm: 4f35f7cbe854078d1ac9338744f61a02 -> 
  custom:video-encoder-webm-vp8: eb34c28f22e8b96e1ab97ce403110664 -> 
  custom:audio-encoder-webm-vorbis: bf7c407c2cedff20999df2af8eb42d56 -> 
  custom:framework-win-MediaFoundation: 216162199b28c13a410421893ffa2e32 -> 
  custom:container-demuxer-ogg: 62fdf1f143b41e24485cea50d1cbac27 -> 
  custom:video-decoder-webm-vp8: 9c59270c3fd7afecdb556c50c9e8de78 -> 
  custom:audio-decoder-ogg-vorbis: bf7c407c2cedff20999df2af8eb42d56 -> 
========================================================================
Received Import Request.
  Time since last request: 72.190417 seconds.
  path: Assets/Sprites
  artifactKey: Guid(e7cef7d4b9d83cc4da999d410cd6c374) Importer(815301076,1909f56bfc062723c751e8b465ee728b)
Start importing Assets/Sprites using Guid(e7cef7d4b9d83cc4da999d410cd6c374) Importer(815301076,1909f56bfc062723c751e8b465ee728b)  -> (artifact id: '96be16216707dcbfbec94120e54f8944') in 0.012003 seconds 
========================================================================
Received Import Request.
  Time since last request: 0.092159 seconds.
  path: Assets/Sprites/door11 (1) (1).psd
  artifactKey: Guid(93bb858243142b847b023b162414d056) Importer(815301076,1909f56bfc062723c751e8b465ee728b)
Start importing Assets/Sprites/door11 (1) (1).psd using Guid(93bb858243142b847b023b162414d056) Importer(815301076,1909f56bfc062723c751e8b465ee728b)  -> (artifact id: '7a99546caa35b229bab27f71ea6c05df') in 0.124673 seconds 
========================================================================
Received Import Request.
  Time since last request: 0.000414 seconds.
  path: Assets/Sprites/TileEditor_Wall.asset
  artifactKey: Guid(7d9209e19af0de7469a369961c59d2be) Importer(815301076,1909f56bfc062723c751e8b465ee728b)
Start importing Assets/Sprites/TileEditor_Wall.asset using Guid(7d9209e19af0de7469a369961c59d2be) Importer(815301076,1909f56bfc062723c751e8b465ee728b)  -> (artifact id: '9f3639bd796e0ab66f044efc3d294625') in 0.040378 seconds 
========================================================================
Received Import Request.
  Time since last request: 18.421743 seconds.
  path: Assets/Sprites/Environment
  artifactKey: Guid(ca648ba23bfbdb543900c8f7954ba5dd) Importer(815301076,1909f56bfc062723c751e8b465ee728b)
Start importing Assets/Sprites/Environment using Guid(ca648ba23bfbdb543900c8f7954ba5dd) Importer(815301076,1909f56bfc062723c751e8b465ee728b)  -> (artifact id: 'e81bf979491be26b942c1b0881ab3acc') in 0.005815 seconds 
========================================================================
Received Import Request.
  Time since last request: 0.208846 seconds.
  path: Assets/Sprites/Environment/Door.psd
  artifactKey: Guid(b26d4dddc34d3a049a52b34ca7bfec04) Importer(815301076,1909f56bfc062723c751e8b465ee728b)
Start importing Assets/Sprites/Environment/Door.psd using Guid(b26d4dddc34d3a049a52b34ca7bfec04) Importer(815301076,1909f56bfc062723c751e8b465ee728b)  -> (artifact id: '3b65daad9b64fafb2fc220b4b0039086') in 0.038443 seconds 
========================================================================
Received Import Request.
  Time since last request: 0.000035 seconds.
  path: Assets/Sprites/Environment/TileMap_3.asset
  artifactKey: Guid(150793b610b17a74e85d73540f2bfdc6) Importer(815301076,1909f56bfc062723c751e8b465ee728b)
Start importing Assets/Sprites/Environment/TileMap_3.asset using Guid(150793b610b17a74e85d73540f2bfdc6) Importer(815301076,1909f56bfc062723c751e8b465ee728b)  -> (artifact id: '6e62e3a6bd98a153c489e526a7d13c04') in 0.020027 seconds 
========================================================================
Received Import Request.
  Time since last request: 0.000021 seconds.
  path: Assets/Sprites/Environment/TileMap_30.asset
  artifactKey: Guid(566f302aae964394aa4d5684d006aef9) Importer(815301076,1909f56bfc062723c751e8b465ee728b)
Start importing Assets/Sprites/Environment/TileMap_30.asset using Guid(566f302aae964394aa4d5684d006aef9) Importer(815301076,1909f56bfc062723c751e8b465ee728b)  -> (artifact id: '6b4f48d33f49ffaf812822028f547e3a') in 0.017811 seconds 
========================================================================
Received Import Request.
  Time since last request: 0.000021 seconds.
  path: Assets/Sprites/Environment/Utensils.asset
  artifactKey: Guid(aec8935a54c7093449eaf6285d6e763b) Importer(815301076,1909f56bfc062723c751e8b465ee728b)
Start importing Assets/Sprites/Environment/Utensils.asset using Guid(aec8935a54c7093449eaf6285d6e763b) Importer(815301076,1909f56bfc062723c751e8b465ee728b)  -> (artifact id: 'ce5e4fd88b42619b74caabb84ce37f41') in 0.017924 seconds 
========================================================================
Received Import Request.
  Time since last request: 0.000032 seconds.
  path: Assets/Sprites/Environment/TileMap_18.asset
  artifactKey: Guid(2440b1f2a39265f4cb9944b1ebecf083) Importer(815301076,1909f56bfc062723c751e8b465ee728b)
Start importing Assets/Sprites/Environment/TileMap_18.asset using Guid(2440b1f2a39265f4cb9944b1ebecf083) Importer(815301076,1909f56bfc062723c751e8b465ee728b)  -> (artifact id: '2a82a59ca9e199eaf52cdc6468c36138') in 0.021332 seconds 
========================================================================
Received Import Request.
  Time since last request: 0.000026 seconds.
  path: Assets/Sprites/Environment/TileMap_26.asset
  artifactKey: Guid(b959bbdab48150c409d2142c3a3a98a5) Importer(815301076,1909f56bfc062723c751e8b465ee728b)
Start importing Assets/Sprites/Environment/TileMap_26.asset using Guid(b959bbdab48150c409d2142c3a3a98a5) Importer(815301076,1909f56bfc062723c751e8b465ee728b)  -> (artifact id: 'e5996d4e720f723f467d404c4ad9779e') in 0.019513 seconds 
========================================================================
Received Import Request.
  Time since last request: 0.000024 seconds.
  path: Assets/Sprites/Environment/Door_3.asset
  artifactKey: Guid(efe9bc634631f3e4d9c59ec42ac2b3b1) Importer(815301076,1909f56bfc062723c751e8b465ee728b)
Start importing Assets/Sprites/Environment/Door_3.asset using Guid(efe9bc634631f3e4d9c59ec42ac2b3b1) Importer(815301076,1909f56bfc062723c751e8b465ee728b)  -> (artifact id: 'dc780810f78fa0c4259151ba65eaf515') in 0.016630 seconds 
========================================================================
Received Import Request.
  Time since last request: 0.000031 seconds.
  path: Assets/Sprites/Environment/GroundAtlas.spriteatlas
  artifactKey: Guid(20db7687adcf95f42955400d1921abae) Importer(815301076,1909f56bfc062723c751e8b465ee728b)
Start importing Assets/Sprites/Environment/GroundAtlas.spriteatlas using Guid(20db7687adcf95f42955400d1921abae) Importer(815301076,1909f56bfc062723c751e8b465ee728b)  -> (artifact id: 'bd11cf15c94e46735999c781d3087260') in 0.012215 seconds 
========================================================================
Received Import Request.
  Time since last request: 0.000025 seconds.
  path: Assets/Sprites/Environment/TileMap_13.asset
  artifactKey: Guid(38d819f98f686334c9a7825868861b37) Importer(815301076,1909f56bfc062723c751e8b465ee728b)
Start importing Assets/Sprites/Environment/TileMap_13.asset using Guid(38d819f98f686334c9a7825868861b37) Importer(815301076,1909f56bfc062723c751e8b465ee728b)  -> (artifact id: '63ba7c5ae774ee26194ed2ab0d4130be') in 0.017130 seconds 
========================================================================
Received Import Request.
  Time since last request: 0.000023 seconds.
  path: Assets/Sprites/Environment/door11 (1) (1)_2.asset
  artifactKey: Guid(400ec0ddbd583ed439783a8d5dda8d33) Importer(815301076,1909f56bfc062723c751e8b465ee728b)
Start importing Assets/Sprites/Environment/door11 (1) (1)_2.asset using Guid(400ec0ddbd583ed439783a8d5dda8d33) Importer(815301076,1909f56bfc062723c751e8b465ee728b)  -> (artifact id: 'a91d6d7ef7d69f3599dc43e6cdc90586') in 0.018084 seconds 
========================================================================
Received Import Request.
  Time since last request: 0.000042 seconds.
  path: Assets/Sprites/Environment/Walls Cheat Sheet.psd
  artifactKey: Guid(3e3b81ccf3cb73840874679d84f447d0) Importer(815301076,1909f56bfc062723c751e8b465ee728b)
Start importing Assets/Sprites/Environment/Walls Cheat Sheet.psd using Guid(3e3b81ccf3cb73840874679d84f447d0) Importer(815301076,1909f56bfc062723c751e8b465ee728b)  -> (artifact id: '95b944fece89645484edd0a09c40ddcb') in 0.018448 seconds 
========================================================================
Received Import Request.
  Time since last request: 0.000024 seconds.
  path: Assets/Sprites/Environment/TileMap_32.asset
  artifactKey: Guid(a6d0dcd03c7f213498c9c5df3dfcee32) Importer(815301076,1909f56bfc062723c751e8b465ee728b)
Start importing Assets/Sprites/Environment/TileMap_32.asset using Guid(a6d0dcd03c7f213498c9c5df3dfcee32) Importer(815301076,1909f56bfc062723c751e8b465ee728b)  -> (artifact id: '5c17bda234e860780daa09b63092fb78') in 0.015888 seconds 
========================================================================
Received Import Request.
  Time since last request: 0.000054 seconds.
  path: Assets/Sprites/Environment/TileMap.psd
  artifactKey: Guid(1008c2b363e95dd489cf4c59e41a17c2) Importer(815301076,1909f56bfc062723c751e8b465ee728b)
Start importing Assets/Sprites/Environment/TileMap.psd using Guid(1008c2b363e95dd489cf4c59e41a17c2) Importer(815301076,1909f56bfc062723c751e8b465ee728b)  -> (artifact id: 'de23b878ea9aa159c8bf519adef800ae') in 0.126258 seconds 
========================================================================
Received Import Request.
  Time since last request: 0.000030 seconds.
  path: Assets/Sprites/Environment/door11 (1) (1)_3.asset
  artifactKey: Guid(959f6cd01b7edbd4fa912c55a451e506) Importer(815301076,1909f56bfc062723c751e8b465ee728b)
Start importing Assets/Sprites/Environment/door11 (1) (1)_3.asset using Guid(959f6cd01b7edbd4fa912c55a451e506) Importer(815301076,1909f56bfc062723c751e8b465ee728b)  -> (artifact id: '518d3b1a974fef00b034f4d19765e689') in 0.018383 seconds 
========================================================================
Received Import Request.
  Time since last request: 0.000036 seconds.
  path: Assets/Sprites/Environment/Utensils.png
  artifactKey: Guid(8596c7d2dc039ba41b4fc95ba4ff3f5d) Importer(815301076,1909f56bfc062723c751e8b465ee728b)
Start importing Assets/Sprites/Environment/Utensils.png using Guid(8596c7d2dc039ba41b4fc95ba4ff3f5d) Importer(815301076,1909f56bfc062723c751e8b465ee728b)  -> (artifact id: 'c10c60bf44760c4f59468c52015abcf6') in 0.049222 seconds 
========================================================================
Received Import Request.
  Time since last request: 0.000015 seconds.
  path: Assets/Sprites/Environment/TileMap_8.asset
  artifactKey: Guid(862b65d89e50f3e4c91761b296f550cb) Importer(815301076,1909f56bfc062723c751e8b465ee728b)
Start importing Assets/Sprites/Environment/TileMap_8.asset using Guid(862b65d89e50f3e4c91761b296f550cb) Importer(815301076,1909f56bfc062723c751e8b465ee728b)  -> (artifact id: '5e5eb50c183d8235217376d2585ffa2c') in 0.018995 seconds 
========================================================================
Received Import Request.
  Time since last request: 0.000021 seconds.
  path: Assets/Sprites/Environment/Door_0.asset
  artifactKey: Guid(b862d1ddd6e81db40b30e3653ac4c0f3) Importer(815301076,1909f56bfc062723c751e8b465ee728b)
Start importing Assets/Sprites/Environment/Door_0.asset using Guid(b862d1ddd6e81db40b30e3653ac4c0f3) Importer(815301076,1909f56bfc062723c751e8b465ee728b)  -> (artifact id: '2022d2e68e31fffd6a4c19e5f1a4bfa9') in 0.015012 seconds 
========================================================================
Received Import Request.
  Time since last request: 0.000018 seconds.
  path: Assets/Sprites/Environment/door11 (1) (1)_6.asset
  artifactKey: Guid(2d49e89d0150dc9469d60c23b9fee977) Importer(815301076,1909f56bfc062723c751e8b465ee728b)
Start importing Assets/Sprites/Environment/door11 (1) (1)_6.asset using Guid(2d49e89d0150dc9469d60c23b9fee977) Importer(815301076,1909f56bfc062723c751e8b465ee728b)  -> (artifact id: 'b6b2739893e31f9a15713b3f3f65f88d') in 0.016619 seconds 
========================================================================
Received Import Request.
  Time since last request: 0.000021 seconds.
  path: Assets/Sprites/Environment/TileMap_19.asset
  artifactKey: Guid(130eee02c3b297340a3ff588a9f79f14) Importer(815301076,1909f56bfc062723c751e8b465ee728b)
Start importing Assets/Sprites/Environment/TileMap_19.asset using Guid(130eee02c3b297340a3ff588a9f79f14) Importer(815301076,1909f56bfc062723c751e8b465ee728b)  -> (artifact id: '2a2881bd37522455fb65335f4f844a57') in 0.022187 seconds 
========================================================================
Received Import Request.
  Time since last request: 9.173530 seconds.
  path: Assets/Sprites/ConceptArt
  artifactKey: Guid(38957b8c8a6a4e74e89d1b66a1cbe057) Importer(815301076,1909f56bfc062723c751e8b465ee728b)
Start importing Assets/Sprites/ConceptArt using Guid(38957b8c8a6a4e74e89d1b66a1cbe057) Importer(815301076,1909f56bfc062723c751e8b465ee728b)  -> (artifact id: '4d27af80cf7fd5ecab031cce41dfa486') in 0.009386 seconds 
========================================================================
Received Import Request.
  Time since last request: 0.073366 seconds.
  path: Assets/Sprites/ConceptArt/AngryCarrot.png
  artifactKey: Guid(8023ccdc0d59c7b41b8716774343535c) Importer(815301076,1909f56bfc062723c751e8b465ee728b)
Start importing Assets/Sprites/ConceptArt/AngryCarrot.png using Guid(8023ccdc0d59c7b41b8716774343535c) Importer(815301076,1909f56bfc062723c751e8b465ee728b)  -> (artifact id: 'ae4584c3a4d0223c277d6cf8fa503eee') in 0.023093 seconds 
========================================================================
Received Import Request.
  Time since last request: 0.000026 seconds.
  path: Assets/Sprites/ConceptArt/AngryHotDogIdle.png
  artifactKey: Guid(b9fb7f8948e945b46b6f94428b8a98a6) Importer(815301076,1909f56bfc062723c751e8b465ee728b)
Start importing Assets/Sprites/ConceptArt/AngryHotDogIdle.png using Guid(b9fb7f8948e945b46b6f94428b8a98a6) Importer(815301076,1909f56bfc062723c751e8b465ee728b)  -> (artifact id: 'f9c82487e5266d6cab7861830e23bd47') in 0.053990 seconds 
========================================================================
Received Import Request.
  Time since last request: 0.000026 seconds.
  path: Assets/Sprites/ConceptArt/New Piskel.png
  artifactKey: Guid(88d7e98ee726c5a4b934998438288d69) Importer(815301076,1909f56bfc062723c751e8b465ee728b)
Start importing Assets/Sprites/ConceptArt/New Piskel.png using Guid(88d7e98ee726c5a4b934998438288d69) Importer(815301076,1909f56bfc062723c751e8b465ee728b)  -> (artifact id: '0b1e032451295f0f005298a30630f132') in 0.025870 seconds 
========================================================================
Received Import Request.
  Time since last request: 0.000042 seconds.
  path: Assets/Sprites/ConceptArt/Pizza.png
  artifactKey: Guid(09fbf0d400303544e929e84b4dc011cd) Importer(815301076,1909f56bfc062723c751e8b465ee728b)
Start importing Assets/Sprites/ConceptArt/Pizza.png using Guid(09fbf0d400303544e929e84b4dc011cd) Importer(815301076,1909f56bfc062723c751e8b465ee728b)  -> (artifact id: 'af34985b105ae9c730956814bc445fbc') in 0.022197 seconds 
========================================================================
Received Import Request.
  Time since last request: 0.000028 seconds.
  path: Assets/Sprites/ConceptArt/Dungeon_Tileset.png
  artifactKey: Guid(5cc7113ff0131cb4f97c7d1010958bda) Importer(815301076,1909f56bfc062723c751e8b465ee728b)
Start importing Assets/Sprites/ConceptArt/Dungeon_Tileset.png using Guid(5cc7113ff0131cb4f97c7d1010958bda) Importer(815301076,1909f56bfc062723c751e8b465ee728b)  -> (artifact id: 'a386ed4e9d4a4a91dc8ea2770ff2430a') in 0.029802 seconds 
========================================================================
Received Import Request.
  Time since last request: 0.000025 seconds.
  path: Assets/Sprites/ConceptArt/Mushroom2Idle.png
  artifactKey: Guid(9ac2afd316b044d458ee488f96f8f386) Importer(815301076,1909f56bfc062723c751e8b465ee728b)
Start importing Assets/Sprites/ConceptArt/Mushroom2Idle.png using Guid(9ac2afd316b044d458ee488f96f8f386) Importer(815301076,1909f56bfc062723c751e8b465ee728b)  -> (artifact id: 'd257dab523fd5d06639f8bb967c9501e') in 0.037904 seconds 
========================================================================
Received Import Request.
  Time since last request: 0.000033 seconds.
  path: Assets/Sprites/ConceptArt/AngryHotDog.png
  artifactKey: Guid(205a45d3d060cff40b09bd51093f652b) Importer(815301076,1909f56bfc062723c751e8b465ee728b)
Start importing Assets/Sprites/ConceptArt/AngryHotDog.png using Guid(205a45d3d060cff40b09bd51093f652b) Importer(815301076,1909f56bfc062723c751e8b465ee728b)  -> (artifact id: '0ada88678a0a0767a0f16df6b4e59035') in 0.023274 seconds 
========================================================================
Received Import Request.
  Time since last request: 0.000027 seconds.
  path: Assets/Sprites/ConceptArt/Mushroom2Idle (1).png
  artifactKey: Guid(a8aa2db71f5d5fa4faa1351de433db53) Importer(815301076,1909f56bfc062723c751e8b465ee728b)
Start importing Assets/Sprites/ConceptArt/Mushroom2Idle (1).png using Guid(a8aa2db71f5d5fa4faa1351de433db53) Importer(815301076,1909f56bfc062723c751e8b465ee728b)  -> (artifact id: '1d980718f3638fc0e2d47148809ffd36') in 0.027469 seconds 
========================================================================
Received Import Request.
  Time since last request: 0.000033 seconds.
  path: Assets/Sprites/ConceptArt/AngryCarrotWalking.gif
  artifactKey: Guid(4e395db0b25775a43a96d825eb7f3779) Importer(815301076,1909f56bfc062723c751e8b465ee728b)
Start importing Assets/Sprites/ConceptArt/AngryCarrotWalking.gif using Guid(4e395db0b25775a43a96d825eb7f3779) Importer(815301076,1909f56bfc062723c751e8b465ee728b)  -> (artifact id: '3eda80df2b748729fe7bd636a499d76a') in 0.022149 seconds 
========================================================================
Received Import Request.
  Time since last request: 0.000023 seconds.
  path: Assets/Sprites/ConceptArt/pear36-32x.png
  artifactKey: Guid(f5507494f79c09544a6c99cb9e597060) Importer(815301076,1909f56bfc062723c751e8b465ee728b)
Start importing Assets/Sprites/ConceptArt/pear36-32x.png using Guid(f5507494f79c09544a6c99cb9e597060) Importer(815301076,1909f56bfc062723c751e8b465ee728b)  -> (artifact id: '6abfb316d933ab9c2072da5c3b8452fa') in 0.024724 seconds 
========================================================================
Received Import Request.
  Time since last request: 0.000034 seconds.
  path: Assets/Sprites/ConceptArt/Mushroom2.png
  artifactKey: Guid(1d75af8b0c1f8f84fb9524b0209b8c17) Importer(815301076,1909f56bfc062723c751e8b465ee728b)
Start importing Assets/Sprites/ConceptArt/Mushroom2.png using Guid(1d75af8b0c1f8f84fb9524b0209b8c17) Importer(815301076,1909f56bfc062723c751e8b465ee728b)  -> (artifact id: 'f2fe26149f538016a8e425b0a7bbcb58') in 0.034486 seconds 
========================================================================
Received Import Request.
  Time since last request: 0.778186 seconds.
  path: Assets/Sprites/ConceptArt/PlayerIdle.png
  artifactKey: Guid(e6391bc1023ebf94ab692334ececf248) Importer(815301076,1909f56bfc062723c751e8b465ee728b)
Start importing Assets/Sprites/ConceptArt/PlayerIdle.png using Guid(e6391bc1023ebf94ab692334ececf248) Importer(815301076,1909f56bfc062723c751e8b465ee728b)  -> (artifact id: 'de8520f3899e9de1518a1e72909db87c') in 0.026185 seconds 
========================================================================
Received Import Request.
  Time since last request: 0.000036 seconds.
  path: Assets/Sprites/ConceptArt/SideWallLeft.png
  artifactKey: Guid(7e38db15b9cb7964c94d56705fac80f3) Importer(815301076,1909f56bfc062723c751e8b465ee728b)
Start importing Assets/Sprites/ConceptArt/SideWallLeft.png using Guid(7e38db15b9cb7964c94d56705fac80f3) Importer(815301076,1909f56bfc062723c751e8b465ee728b)  -> (artifact id: '4d244a5d2ce1c70bcc0510b0bd60811c') in 0.026837 seconds 
========================================================================
Received Import Request.
  Time since last request: 0.000027 seconds.
  path: Assets/Sprites/ConceptArt/Stove.png
  artifactKey: Guid(f0da0c37ecca39141ac9f82b7a940942) Importer(815301076,1909f56bfc062723c751e8b465ee728b)
Start importing Assets/Sprites/ConceptArt/Stove.png using Guid(f0da0c37ecca39141ac9f82b7a940942) Importer(815301076,1909f56bfc062723c751e8b465ee728b)  -> (artifact id: '341c2a762129ba8b953237756fdbf614') in 0.022320 seconds 
========================================================================
Received Import Request.
  Time since last request: 0.120925 seconds.
  path: Assets/Sprites/ConceptArt/Wall.png
  artifactKey: Guid(b64d425aa27d4204d84f163a2432b2d5) Importer(815301076,1909f56bfc062723c751e8b465ee728b)
Start importing Assets/Sprites/ConceptArt/Wall.png using Guid(b64d425aa27d4204d84f163a2432b2d5) Importer(815301076,1909f56bfc062723c751e8b465ee728b)  -> (artifact id: 'aa8a38d87d06d76d99a0adf87347eab9') in 0.019475 seconds 
========================================================================
Received Import Request.
  Time since last request: 0.000026 seconds.
  path: Assets/Sprites/ConceptArt/WallNorthUp.png
  artifactKey: Guid(3bf637447d4ca69449bd9a183134bd8f) Importer(815301076,1909f56bfc062723c751e8b465ee728b)
Start importing Assets/Sprites/ConceptArt/WallNorthUp.png using Guid(3bf637447d4ca69449bd9a183134bd8f) Importer(815301076,1909f56bfc062723c751e8b465ee728b)  -> (artifact id: 'e4a2c1f5c2e67b839bb5adaea8e83190') in 0.019328 seconds 
========================================================================
Received Import Request.
  Time since last request: 6.293139 seconds.
  path: Assets/Sprites/ConceptArt/DoorsEast 1.png
  artifactKey: Guid(e3cfe22a5c454cf439544a7e8bfc0a91) Importer(815301076,1909f56bfc062723c751e8b465ee728b)
Start importing Assets/Sprites/ConceptArt/DoorsEast 1.png using Guid(e3cfe22a5c454cf439544a7e8bfc0a91) Importer(815301076,1909f56bfc062723c751e8b465ee728b)  -> (artifact id: 'f4385b0387e2feb3b9dc91131b01aa4e') in 0.015938 seconds 
========================================================================
Received Import Request.
  Time since last request: 26.098561 seconds.
  path: Assets/Sprites/ConceptArt/DoorsSouth.png
  artifactKey: Guid(7d9d888bb2f7c7c47a8d4c728ae69929) Importer(815301076,1909f56bfc062723c751e8b465ee728b)
Start importing Assets/Sprites/ConceptArt/DoorsSouth.png using Guid(7d9d888bb2f7c7c47a8d4c728ae69929) Importer(815301076,1909f56bfc062723c751e8b465ee728b)  -> (artifact id: '295c2eea4ad365aa0952d30b9b119b80') in 0.011841 seconds 
========================================================================
Received Import Request.
  Time since last request: 0.013150 seconds.
  path: Assets/Sprites/ConceptArt/DoorsEast.png
  artifactKey: Guid(235e9f65c65ce1f49adc714986423263) Importer(815301076,1909f56bfc062723c751e8b465ee728b)
Start importing Assets/Sprites/ConceptArt/DoorsEast.png using Guid(235e9f65c65ce1f49adc714986423263) Importer(815301076,1909f56bfc062723c751e8b465ee728b)  -> (artifact id: 'b3ccf13ba675e095e6fabcd588874c45') in 0.016476 seconds 
========================================================================
Received Import Request.
  Time since last request: 4.428904 seconds.
  path: Assets/Sprites/ConceptArt/DoorsSouth.png
  artifactKey: Guid(7d9d888bb2f7c7c47a8d4c728ae69929) Importer(815301076,1909f56bfc062723c751e8b465ee728b)
Start importing Assets/Sprites/ConceptArt/DoorsSouth.png using Guid(7d9d888bb2f7c7c47a8d4c728ae69929) Importer(815301076,1909f56bfc062723c751e8b465ee728b)  -> (artifact id: '9bdb50f4c25e3ecc2151395f81746c10') in 0.008283 seconds 
========================================================================
Received Import Request.
  Time since last request: 0.025210 seconds.
  path: Assets/Sprites/ConceptArt/DoorsEast.png
  artifactKey: Guid(235e9f65c65ce1f49adc714986423263) Importer(815301076,1909f56bfc062723c751e8b465ee728b)
Start importing Assets/Sprites/ConceptArt/DoorsEast.png using Guid(235e9f65c65ce1f49adc714986423263) Importer(815301076,1909f56bfc062723c751e8b465ee728b)  -> (artifact id: '743b7607228c3a1abb5bf06275b7530e') in 0.009999 seconds 
========================================================================
Received Import Request.
  Time since last request: 23.151637 seconds.
  path: Assets/Sprites/ConceptArt/DoorsEast.png
  artifactKey: Guid(235e9f65c65ce1f49adc714986423263) Importer(815301076,1909f56bfc062723c751e8b465ee728b)
Start importing Assets/Sprites/ConceptArt/DoorsEast.png using Guid(235e9f65c65ce1f49adc714986423263) Importer(815301076,1909f56bfc062723c751e8b465ee728b)  -> (artifact id: 'be991134851afcec5acac015814410d6') in 0.024443 seconds 
========================================================================
Received Import Request.
  Time since last request: 9.632492 seconds.
  path: Assets/Sprites/ConceptArt/DoorsNorth.png
  artifactKey: Guid(ce424bad7d4e34f4594dd363b88abf67) Importer(815301076,1909f56bfc062723c751e8b465ee728b)
Start importing Assets/Sprites/ConceptArt/DoorsNorth.png using Guid(ce424bad7d4e34f4594dd363b88abf67) Importer(815301076,1909f56bfc062723c751e8b465ee728b)  -> (artifact id: 'db1662eced9c7ec72237fc154d115e1d') in 0.027446 seconds 
========================================================================
Received Import Request.
  Time since last request: 4.212262 seconds.
  path: Assets/Sprites/ConceptArt/DoorsSouth.png
  artifactKey: Guid(7d9d888bb2f7c7c47a8d4c728ae69929) Importer(815301076,1909f56bfc062723c751e8b465ee728b)
Start importing Assets/Sprites/ConceptArt/DoorsSouth.png using Guid(7d9d888bb2f7c7c47a8d4c728ae69929) Importer(815301076,1909f56bfc062723c751e8b465ee728b)  -> (artifact id: '4e76594462eb1d1a64dff825f5e550e8') in 0.021713 seconds 
========================================================================
Received Import Request.
  Time since last request: 7.290391 seconds.
  path: Assets/Sprites/ConceptArt/DoorsWest.png
  artifactKey: Guid(0b0f1c5b84a71854297fd342877f8e24) Importer(815301076,1909f56bfc062723c751e8b465ee728b)
Start importing Assets/Sprites/ConceptArt/DoorsWest.png using Guid(0b0f1c5b84a71854297fd342877f8e24) Importer(815301076,1909f56bfc062723c751e8b465ee728b)  -> (artifact id: '2eb82613768b1a8ed527e22998076473') in 0.023449 seconds 
========================================================================
Received Import Request.
  Time since last request: 21.164856 seconds.
  path: Assets/Prefabs/Rooms/Door.prefab
  artifactKey: Guid(d1602a31a7c735f48945e59b89a4ca67) Importer(815301076,1909f56bfc062723c751e8b465ee728b)
Start importing Assets/Prefabs/Rooms/Door.prefab using Guid(d1602a31a7c735f48945e59b89a4ca67) Importer(815301076,1909f56bfc062723c751e8b465ee728b)  -> (artifact id: '44ee428400778fc53d92e2fc75788431') in 0.043960 seconds 
========================================================================
Received Import Request.
  Time since last request: 0.000019 seconds.
  path: Assets/Prefabs/NorthDoor.prefab
  artifactKey: Guid(9b1dd425183ee594484109aa163833cc) Importer(815301076,1909f56bfc062723c751e8b465ee728b)
Start importing Assets/Prefabs/NorthDoor.prefab using Guid(9b1dd425183ee594484109aa163833cc) Importer(815301076,1909f56bfc062723c751e8b465ee728b)  -> (artifact id: '943728fec2371aa66b00019a31ecc37f') in 0.006179 seconds 
========================================================================
Received Import Request.
  Time since last request: 28.517943 seconds.
  path: Assets/Sprites/Enemy/AngryCarrotAnim.png
  artifactKey: Guid(4a59a05af5ae72c4d9d4b07d439f91ec) Importer(815301076,1909f56bfc062723c751e8b465ee728b)
Start importing Assets/Sprites/Enemy/AngryCarrotAnim.png using Guid(4a59a05af5ae72c4d9d4b07d439f91ec) Importer(815301076,1909f56bfc062723c751e8b465ee728b)  -> (artifact id: 'c5d1447444af88c19f9671c34ade843f') in 0.028078 seconds 
========================================================================
Received Import Request.
  Time since last request: 6.564341 seconds.
  path: Assets/Prefabs/Rooms/Door.prefab
  artifactKey: Guid(d1602a31a7c735f48945e59b89a4ca67) Importer(815301076,1909f56bfc062723c751e8b465ee728b)
Start importing Assets/Prefabs/Rooms/Door.prefab using Guid(d1602a31a7c735f48945e59b89a4ca67) Importer(815301076,1909f56bfc062723c751e8b465ee728b)  -> (artifact id: '5ff3fd2933c0fd2ae0640f149521d1b6') in 0.016761 seconds 
========================================================================
Received Import Request.
  Time since last request: 0.582498 seconds.
  path: Assets/Prefabs/Rooms/Door.prefab
  artifactKey: Guid(d1602a31a7c735f48945e59b89a4ca67) Importer(815301076,1909f56bfc062723c751e8b465ee728b)
Start importing Assets/Prefabs/Rooms/Door.prefab using Guid(d1602a31a7c735f48945e59b89a4ca67) Importer(815301076,1909f56bfc062723c751e8b465ee728b)  -> (artifact id: 'bc3b1e5eafd9948bb9323cc667274c8e') in 0.016491 seconds 
========================================================================
Received Import Request.
  Time since last request: 1.252491 seconds.
  path: Assets/Prefabs/Rooms/Door.prefab
  artifactKey: Guid(d1602a31a7c735f48945e59b89a4ca67) Importer(815301076,1909f56bfc062723c751e8b465ee728b)
Start importing Assets/Prefabs/Rooms/Door.prefab using Guid(d1602a31a7c735f48945e59b89a4ca67) Importer(815301076,1909f56bfc062723c751e8b465ee728b)  -> (artifact id: 'c3caaadb04d0e92402f8daaf28b6292d') in 0.014432 seconds 
========================================================================
Received Import Request.
  Time since last request: 1.443537 seconds.
  path: Assets/Prefabs/Rooms/Door.prefab
  artifactKey: Guid(d1602a31a7c735f48945e59b89a4ca67) Importer(815301076,1909f56bfc062723c751e8b465ee728b)
Start importing Assets/Prefabs/Rooms/Door.prefab using Guid(d1602a31a7c735f48945e59b89a4ca67) Importer(815301076,1909f56bfc062723c751e8b465ee728b)  -> (artifact id: 'eaad24f927e08e96b20e0063127cce41') in 0.014969 seconds 
========================================================================
Received Import Request.
  Time since last request: 3.628387 seconds.
  path: Assets/Prefabs/Rooms/Door.prefab
  artifactKey: Guid(d1602a31a7c735f48945e59b89a4ca67) Importer(815301076,1909f56bfc062723c751e8b465ee728b)
Start importing Assets/Prefabs/Rooms/Door.prefab using Guid(d1602a31a7c735f48945e59b89a4ca67) Importer(815301076,1909f56bfc062723c751e8b465ee728b)  -> (artifact id: '90977f916d18310fd628391dc71f2752') in 0.016651 seconds 
========================================================================
Received Import Request.
  Time since last request: 20.885057 seconds.
  path: Assets/Sprites/Environment/Door.controller
  artifactKey: Guid(8bfaf3e37da70d346861eb5f5d3b082a) Importer(815301076,1909f56bfc062723c751e8b465ee728b)
Start importing Assets/Sprites/Environment/Door.controller using Guid(8bfaf3e37da70d346861eb5f5d3b082a) Importer(815301076,1909f56bfc062723c751e8b465ee728b)  -> (artifact id: '9a26e73ed577e4903ca8eb943ba1ebb0') in 0.006900 seconds 
========================================================================
Received Import Request.
  Time since last request: 6.711499 seconds.
  path: Assets/Sprites/Door Animations
  artifactKey: Guid(616826b2fd7e53a4dabec09789259784) Importer(815301076,1909f56bfc062723c751e8b465ee728b)
Start importing Assets/Sprites/Door Animations using Guid(616826b2fd7e53a4dabec09789259784) Importer(815301076,1909f56bfc062723c751e8b465ee728b)  -> (artifact id: '50c0a2b3ab5ea08de85b66ea5c31f1df') in 0.006541 seconds 
========================================================================
Received Import Request.
  Time since last request: 0.851810 seconds.
  path: Assets/Sprites/Door Animations/EastDoorClose.anim
  artifactKey: Guid(a74bdf9adfe97a044a0bb74a897fbfbe) Importer(815301076,1909f56bfc062723c751e8b465ee728b)
Start importing Assets/Sprites/Door Animations/EastDoorClose.anim using Guid(a74bdf9adfe97a044a0bb74a897fbfbe) Importer(815301076,1909f56bfc062723c751e8b465ee728b)  -> (artifact id: '793213406b07a1e9c8ea6288cad8dc4f') in 0.008890 seconds 
========================================================================
Received Import Request.
  Time since last request: 0.516049 seconds.
  path: Assets/Sprites/Door Animations/EastDoor.controller
  artifactKey: Guid(7a1fa667e2062244ea76b927b0b4c306) Importer(815301076,1909f56bfc062723c751e8b465ee728b)
Start importing Assets/Sprites/Door Animations/EastDoor.controller using Guid(7a1fa667e2062244ea76b927b0b4c306) Importer(815301076,1909f56bfc062723c751e8b465ee728b)  -> (artifact id: '8f13637a6813f1e782e2a040f86190b1') in 0.004546 seconds 
========================================================================
Received Import Request.
  Time since last request: 3.994324 seconds.
  path: Assets/Sprites/Door Animations/WestDoor.controller
  artifactKey: Guid(0a72a7ee91851d1458ca3df34f9209a5) Importer(815301076,1909f56bfc062723c751e8b465ee728b)
Start importing Assets/Sprites/Door Animations/WestDoor.controller using Guid(0a72a7ee91851d1458ca3df34f9209a5) Importer(815301076,1909f56bfc062723c751e8b465ee728b)  -> (artifact id: 'b279e1fed0c584b65083449aac26133c') in 0.004558 seconds 
========================================================================
Received Import Request.
  Time since last request: 22.619649 seconds.
  path: Assets/Prefabs/EastDoor.prefab
  artifactKey: Guid(be91af0083b1ab347a4ff20460133a16) Importer(815301076,1909f56bfc062723c751e8b465ee728b)
Start importing Assets/Prefabs/EastDoor.prefab using Guid(be91af0083b1ab347a4ff20460133a16) Importer(815301076,1909f56bfc062723c751e8b465ee728b)  -> (artifact id: '308046a4126d1046da3bed1f94bd8d5b') in 0.017780 seconds 
========================================================================
Received Import Request.
  Time since last request: 18.323912 seconds.
  path: Assets/Prefabs/NorthDoor.prefab
  artifactKey: Guid(9b1dd425183ee594484109aa163833cc) Importer(815301076,1909f56bfc062723c751e8b465ee728b)
Start importing Assets/Prefabs/NorthDoor.prefab using Guid(9b1dd425183ee594484109aa163833cc) Importer(815301076,1909f56bfc062723c751e8b465ee728b)  -> (artifact id: 'e180032b6496817247ed3a15f4bed513') in 0.014291 seconds 
========================================================================
Received Import Request.
  Time since last request: 10.495512 seconds.
  path: Assets/Prefabs/SouthDoor.prefab
  artifactKey: Guid(df160afe86e3e03438ec20efb14fe7ee) Importer(815301076,1909f56bfc062723c751e8b465ee728b)
Start importing Assets/Prefabs/SouthDoor.prefab using Guid(df160afe86e3e03438ec20efb14fe7ee) Importer(815301076,1909f56bfc062723c751e8b465ee728b)  -> (artifact id: '01489e34160bcfdf583f4539f93bd21d') in 0.014765 seconds 
========================================================================
Received Import Request.
  Time since last request: 7.145748 seconds.
  path: Assets/Sprites/Enemy/BurgerWalking.png
  artifactKey: Guid(d5739646ef2071f40bf48c3ff4d5f230) Importer(815301076,1909f56bfc062723c751e8b465ee728b)
Start importing Assets/Sprites/Enemy/BurgerWalking.png using Guid(d5739646ef2071f40bf48c3ff4d5f230) Importer(815301076,1909f56bfc062723c751e8b465ee728b)  -> (artifact id: 'ba9f20ab72669aacd4c158a7453d5321') in 0.059906 seconds 
========================================================================
Received Import Request.
  Time since last request: 2.564017 seconds.
  path: Assets/Prefabs/WestDoor.prefab
  artifactKey: Guid(9b1642affdec4bb42995578cffaa6373) Importer(815301076,1909f56bfc062723c751e8b465ee728b)
Start importing Assets/Prefabs/WestDoor.prefab using Guid(9b1642affdec4bb42995578cffaa6373) Importer(815301076,1909f56bfc062723c751e8b465ee728b)  -> (artifact id: 'e20624a08d06f2306f8ea635913c16c3') in 0.014400 seconds 
========================================================================
Received Prepare
Registering precompiled user dll's ...
Registered in 0.011813 seconds.
Begin MonoManager ReloadAssembly
Native extension for WindowsStandalone target not found
Native extension for WebGL target not found
Refreshing native plugins compatible for Editor in 0.81 ms, found 4 plugins.
Preloading 0 native plugins for Editor in 0.00 ms.
Mono: successfully reloaded assembly
- Completed reload, in  1.319 seconds
Domain Reload Profiling:
	ReloadAssembly (1320ms)
		BeginReloadAssembly (121ms)
			ExecutionOrderSort (0ms)
			DisableScriptedObjects (6ms)
			BackupInstance (0ms)
			ReleaseScriptingObjects (0ms)
			CreateAndSetChildDomain (40ms)
		EndReloadAssembly (1097ms)
			LoadAssemblies (87ms)
			RebuildTransferFunctionScriptingTraits (0ms)
			SetupTypeCache (210ms)
			ReleaseScriptCaches (1ms)
			RebuildScriptCaches (48ms)
			SetupLoadedEditorAssemblies (575ms)
				LogAssemblyErrors (0ms)
				InitializePlatformSupportModulesInManaged (14ms)
				SetLoadedEditorAssemblies (0ms)
				RefreshPlugins (1ms)
				BeforeProcessingInitializeOnLoad (109ms)
				ProcessInitializeOnLoadAttributes (406ms)
				ProcessInitializeOnLoadMethodAttributes (38ms)
				AfterProcessingInitializeOnLoad (6ms)
				EditorAssembliesLoaded (0ms)
			ExecutionOrderSort2 (0ms)
			AwakeInstancesAfterBackupRestoration (16ms)
Platform modules already initialized, skipping
Refreshing native plugins compatible for Editor in 0.87 ms, found 4 plugins.
Preloading 0 native plugins for Editor in 0.00 ms.
Unloading 4071 Unused Serialized files (Serialized files now loaded: 0)
Unloading 39 unused Assets / (1.2 MB). Loaded Objects now: 5052.
Memory consumption went from 199.6 MB to 198.4 MB.
Total: 3.902100 ms (FindLiveObjects: 0.415100 ms CreateObjectMapping: 0.109300 ms MarkObjects: 3.108000 ms  DeleteObjects: 0.269000 ms)

AssetImportParameters requested are different than current active one (requested -> active):
  custom:video-decoder-ogg-theora: a1e56fd34408186e4bbccfd4996cb3dc -> 
  custom:container-muxer-webm: aa71ff27fc2769a1b78a27578f13a17b -> 
  custom:container-demuxer-webm: 4f35f7cbe854078d1ac9338744f61a02 -> 
  custom:video-encoder-webm-vp8: eb34c28f22e8b96e1ab97ce403110664 -> 
  custom:audio-encoder-webm-vorbis: bf7c407c2cedff20999df2af8eb42d56 -> 
  custom:framework-win-MediaFoundation: 216162199b28c13a410421893ffa2e32 -> 
  custom:container-demuxer-ogg: 62fdf1f143b41e24485cea50d1cbac27 -> 
  custom:video-decoder-webm-vp8: 9c59270c3fd7afecdb556c50c9e8de78 -> 
  custom:audio-decoder-ogg-vorbis: bf7c407c2cedff20999df2af8eb42d56 -> 
========================================================================
Received Import Request.
  Time since last request: 180.403539 seconds.
  path: Assets/Sprites/Door Animations/SouthDoor.controller
  artifactKey: Guid(d3d05f30bfeaef747b2ad299c4bedd7a) Importer(815301076,1909f56bfc062723c751e8b465ee728b)
Start importing Assets/Sprites/Door Animations/SouthDoor.controller using Guid(d3d05f30bfeaef747b2ad299c4bedd7a) Importer(815301076,1909f56bfc062723c751e8b465ee728b)  -> (artifact id: 'a00327285ccfffe511b52ec8c7863b8b') in 0.018996 seconds 
========================================================================
Received Import Request.
  Time since last request: 6.115199 seconds.
  path: Assets/Sprites/Door Animations/SouthDoorClose.anim
  artifactKey: Guid(652942ceed6be6745b169ade6e346d1e) Importer(815301076,1909f56bfc062723c751e8b465ee728b)
Start importing Assets/Sprites/Door Animations/SouthDoorClose.anim using Guid(652942ceed6be6745b169ade6e346d1e) Importer(815301076,1909f56bfc062723c751e8b465ee728b)  -> (artifact id: 'f3deb889d942e324c49b90f2a9768c76') in 0.007855 seconds 
========================================================================
Received Import Request.
  Time since last request: 1.749241 seconds.
  path: Assets/Sprites/Door Animations/SouthDoorOpen.anim
  artifactKey: Guid(8c53ce6380822e44394e5b4dc6b9871b) Importer(815301076,1909f56bfc062723c751e8b465ee728b)
Start importing Assets/Sprites/Door Animations/SouthDoorOpen.anim using Guid(8c53ce6380822e44394e5b4dc6b9871b) Importer(815301076,1909f56bfc062723c751e8b465ee728b)  -> (artifact id: 'ffe2d9843582eef85513a449d592bd14') in 0.007386 seconds 
========================================================================
Received Import Request.
  Time since last request: 28.184888 seconds.
  path: Assets/Sprites/Door Animations/WestDoorClose.anim
  artifactKey: Guid(4ada6ee46393c5c4494fc1d68c4ff234) Importer(815301076,1909f56bfc062723c751e8b465ee728b)
Start importing Assets/Sprites/Door Animations/WestDoorClose.anim using Guid(4ada6ee46393c5c4494fc1d68c4ff234) Importer(815301076,1909f56bfc062723c751e8b465ee728b)  -> (artifact id: 'd8cfacc6232d5d38de2f04dbf0391040') in 0.009034 seconds 
========================================================================
Received Import Request.
  Time since last request: 1.640145 seconds.
  path: Assets/Sprites/Door Animations/WestDoorOpen.anim
  artifactKey: Guid(2b1669a9f82c6e548837febf48e12106) Importer(815301076,1909f56bfc062723c751e8b465ee728b)
Start importing Assets/Sprites/Door Animations/WestDoorOpen.anim using Guid(2b1669a9f82c6e548837febf48e12106) Importer(815301076,1909f56bfc062723c751e8b465ee728b)  -> (artifact id: '1c1e60338cb1089ed3e8095317e36a96') in 0.061997 seconds 
========================================================================
Received Import Request.
  Time since last request: 2.999272 seconds.
  path: Assets/Sprites/Door Animations/NorthDoorOpen.anim
  artifactKey: Guid(366e3e7dee4c0b74f816bb8a2fd2b152) Importer(815301076,1909f56bfc062723c751e8b465ee728b)
Start importing Assets/Sprites/Door Animations/NorthDoorOpen.anim using Guid(366e3e7dee4c0b74f816bb8a2fd2b152) Importer(815301076,1909f56bfc062723c751e8b465ee728b)  -> (artifact id: 'bce236bb6942f458fc91a6aa2002d6d2') in 0.007655 seconds 
========================================================================
Received Import Request.
  Time since last request: 1.523417 seconds.
  path: Assets/Sprites/Door Animations/NorthDoorAnimation.anim
  artifactKey: Guid(2454135f51679744bae378433413dd27) Importer(815301076,1909f56bfc062723c751e8b465ee728b)
Start importing Assets/Sprites/Door Animations/NorthDoorAnimation.anim using Guid(2454135f51679744bae378433413dd27) Importer(815301076,1909f56bfc062723c751e8b465ee728b)  -> (artifact id: 'b7ff802865bd31335f4eb698343db004') in 0.007358 seconds 
========================================================================
Received Import Request.
  Time since last request: 0.906232 seconds.
  path: Assets/Sprites/Door Animations/EastDoorOpen.anim
  artifactKey: Guid(11677ae65e2f8f94fbae9c964ef28e58) Importer(815301076,1909f56bfc062723c751e8b465ee728b)
Start importing Assets/Sprites/Door Animations/EastDoorOpen.anim using Guid(11677ae65e2f8f94fbae9c964ef28e58) Importer(815301076,1909f56bfc062723c751e8b465ee728b)  -> (artifact id: 'd3d86c6c715132dfb097f26d2eccf7a9') in 0.007180 seconds 
========================================================================
Received Prepare
Registering precompiled user dll's ...
Registered in 0.012202 seconds.
Begin MonoManager ReloadAssembly
Native extension for WindowsStandalone target not found
Native extension for WebGL target not found
Refreshing native plugins compatible for Editor in 0.99 ms, found 4 plugins.
Preloading 0 native plugins for Editor in 0.00 ms.
Mono: successfully reloaded assembly
- Completed reload, in  1.201 seconds
Domain Reload Profiling:
	ReloadAssembly (1202ms)
		BeginReloadAssembly (129ms)
			ExecutionOrderSort (0ms)
			DisableScriptedObjects (10ms)
			BackupInstance (0ms)
			ReleaseScriptingObjects (0ms)
			CreateAndSetChildDomain (34ms)
		EndReloadAssembly (978ms)
			LoadAssemblies (79ms)
			RebuildTransferFunctionScriptingTraits (0ms)
			SetupTypeCache (205ms)
			ReleaseScriptCaches (1ms)
			RebuildScriptCaches (46ms)
			SetupLoadedEditorAssemblies (516ms)
				LogAssemblyErrors (0ms)
				InitializePlatformSupportModulesInManaged (12ms)
				SetLoadedEditorAssemblies (0ms)
				RefreshPlugins (1ms)
				BeforeProcessingInitializeOnLoad (91ms)
				ProcessInitializeOnLoadAttributes (375ms)
				ProcessInitializeOnLoadMethodAttributes (31ms)
				AfterProcessingInitializeOnLoad (5ms)
				EditorAssembliesLoaded (0ms)
			ExecutionOrderSort2 (0ms)
			AwakeInstancesAfterBackupRestoration (15ms)
Platform modules already initialized, skipping
Refreshing native plugins compatible for Editor in 0.80 ms, found 4 plugins.
Preloading 0 native plugins for Editor in 0.00 ms.
Unloading 4046 Unused Serialized files (Serialized files now loaded: 0)
Unloading 38 unused Assets / (1.2 MB). Loaded Objects now: 5054.
Memory consumption went from 198.7 MB to 197.5 MB.
Total: 3.558100 ms (FindLiveObjects: 0.376300 ms CreateObjectMapping: 0.106600 ms MarkObjects: 2.630900 ms  DeleteObjects: 0.443300 ms)

AssetImportParameters requested are different than current active one (requested -> active):
  custom:video-decoder-ogg-theora: a1e56fd34408186e4bbccfd4996cb3dc -> 
  custom:container-muxer-webm: aa71ff27fc2769a1b78a27578f13a17b -> 
  custom:container-demuxer-webm: 4f35f7cbe854078d1ac9338744f61a02 -> 
  custom:video-encoder-webm-vp8: eb34c28f22e8b96e1ab97ce403110664 -> 
  custom:audio-encoder-webm-vorbis: bf7c407c2cedff20999df2af8eb42d56 -> 
  custom:framework-win-MediaFoundation: 216162199b28c13a410421893ffa2e32 -> 
  custom:container-demuxer-ogg: 62fdf1f143b41e24485cea50d1cbac27 -> 
  custom:video-decoder-webm-vp8: 9c59270c3fd7afecdb556c50c9e8de78 -> 
  custom:audio-decoder-ogg-vorbis: bf7c407c2cedff20999df2af8eb42d56 -> 
========================================================================
Received Import Request.
  Time since last request: 183.577616 seconds.
  path: Assets/Sprites/ConceptArt/EnterThegungeon/13 - 98cSAqW.png
  artifactKey: Guid(e19aaf8c6f9a2c6489376a5f614dac87) Importer(815301076,1909f56bfc062723c751e8b465ee728b)
Start importing Assets/Sprites/ConceptArt/EnterThegungeon/13 - 98cSAqW.png using Guid(e19aaf8c6f9a2c6489376a5f614dac87) Importer(815301076,1909f56bfc062723c751e8b465ee728b)  -> (artifact id: '41349f73c12dcde2b349dc552a53d639') in 0.049134 seconds 
========================================================================
Received Import Request.
  Time since last request: 0.000020 seconds.
  path: Assets/Sprites/ConceptArt/EnterThegungeon/50 - VrzStiD.png
  artifactKey: Guid(c0a9f9de40c7c1941af02e99a9ab6090) Importer(815301076,1909f56bfc062723c751e8b465ee728b)
Start importing Assets/Sprites/ConceptArt/EnterThegungeon/50 - VrzStiD.png using Guid(c0a9f9de40c7c1941af02e99a9ab6090) Importer(815301076,1909f56bfc062723c751e8b465ee728b)  -> (artifact id: '0353ba2f2fe2a33c2b5a3efbe1192a4d') in 0.016387 seconds 
========================================================================
Received Import Request.
  Time since last request: 0.000027 seconds.
  path: Assets/Sounds/Assets/Footsteps/Footstep_Gravel_4.wav
  artifactKey: Guid(a1382e4f297374edea614c369f31dcb2) Importer(815301076,1909f56bfc062723c751e8b465ee728b)
Start importing Assets/Sounds/Assets/Footsteps/Footstep_Gravel_4.wav using Guid(a1382e4f297374edea614c369f31dcb2) Importer(815301076,1909f56bfc062723c751e8b465ee728b)  -> (artifact id: 'dfd6eca6e28a42193375ed348e8b28ee') in 0.068425 seconds 
========================================================================
Received Import Request.
  Time since last request: 0.000023 seconds.
  path: Assets/Sprites/ConceptArt/EnterThegungeon/49 - Sga8C9i.png
  artifactKey: Guid(afda43a99926d4a479ee6bfa50b5eede) Importer(815301076,1909f56bfc062723c751e8b465ee728b)
Start importing Assets/Sprites/ConceptArt/EnterThegungeon/49 - Sga8C9i.png using Guid(afda43a99926d4a479ee6bfa50b5eede) Importer(815301076,1909f56bfc062723c751e8b465ee728b)  -> (artifact id: '3c73ad9310995bd1d7ff4649e7124862') in 0.014890 seconds 
========================================================================
Received Import Request.
  Time since last request: 0.000036 seconds.
  path: Assets/Sounds/Fantasy Sfx/Mp3/Footsteps/Footstep_Dirt_06.mp3
  artifactKey: Guid(dd1266cc97b6b4a38a280331273cb1ed) Importer(815301076,1909f56bfc062723c751e8b465ee728b)
Start importing Assets/Sounds/Fantasy Sfx/Mp3/Footsteps/Footstep_Dirt_06.mp3 using Guid(dd1266cc97b6b4a38a280331273cb1ed) Importer(815301076,1909f56bfc062723c751e8b465ee728b)  -> (artifact id: '9ac97962454764a4424eb9517d74406b') in 0.021279 seconds 
========================================================================
Received Import Request.
  Time since last request: 0.000027 seconds.
  path: Assets/Sounds/Fantasy Sfx/Wav/Footsteps/Footstep_Water_00.wav
  artifactKey: Guid(f19e74cad832142c99ce7fdf008daa40) Importer(815301076,1909f56bfc062723c751e8b465ee728b)
Start importing Assets/Sounds/Fantasy Sfx/Wav/Footsteps/Footstep_Water_00.wav using Guid(f19e74cad832142c99ce7fdf008daa40) Importer(815301076,1909f56bfc062723c751e8b465ee728b)  -> (artifact id: 'fa649019810fe8bc6ac672770fa98a7a') in 0.016192 seconds 
========================================================================
Received Import Request.
  Time since last request: 0.000025 seconds.
  path: Assets/Sounds/Fantasy Sfx/Wav/Footsteps/Footstep_Water_02.wav
  artifactKey: Guid(6872581769a9947e1852589a47dad7aa) Importer(815301076,1909f56bfc062723c751e8b465ee728b)
Start importing Assets/Sounds/Fantasy Sfx/Wav/Footsteps/Footstep_Water_02.wav using Guid(6872581769a9947e1852589a47dad7aa) Importer(815301076,1909f56bfc062723c751e8b465ee728b)  -> (artifact id: 'cd47205a7e842312d14904bd3a718d80') in 0.015582 seconds 
========================================================================
Received Import Request.
  Time since last request: 0.000024 seconds.
  path: Assets/Sounds/Fantasy Sfx/Wav/Footsteps/Footstep_Dirt_04.wav
  artifactKey: Guid(f7bff2a24d7d64eb296a8133060bd3e9) Importer(815301076,1909f56bfc062723c751e8b465ee728b)
Start importing Assets/Sounds/Fantasy Sfx/Wav/Footsteps/Footstep_Dirt_04.wav using Guid(f7bff2a24d7d64eb296a8133060bd3e9) Importer(815301076,1909f56bfc062723c751e8b465ee728b)  -> (artifact id: '4e00d0811ec264e03cf0a183f473399b') in 0.016218 seconds 
========================================================================
Received Import Request.
  Time since last request: 0.000027 seconds.
  path: Assets/Sounds/Fantasy Sfx/Wav/Footsteps/Footstep_Water_01.wav
  artifactKey: Guid(a132f7ad8ef0645d28a3e3d3a6adee44) Importer(815301076,1909f56bfc062723c751e8b465ee728b)
Start importing Assets/Sounds/Fantasy Sfx/Wav/Footsteps/Footstep_Water_01.wav using Guid(a132f7ad8ef0645d28a3e3d3a6adee44) Importer(815301076,1909f56bfc062723c751e8b465ee728b)  -> (artifact id: '1a7be10250a41096a01ac5ece1325d62') in 0.015721 seconds 
========================================================================
Received Import Request.
  Time since last request: 0.000020 seconds.
  path: Assets/Sounds/Fantasy Sfx/Wav/Footsteps/Footstep_Dirt_02.wav
  artifactKey: Guid(64049f336db3d403dabd0425eb159922) Importer(815301076,1909f56bfc062723c751e8b465ee728b)
Start importing Assets/Sounds/Fantasy Sfx/Wav/Footsteps/Footstep_Dirt_02.wav using Guid(64049f336db3d403dabd0425eb159922) Importer(815301076,1909f56bfc062723c751e8b465ee728b)  -> (artifact id: 'cc4271cca3d67cd7d16ec5b1fefcc4af') in 0.019145 seconds 
========================================================================
Received Import Request.
  Time since last request: 0.000023 seconds.
  path: Assets/Sounds/Fantasy Sfx/Wav/Footsteps/Footstep_Dirt_08.wav
  artifactKey: Guid(f54a7e8aabfc8436b965149db8156132) Importer(815301076,1909f56bfc062723c751e8b465ee728b)
Start importing Assets/Sounds/Fantasy Sfx/Wav/Footsteps/Footstep_Dirt_08.wav using Guid(f54a7e8aabfc8436b965149db8156132) Importer(815301076,1909f56bfc062723c751e8b465ee728b)  -> (artifact id: '8b8b4e5dd0cfafc8fe60521bff16562e') in 0.017885 seconds 
========================================================================
Received Import Request.
  Time since last request: 0.000034 seconds.
  path: Assets/Sounds/Assets/8Bit/Explosion_04.wav
  artifactKey: Guid(4a46782b6a4544fa089a35523f50e2a0) Importer(815301076,1909f56bfc062723c751e8b465ee728b)
Start importing Assets/Sounds/Assets/8Bit/Explosion_04.wav using Guid(4a46782b6a4544fa089a35523f50e2a0) Importer(815301076,1909f56bfc062723c751e8b465ee728b)  -> (artifact id: 'e9bf432c5c644f7097dd51c16c4ab483') in 0.015657 seconds 
========================================================================
Received Import Request.
  Time since last request: 0.000023 seconds.
  path: Assets/Sounds/Fantasy Sfx/Mp3/Footsteps/Footstep_Dirt_09.mp3
  artifactKey: Guid(a476e34385a8f43f5a7cd7280badc54f) Importer(815301076,1909f56bfc062723c751e8b465ee728b)
Start importing Assets/Sounds/Fantasy Sfx/Mp3/Footsteps/Footstep_Dirt_09.mp3 using Guid(a476e34385a8f43f5a7cd7280badc54f) Importer(815301076,1909f56bfc062723c751e8b465ee728b)  -> (artifact id: 'ffb4cbc636400982a30cb6c19f7f0559') in 0.014853 seconds 
========================================================================
Received Import Request.
  Time since last request: 0.000022 seconds.
  path: Assets/Sounds/Fantasy Sfx/Mp3/Footsteps/Footstep_Dirt_00.mp3
  artifactKey: Guid(22b5b26c3429f42c482afafb562afc2a) Importer(815301076,1909f56bfc062723c751e8b465ee728b)
Start importing Assets/Sounds/Fantasy Sfx/Mp3/Footsteps/Footstep_Dirt_00.mp3 using Guid(22b5b26c3429f42c482afafb562afc2a) Importer(815301076,1909f56bfc062723c751e8b465ee728b)  -> (artifact id: '45234c766b48b5dc859b9b3feab4e112') in 0.017064 seconds 
========================================================================
Received Import Request.
  Time since last request: 0.000027 seconds.
  path: Assets/Sounds/Assets/UI2/ClipsAccept1.wav
  artifactKey: Guid(cfebc60f3058742f1b301721e2dfe54c) Importer(815301076,1909f56bfc062723c751e8b465ee728b)
Start importing Assets/Sounds/Assets/UI2/ClipsAccept1.wav using Guid(cfebc60f3058742f1b301721e2dfe54c) Importer(815301076,1909f56bfc062723c751e8b465ee728b)  -> (artifact id: 'aaa417dde6328295f449a374d9737e4c') in 0.019759 seconds 
========================================================================
Received Import Request.
  Time since last request: 0.000027 seconds.
  path: Assets/Prefabs/Level Commons/Crosshair.prefab
  artifactKey: Guid(6f09f4618c3b58e468b77ffe9273a2cb) Importer(815301076,1909f56bfc062723c751e8b465ee728b)
Start importing Assets/Prefabs/Level Commons/Crosshair.prefab using Guid(6f09f4618c3b58e468b77ffe9273a2cb) Importer(815301076,1909f56bfc062723c751e8b465ee728b)  -> (artifact id: '668d2f43f49f28c03f04824f2ebe30a0') in 0.027932 seconds 
========================================================================
Received Import Request.
  Time since last request: 0.000017 seconds.
  path: Assets/Sounds/Assets/Footsteps/Footstep_Gravel_3.wav
  artifactKey: Guid(3ff9fcf8763db443d8c48710cdf9ab60) Importer(815301076,1909f56bfc062723c751e8b465ee728b)
Start importing Assets/Sounds/Assets/Footsteps/Footstep_Gravel_3.wav using Guid(3ff9fcf8763db443d8c48710cdf9ab60) Importer(815301076,1909f56bfc062723c751e8b465ee728b)  -> (artifact id: 'e56a6d1ff0c05afb4544a3e71b3a38bc') in 0.015378 seconds 
========================================================================
Received Import Request.
  Time since last request: 0.000022 seconds.
  path: Assets/Sprites/ConceptArt/EnterThegungeon/51 - kvSfhu5.png
  artifactKey: Guid(0bd67072efdcee844a744a2031015b78) Importer(815301076,1909f56bfc062723c751e8b465ee728b)
Start importing Assets/Sprites/ConceptArt/EnterThegungeon/51 - kvSfhu5.png using Guid(0bd67072efdcee844a744a2031015b78) Importer(815301076,1909f56bfc062723c751e8b465ee728b)  -> (artifact id: '3b9c7e551d9cdea7ce26c86d52765759') in 0.016172 seconds 
========================================================================
Received Import Request.
  Time since last request: 0.000021 seconds.
  path: Assets/Sounds/Fantasy Sfx/Wav/Footsteps/Footstep_Dirt_06.wav
  artifactKey: Guid(27f4d8a727d874633b0292b089ec9b7c) Importer(815301076,1909f56bfc062723c751e8b465ee728b)
Start importing Assets/Sounds/Fantasy Sfx/Wav/Footsteps/Footstep_Dirt_06.wav using Guid(27f4d8a727d874633b0292b089ec9b7c) Importer(815301076,1909f56bfc062723c751e8b465ee728b)  -> (artifact id: '85feb04de71ccbafa4bf49e66a2dff0a') in 0.015802 seconds 
========================================================================
Received Import Request.
  Time since last request: 0.000022 seconds.
  path: Assets/Sounds/Fantasy Sfx/Mp3/Footsteps/Footstep_Dirt_08.mp3
  artifactKey: Guid(8148972f644724dc6ab272a4f7e24faa) Importer(815301076,1909f56bfc062723c751e8b465ee728b)
Start importing Assets/Sounds/Fantasy Sfx/Mp3/Footsteps/Footstep_Dirt_08.mp3 using Guid(8148972f644724dc6ab272a4f7e24faa) Importer(815301076,1909f56bfc062723c751e8b465ee728b)  -> (artifact id: 'ffd1d9f2d5699e00f15724affb028c36') in 0.014184 seconds 
========================================================================
Received Import Request.
  Time since last request: 0.000019 seconds.
  path: Assets/Sounds/Assets/UI/Bloops_01.wav
  artifactKey: Guid(cd5817e224b2b4d579cf0d0d8bfce316) Importer(815301076,1909f56bfc062723c751e8b465ee728b)
Start importing Assets/Sounds/Assets/UI/Bloops_01.wav using Guid(cd5817e224b2b4d579cf0d0d8bfce316) Importer(815301076,1909f56bfc062723c751e8b465ee728b)  -> (artifact id: '10fc8a5e70330ae575ea3cc0eefe08ff') in 0.016289 seconds 
========================================================================
Received Import Request.
  Time since last request: 0.000020 seconds.
  path: Assets/Sounds/Fantasy Sfx/Wav/Footsteps/Footstep_Dirt_05.wav
  artifactKey: Guid(f626dafe2c3e045cd852e86532182f70) Importer(815301076,1909f56bfc062723c751e8b465ee728b)
Start importing Assets/Sounds/Fantasy Sfx/Wav/Footsteps/Footstep_Dirt_05.wav using Guid(f626dafe2c3e045cd852e86532182f70) Importer(815301076,1909f56bfc062723c751e8b465ee728b)  -> (artifact id: 'e41445ad4887c343c39135ff11711218') in 0.012279 seconds 
========================================================================
Received Import Request.
  Time since last request: 0.000027 seconds.
  path: Assets/Sprites/UI/Crosshair.psd
  artifactKey: Guid(abfcf592114d8904088d56811f80510e) Importer(815301076,1909f56bfc062723c751e8b465ee728b)
Start importing Assets/Sprites/UI/Crosshair.psd using Guid(abfcf592114d8904088d56811f80510e) Importer(815301076,1909f56bfc062723c751e8b465ee728b)  -> (artifact id: '31a52dd60f12d447142cb1728ed94081') in 0.029328 seconds 
========================================================================
Received Import Request.
  Time since last request: 0.000026 seconds.
  path: Assets/Prefabs/Rooms/Boss Room 1.prefab
  artifactKey: Guid(4e99528d72df4d143adc3673bd14bd1e) Importer(815301076,1909f56bfc062723c751e8b465ee728b)
Start importing Assets/Prefabs/Rooms/Boss Room 1.prefab using Guid(4e99528d72df4d143adc3673bd14bd1e) Importer(815301076,1909f56bfc062723c751e8b465ee728b)  -> (artifact id: '14aff99713c7b93f3313dff94d74f97a') in 0.021869 seconds 
========================================================================
Received Import Request.
  Time since last request: 0.000027 seconds.
  path: Assets/Sprites/ConceptArt/EnterThegungeon/36 - liOYsoU.png
  artifactKey: Guid(41a0690286a281847ad1823bfe895cc3) Importer(815301076,1909f56bfc062723c751e8b465ee728b)
Start importing Assets/Sprites/ConceptArt/EnterThegungeon/36 - liOYsoU.png using Guid(41a0690286a281847ad1823bfe895cc3) Importer(815301076,1909f56bfc062723c751e8b465ee728b)  -> (artifact id: 'c699155cb21cc827871495e1ebe0732b') in 0.015586 seconds 
========================================================================
Received Import Request.
  Time since last request: 0.000018 seconds.
  path: Assets/Sounds/Assets/Footsteps/Footstep_Gravel_1.wav
  artifactKey: Guid(94dbd4febab734210a43c84263f5e116) Importer(815301076,1909f56bfc062723c751e8b465ee728b)
Start importing Assets/Sounds/Assets/Footsteps/Footstep_Gravel_1.wav using Guid(94dbd4febab734210a43c84263f5e116) Importer(815301076,1909f56bfc062723c751e8b465ee728b)  -> (artifact id: '4aed5afb7c002797fd026dda6d77a5d7') in 0.013339 seconds 
========================================================================
Received Prepare
Registering precompiled user dll's ...
Registered in 0.013224 seconds.
Begin MonoManager ReloadAssembly
Native extension for WindowsStandalone target not found
Native extension for WebGL target not found
Refreshing native plugins compatible for Editor in 0.90 ms, found 4 plugins.
Preloading 0 native plugins for Editor in 0.00 ms.
Mono: successfully reloaded assembly
- Completed reload, in  1.286 seconds
Domain Reload Profiling:
	ReloadAssembly (1287ms)
		BeginReloadAssembly (127ms)
			ExecutionOrderSort (0ms)
			DisableScriptedObjects (10ms)
			BackupInstance (0ms)
			ReleaseScriptingObjects (0ms)
			CreateAndSetChildDomain (37ms)
		EndReloadAssembly (1064ms)
			LoadAssemblies (86ms)
			RebuildTransferFunctionScriptingTraits (0ms)
			SetupTypeCache (212ms)
			ReleaseScriptCaches (1ms)
			RebuildScriptCaches (56ms)
			SetupLoadedEditorAssemblies (573ms)
				LogAssemblyErrors (0ms)
				InitializePlatformSupportModulesInManaged (15ms)
				SetLoadedEditorAssemblies (0ms)
				RefreshPlugins (1ms)
				BeforeProcessingInitializeOnLoad (101ms)
				ProcessInitializeOnLoadAttributes (409ms)
				ProcessInitializeOnLoadMethodAttributes (40ms)
				AfterProcessingInitializeOnLoad (6ms)
				EditorAssembliesLoaded (0ms)
			ExecutionOrderSort2 (0ms)
			AwakeInstancesAfterBackupRestoration (17ms)
Platform modules already initialized, skipping
Refreshing native plugins compatible for Editor in 1.09 ms, found 4 plugins.
Preloading 0 native plugins for Editor in 0.00 ms.
Unloading 4052 Unused Serialized files (Serialized files now loaded: 0)
Unloading 38 unused Assets / (1.2 MB). Loaded Objects now: 5149.
Memory consumption went from 204.8 MB to 203.6 MB.
Total: 4.341600 ms (FindLiveObjects: 0.467300 ms CreateObjectMapping: 0.110900 ms MarkObjects: 3.472000 ms  DeleteObjects: 0.290400 ms)

AssetImportParameters requested are different than current active one (requested -> active):
  custom:video-decoder-ogg-theora: a1e56fd34408186e4bbccfd4996cb3dc -> 
  custom:container-muxer-webm: aa71ff27fc2769a1b78a27578f13a17b -> 
  custom:container-demuxer-webm: 4f35f7cbe854078d1ac9338744f61a02 -> 
  custom:video-encoder-webm-vp8: eb34c28f22e8b96e1ab97ce403110664 -> 
  custom:audio-encoder-webm-vorbis: bf7c407c2cedff20999df2af8eb42d56 -> 
  custom:framework-win-MediaFoundation: 216162199b28c13a410421893ffa2e32 -> 
  custom:container-demuxer-ogg: 62fdf1f143b41e24485cea50d1cbac27 -> 
  custom:video-decoder-webm-vp8: 9c59270c3fd7afecdb556c50c9e8de78 -> 
  custom:audio-decoder-ogg-vorbis: bf7c407c2cedff20999df2af8eb42d56 -> 
========================================================================
Received Import Request.
  Time since last request: 258.566885 seconds.
  path: Assets/Sprites/ConceptArt/DoorsWest.png
  artifactKey: Guid(0b0f1c5b84a71854297fd342877f8e24) Importer(815301076,1909f56bfc062723c751e8b465ee728b)
Start importing Assets/Sprites/ConceptArt/DoorsWest.png using Guid(0b0f1c5b84a71854297fd342877f8e24) Importer(815301076,1909f56bfc062723c751e8b465ee728b)  -> (artifact id: 'b2d3048c8d058fd4bba53fb99c13f1e5') in 0.065540 seconds 
========================================================================
Received Import Request.
  Time since last request: 10.483765 seconds.
  path: Assets/Sprites/ConceptArt/DoorsWest.png
  artifactKey: Guid(0b0f1c5b84a71854297fd342877f8e24) Importer(815301076,1909f56bfc062723c751e8b465ee728b)
Start importing Assets/Sprites/ConceptArt/DoorsWest.png using Guid(0b0f1c5b84a71854297fd342877f8e24) Importer(815301076,1909f56bfc062723c751e8b465ee728b)  -> (artifact id: '298c02f36ff652bb8f693496fead1229') in 0.021129 seconds 
========================================================================
Received Import Request.
  Time since last request: 7.282048 seconds.
  path: Assets/Sprites/ConceptArt/DoorsWest.png
  artifactKey: Guid(0b0f1c5b84a71854297fd342877f8e24) Importer(815301076,1909f56bfc062723c751e8b465ee728b)
Start importing Assets/Sprites/ConceptArt/DoorsWest.png using Guid(0b0f1c5b84a71854297fd342877f8e24) Importer(815301076,1909f56bfc062723c751e8b465ee728b)  -> (artifact id: 'bf5d738eed94a22fe0d335a6ddbb00bc') in 0.021869 seconds 
========================================================================
Received Import Request.
  Time since last request: 35.929923 seconds.
  path: Assets/Prefabs/Rooms/Door.prefab
  artifactKey: Guid(d1602a31a7c735f48945e59b89a4ca67) Importer(815301076,1909f56bfc062723c751e8b465ee728b)
Start importing Assets/Prefabs/Rooms/Door.prefab using Guid(d1602a31a7c735f48945e59b89a4ca67) Importer(815301076,1909f56bfc062723c751e8b465ee728b)  -> (artifact id: '8208f2818b41f23fb692bb62bd43a0c7') in 0.035495 seconds 
========================================================================
Received Import Request.
  Time since last request: 30.250992 seconds.
  path: Assets/Prefabs/Rooms/Door.prefab
  artifactKey: Guid(d1602a31a7c735f48945e59b89a4ca67) Importer(815301076,1909f56bfc062723c751e8b465ee728b)
Start importing Assets/Prefabs/Rooms/Door.prefab using Guid(d1602a31a7c735f48945e59b89a4ca67) Importer(815301076,1909f56bfc062723c751e8b465ee728b)  -> (artifact id: '1f0e520e7cf373a2d568b553d9869d82') in 0.014499 seconds 
========================================================================
Received Import Request.
  Time since last request: 4.247847 seconds.
  path: Assets/Prefabs/Rooms/Door.prefab
  artifactKey: Guid(d1602a31a7c735f48945e59b89a4ca67) Importer(815301076,1909f56bfc062723c751e8b465ee728b)
Start importing Assets/Prefabs/Rooms/Door.prefab using Guid(d1602a31a7c735f48945e59b89a4ca67) Importer(815301076,1909f56bfc062723c751e8b465ee728b)  -> (artifact id: 'c6eb63302f915605a8aaa2383d48e44b') in 0.016358 seconds 
========================================================================
Received Import Request.
  Time since last request: 3.016490 seconds.
  path: Assets/Prefabs/Rooms/Door.prefab
  artifactKey: Guid(d1602a31a7c735f48945e59b89a4ca67) Importer(815301076,1909f56bfc062723c751e8b465ee728b)
Start importing Assets/Prefabs/Rooms/Door.prefab using Guid(d1602a31a7c735f48945e59b89a4ca67) Importer(815301076,1909f56bfc062723c751e8b465ee728b)  -> (artifact id: '68546f55c09b46d05d2b1d2ea2c9900b') in 0.014409 seconds 
========================================================================
Received Import Request.
  Time since last request: 4.406415 seconds.
  path: Assets/Prefabs/Rooms/Door.prefab
  artifactKey: Guid(d1602a31a7c735f48945e59b89a4ca67) Importer(815301076,1909f56bfc062723c751e8b465ee728b)
Start importing Assets/Prefabs/Rooms/Door.prefab using Guid(d1602a31a7c735f48945e59b89a4ca67) Importer(815301076,1909f56bfc062723c751e8b465ee728b)  -> (artifact id: 'c67627d4d2c1b141c3113b12b6e17d9b') in 0.015188 seconds 
========================================================================
Received Import Request.
  Time since last request: 5.238593 seconds.
  path: Assets/Prefabs/Rooms/Door.prefab
  artifactKey: Guid(d1602a31a7c735f48945e59b89a4ca67) Importer(815301076,1909f56bfc062723c751e8b465ee728b)
Start importing Assets/Prefabs/Rooms/Door.prefab using Guid(d1602a31a7c735f48945e59b89a4ca67) Importer(815301076,1909f56bfc062723c751e8b465ee728b)  -> (artifact id: '5e6a4c4a5ac9c6d4c608ca95bf1e6527') in 0.016193 seconds 
========================================================================
Received Prepare
Registering precompiled user dll's ...
Registered in 0.014095 seconds.
Begin MonoManager ReloadAssembly
Native extension for WindowsStandalone target not found
Native extension for WebGL target not found
Refreshing native plugins compatible for Editor in 0.81 ms, found 4 plugins.
Preloading 0 native plugins for Editor in 0.00 ms.
Mono: successfully reloaded assembly
- Completed reload, in  1.269 seconds
Domain Reload Profiling:
	ReloadAssembly (1270ms)
		BeginReloadAssembly (136ms)
			ExecutionOrderSort (0ms)
			DisableScriptedObjects (11ms)
			BackupInstance (0ms)
			ReleaseScriptingObjects (0ms)
			CreateAndSetChildDomain (38ms)
		EndReloadAssembly (1027ms)
			LoadAssemblies (81ms)
			RebuildTransferFunctionScriptingTraits (0ms)
			SetupTypeCache (217ms)
			ReleaseScriptCaches (1ms)
			RebuildScriptCaches (44ms)
			SetupLoadedEditorAssemblies (540ms)
				LogAssemblyErrors (0ms)
				InitializePlatformSupportModulesInManaged (11ms)
				SetLoadedEditorAssemblies (0ms)
				RefreshPlugins (1ms)
				BeforeProcessingInitializeOnLoad (105ms)
				ProcessInitializeOnLoadAttributes (379ms)
				ProcessInitializeOnLoadMethodAttributes (38ms)
				AfterProcessingInitializeOnLoad (6ms)
				EditorAssembliesLoaded (0ms)
			ExecutionOrderSort2 (0ms)
			AwakeInstancesAfterBackupRestoration (21ms)
Platform modules already initialized, skipping
Refreshing native plugins compatible for Editor in 0.85 ms, found 4 plugins.
Preloading 0 native plugins for Editor in 0.00 ms.
Unloading 4046 Unused Serialized files (Serialized files now loaded: 0)
Unloading 39 unused Assets / (1.2 MB). Loaded Objects now: 5193.
Memory consumption went from 206.0 MB to 204.7 MB.
Total: 4.428900 ms (FindLiveObjects: 0.661300 ms CreateObjectMapping: 0.107900 ms MarkObjects: 3.319500 ms  DeleteObjects: 0.338400 ms)

AssetImportParameters requested are different than current active one (requested -> active):
  custom:video-decoder-ogg-theora: a1e56fd34408186e4bbccfd4996cb3dc -> 
  custom:container-muxer-webm: aa71ff27fc2769a1b78a27578f13a17b -> 
  custom:container-demuxer-webm: 4f35f7cbe854078d1ac9338744f61a02 -> 
  custom:video-encoder-webm-vp8: eb34c28f22e8b96e1ab97ce403110664 -> 
  custom:audio-encoder-webm-vorbis: bf7c407c2cedff20999df2af8eb42d56 -> 
  custom:framework-win-MediaFoundation: 216162199b28c13a410421893ffa2e32 -> 
  custom:container-demuxer-ogg: 62fdf1f143b41e24485cea50d1cbac27 -> 
  custom:video-decoder-webm-vp8: 9c59270c3fd7afecdb556c50c9e8de78 -> 
  custom:audio-decoder-ogg-vorbis: bf7c407c2cedff20999df2af8eb42d56 -> 
========================================================================
Received Import Request.
  Time since last request: 87.969298 seconds.
  path: Assets/Prefabs/NorthDoor.prefab
  artifactKey: Guid(9b1dd425183ee594484109aa163833cc) Importer(815301076,1909f56bfc062723c751e8b465ee728b)
Start importing Assets/Prefabs/NorthDoor.prefab using Guid(9b1dd425183ee594484109aa163833cc) Importer(815301076,1909f56bfc062723c751e8b465ee728b)  -> (artifact id: 'a7c7e2bcc3056650c22c35a0266b50ee') in 0.061972 seconds 
========================================================================
Received Import Request.
  Time since last request: 0.685993 seconds.
  path: Assets/Prefabs/NorthDoor.prefab
  artifactKey: Guid(9b1dd425183ee594484109aa163833cc) Importer(815301076,1909f56bfc062723c751e8b465ee728b)
Start importing Assets/Prefabs/NorthDoor.prefab using Guid(9b1dd425183ee594484109aa163833cc) Importer(815301076,1909f56bfc062723c751e8b465ee728b)  -> (artifact id: '34fdd9ba71a0b5e362b094e1e712c6c2') in 0.012523 seconds 
========================================================================
Received Import Request.
  Time since last request: 2.801010 seconds.
  path: Assets/Prefabs/NorthDoor.prefab
  artifactKey: Guid(9b1dd425183ee594484109aa163833cc) Importer(815301076,1909f56bfc062723c751e8b465ee728b)
Start importing Assets/Prefabs/NorthDoor.prefab using Guid(9b1dd425183ee594484109aa163833cc) Importer(815301076,1909f56bfc062723c751e8b465ee728b)  -> (artifact id: 'a1ce767b03ebc9dd9747529ad8f9f37d') in 0.013743 seconds 
========================================================================
Received Prepare
Registering precompiled user dll's ...
Registered in 0.012028 seconds.
Begin MonoManager ReloadAssembly
Native extension for WindowsStandalone target not found
Native extension for WebGL target not found
Refreshing native plugins compatible for Editor in 0.93 ms, found 4 plugins.
Preloading 0 native plugins for Editor in 0.00 ms.
Mono: successfully reloaded assembly
- Completed reload, in  1.253 seconds
Domain Reload Profiling:
	ReloadAssembly (1253ms)
		BeginReloadAssembly (136ms)
			ExecutionOrderSort (0ms)
			DisableScriptedObjects (10ms)
			BackupInstance (0ms)
			ReleaseScriptingObjects (0ms)
			CreateAndSetChildDomain (36ms)
		EndReloadAssembly (1020ms)
			LoadAssemblies (90ms)
			RebuildTransferFunctionScriptingTraits (0ms)
			SetupTypeCache (210ms)
			ReleaseScriptCaches (2ms)
			RebuildScriptCaches (52ms)
			SetupLoadedEditorAssemblies (544ms)
				LogAssemblyErrors (0ms)
				InitializePlatformSupportModulesInManaged (13ms)
				SetLoadedEditorAssemblies (1ms)
				RefreshPlugins (1ms)
				BeforeProcessingInitializeOnLoad (92ms)
				ProcessInitializeOnLoadAttributes (393ms)
				ProcessInitializeOnLoadMethodAttributes (37ms)
				AfterProcessingInitializeOnLoad (6ms)
				EditorAssembliesLoaded (0ms)
			ExecutionOrderSort2 (0ms)
			AwakeInstancesAfterBackupRestoration (19ms)
Platform modules already initialized, skipping
Refreshing native plugins compatible for Editor in 1.27 ms, found 4 plugins.
Preloading 0 native plugins for Editor in 0.00 ms.
Unloading 4046 Unused Serialized files (Serialized files now loaded: 0)
Unloading 38 unused Assets / (1.2 MB). Loaded Objects now: 5195.
Memory consumption went from 206.0 MB to 204.7 MB.
Total: 4.035100 ms (FindLiveObjects: 0.429300 ms CreateObjectMapping: 0.104900 ms MarkObjects: 3.178200 ms  DeleteObjects: 0.321400 ms)

AssetImportParameters requested are different than current active one (requested -> active):
  custom:video-decoder-ogg-theora: a1e56fd34408186e4bbccfd4996cb3dc -> 
  custom:container-muxer-webm: aa71ff27fc2769a1b78a27578f13a17b -> 
  custom:container-demuxer-webm: 4f35f7cbe854078d1ac9338744f61a02 -> 
  custom:video-encoder-webm-vp8: eb34c28f22e8b96e1ab97ce403110664 -> 
  custom:audio-encoder-webm-vorbis: bf7c407c2cedff20999df2af8eb42d56 -> 
  custom:framework-win-MediaFoundation: 216162199b28c13a410421893ffa2e32 -> 
  custom:container-demuxer-ogg: 62fdf1f143b41e24485cea50d1cbac27 -> 
  custom:video-decoder-webm-vp8: 9c59270c3fd7afecdb556c50c9e8de78 -> 
  custom:audio-decoder-ogg-vorbis: bf7c407c2cedff20999df2af8eb42d56 -> 
