Using pre-set license
Built from '2021.2/staging' branch; Version is '2021.2.3f1 (32358a8527b4) revision 3290506'; Using compiler version '192829333'; Build Type 'Release'
OS: 'Windows 10 Pro; OS build 19043.1288; Version 2009; 64bit' Language: 'en' Physical Memory: 16315 MB
BatchMode: 1, IsHumanControllingUs: 0, StartBugReporterOnCrash: 0, Is64bit: 1, IsPro: 0

COMMAND LINE ARGUMENTS:
C:\Program Files\Unity\Hub\Editor\2021.2.3f1\Editor\Unity.exe
-adb2
-batchMode
-noUpm
-name
AssetImportWorker2
-projectPath
C:/Users/Oliver/Documents/GitHub/Team-Game
-logFile
Logs/AssetImportWorker2.log
-srvPort
51550
Successfully changed project path to: C:/Users/Oliver/Documents/GitHub/Team-Game
C:/Users/Oliver/Documents/GitHub/Team-Game
[UnityMemory] Configuration Parameters - Can be set up in boot.config
    "memorysetup-bucket-allocator-granularity=16"
    "memorysetup-bucket-allocator-bucket-count=8"
    "memorysetup-bucket-allocator-block-size=33554432"
    "memorysetup-bucket-allocator-block-count=8"
    "memorysetup-main-allocator-block-size=16777216"
    "memorysetup-thread-allocator-block-size=16777216"
    "memorysetup-gfx-main-allocator-block-size=16777216"
    "memorysetup-gfx-thread-allocator-block-size=16777216"
    "memorysetup-cache-allocator-block-size=4194304"
    "memorysetup-typetree-allocator-block-size=2097152"
    "memorysetup-profiler-bucket-allocator-granularity=16"
    "memorysetup-profiler-bucket-allocator-bucket-count=8"
    "memorysetup-profiler-bucket-allocator-block-size=33554432"
    "memorysetup-profiler-bucket-allocator-block-count=8"
    "memorysetup-profiler-allocator-block-size=16777216"
    "memorysetup-profiler-editor-allocator-block-size=1048576"
    "memorysetup-temp-allocator-size-main=16777216"
    "memorysetup-job-temp-allocator-block-size=2097152"
    "memorysetup-job-temp-allocator-block-size-background=1048576"
    "memorysetup-job-temp-allocator-reduction-small-platforms=262144"
    "memorysetup-temp-allocator-size-background-worker=32768"
    "memorysetup-temp-allocator-size-job-worker=262144"
    "memorysetup-temp-allocator-size-preload-manager=33554432"
    "memorysetup-temp-allocator-size-nav-mesh-worker=65536"
    "memorysetup-temp-allocator-size-audio-worker=65536"
    "memorysetup-temp-allocator-size-cloud-worker=32768"
    "memorysetup-temp-allocator-size-gi-baking-worker=262144"
    "memorysetup-temp-allocator-size-gfx=262144"
Refreshing native plugins compatible for Editor in 99.67 ms, found 6 plugins.
Preloading 0 native plugins for Editor in 0.00 ms.
Initialize engine version: 2021.2.3f1 (32358a8527b4)
[Subsystems] Discovering subsystems at path C:/Program Files/Unity/Hub/Editor/2021.2.3f1/Editor/Data/Resources/UnitySubsystems
[Subsystems] Discovering subsystems at path C:/Users/Oliver/Documents/GitHub/Team-Game/Assets
GfxDevice: creating device client; threaded=0; jobified=0
Direct3D:
    Version:  Direct3D 11.0 [level 11.1]
    Renderer: Radeon RX 570 Series (ID=0x67df)
    Vendor:   ATI
    VRAM:     8171 MB
    Driver:   27.20.22025.1006
Initialize mono
Mono path[0] = 'C:/Program Files/Unity/Hub/Editor/2021.2.3f1/Editor/Data/Managed'
Mono path[1] = 'C:/Program Files/Unity/Hub/Editor/2021.2.3f1/Editor/Data/MonoBleedingEdge/lib/mono/unityjit-win32'
Mono config path = 'C:/Program Files/Unity/Hub/Editor/2021.2.3f1/Editor/Data/MonoBleedingEdge/etc'
Using monoOptions --debugger-agent=transport=dt_socket,embedding=1,server=y,suspend=n,address=127.0.0.1:56032
Begin MonoManager ReloadAssembly
Registering precompiled unity dll's ...
Register platform support module: C:/Program Files/Unity/Hub/Editor/2021.2.3f1/Editor/Data/PlaybackEngines/WebGLSupport/UnityEditor.WebGL.Extensions.dll
Register platform support module: C:/Program Files/Unity/Hub/Editor/2021.2.3f1/Editor/Data/PlaybackEngines/WindowsStandaloneSupport/UnityEditor.WindowsStandalone.Extensions.dll
Registered in 0.007748 seconds.
Native extension for WindowsStandalone target not found
Native extension for WebGL target not found
Refreshing native plugins compatible for Editor in 91.08 ms, found 6 plugins.
Preloading 0 native plugins for Editor in 0.00 ms.
Mono: successfully reloaded assembly
- Completed reload, in  0.653 seconds
Domain Reload Profiling:
	ReloadAssembly (654ms)
		BeginReloadAssembly (75ms)
			ExecutionOrderSort (0ms)
			DisableScriptedObjects (0ms)
			BackupInstance (0ms)
			ReleaseScriptingObjects (0ms)
			CreateAndSetChildDomain (1ms)
		EndReloadAssembly (497ms)
			LoadAssemblies (73ms)
			RebuildTransferFunctionScriptingTraits (0ms)
			SetupTypeCache (104ms)
			ReleaseScriptCaches (0ms)
			RebuildScriptCaches (33ms)
			SetupLoadedEditorAssemblies (309ms)
				LogAssemblyErrors (0ms)
				InitializePlatformSupportModulesInManaged (16ms)
				SetLoadedEditorAssemblies (0ms)
				RefreshPlugins (91ms)
				BeforeProcessingInitializeOnLoad (1ms)
				ProcessInitializeOnLoadAttributes (154ms)
				ProcessInitializeOnLoadMethodAttributes (46ms)
				AfterProcessingInitializeOnLoad (0ms)
				EditorAssembliesLoaded (0ms)
			ExecutionOrderSort2 (0ms)
			AwakeInstancesAfterBackupRestoration (0ms)
Platform modules already initialized, skipping
Registering precompiled user dll's ...
Registered in 0.008753 seconds.
Begin MonoManager ReloadAssembly
Symbol file LoadedFromMemory doesn't match image C:\Users\Oliver\Documents\GitHub\Team-Game\Library\PackageCache\com.unity.visualscripting@1.7.6\Editor\VisualScripting.Core\Dependencies\YamlDotNet\Unity.VisualScripting.YamlDotNet.dll
Symbol file LoadedFromMemory doesn't match image C:\Users\Oliver\Documents\GitHub\Team-Game\Library\PackageCache\com.unity.visualscripting@1.7.6\Editor\VisualScripting.Core\Dependencies\DotNetZip\Unity.VisualScripting.IonicZip.dll
Native extension for WindowsStandalone target not found
Native extension for WebGL target not found
Refreshing native plugins compatible for Editor in 86.96 ms, found 6 plugins.
Preloading 0 native plugins for Editor in 0.00 ms.
Mono: successfully reloaded assembly
- Completed reload, in  3.688 seconds
Domain Reload Profiling:
	ReloadAssembly (3689ms)
		BeginReloadAssembly (221ms)
			ExecutionOrderSort (0ms)
			DisableScriptedObjects (6ms)
			BackupInstance (0ms)
			ReleaseScriptingObjects (0ms)
			CreateAndSetChildDomain (46ms)
		EndReloadAssembly (3373ms)
			LoadAssemblies (1875ms)
			RebuildTransferFunctionScriptingTraits (0ms)
			SetupTypeCache (238ms)
			ReleaseScriptCaches (1ms)
			RebuildScriptCaches (64ms)
			SetupLoadedEditorAssemblies (1132ms)
				LogAssemblyErrors (0ms)
				InitializePlatformSupportModulesInManaged (11ms)
				SetLoadedEditorAssemblies (0ms)
				RefreshPlugins (87ms)
				BeforeProcessingInitializeOnLoad (101ms)
				ProcessInitializeOnLoadAttributes (893ms)
				ProcessInitializeOnLoadMethodAttributes (33ms)
				AfterProcessingInitializeOnLoad (7ms)
				EditorAssembliesLoaded (0ms)
			ExecutionOrderSort2 (0ms)
			AwakeInstancesAfterBackupRestoration (5ms)
Platform modules already initialized, skipping
========================================================================
Worker process is ready to serve import requests
Launched and connected shader compiler UnityShaderCompiler.exe after 0.09 seconds
Refreshing native plugins compatible for Editor in 0.91 ms, found 6 plugins.
Preloading 0 native plugins for Editor in 0.00 ms.
Unloading 3985 Unused Serialized files (Serialized files now loaded: 0)
Unloading 44 unused Assets / (32.0 KB). Loaded Objects now: 4489.
Memory consumption went from 153.9 MB to 153.8 MB.
Total: 4.109700 ms (FindLiveObjects: 0.433800 ms CreateObjectMapping: 0.111500 ms MarkObjects: 3.524000 ms  DeleteObjects: 0.038800 ms)

AssetImportParameters requested are different than current active one (requested -> active):
  custom:video-decoder-ogg-theora: a1e56fd34408186e4bbccfd4996cb3dc -> 
  custom:container-muxer-webm: aa71ff27fc2769a1b78a27578f13a17b -> 
  custom:container-demuxer-webm: 4f35f7cbe854078d1ac9338744f61a02 -> 
  custom:video-encoder-webm-vp8: eb34c28f22e8b96e1ab97ce403110664 -> 
  custom:audio-encoder-webm-vorbis: bf7c407c2cedff20999df2af8eb42d56 -> 
  custom:framework-win-MediaFoundation: 216162199b28c13a410421893ffa2e32 -> 
  custom:container-demuxer-ogg: 62fdf1f143b41e24485cea50d1cbac27 -> 
  custom:video-decoder-webm-vp8: 9c59270c3fd7afecdb556c50c9e8de78 -> 
  custom:audio-decoder-ogg-vorbis: bf7c407c2cedff20999df2af8eb42d56 -> 
  custom:postprocessor/texture2D: 1909f56bfc062723c751e8b465ee728b -> 782e70c0b41050eef710b10a01056048
========================================================================
Received Import Request.
  Time since last request: 1530053.442867 seconds.
  path: Assets/TextMesh Pro
  artifactKey: Guid(003dc5a1e8a4189479fcba7f6ed2678b) Importer(815301076,1909f56bfc062723c751e8b465ee728b)
Start importing Assets/TextMesh Pro using Guid(003dc5a1e8a4189479fcba7f6ed2678b) Importer(815301076,1909f56bfc062723c751e8b465ee728b)  -> (artifact id: '6e29624824581cb24e8c1c4d2a3f41e6') in 0.017525 seconds 
========================================================================
Received Import Request.
  Time since last request: 11.209720 seconds.
  path: Assets/TextMesh Pro/Plugins
  artifactKey: Guid(56bfd03eee2bcf3428986060bd15295e) Importer(815301076,1909f56bfc062723c751e8b465ee728b)
Start importing Assets/TextMesh Pro/Plugins using Guid(56bfd03eee2bcf3428986060bd15295e) Importer(815301076,1909f56bfc062723c751e8b465ee728b)  -> (artifact id: '91c183607ea057ba1117bcdae3111b79') in 0.008838 seconds 
========================================================================
Received Import Request.
  Time since last request: 2.412571 seconds.
  path: Assets/TextMesh Pro/User Guide
  artifactKey: Guid(863f62626963a6445b92586f336ae65d) Importer(815301076,1909f56bfc062723c751e8b465ee728b)
Start importing Assets/TextMesh Pro/User Guide using Guid(863f62626963a6445b92586f336ae65d) Importer(815301076,1909f56bfc062723c751e8b465ee728b)  -> (artifact id: 'fb7baeb3c40229763e18abdbff439f33') in 0.007372 seconds 
========================================================================
Received Import Request.
  Time since last request: 1.472187 seconds.
  path: Assets/TextMesh Pro/User Guide/TextMesh Pro User Guide 2016.pdf
  artifactKey: Guid(88d4997d1fa3b604a839c2353d262eb7) Importer(815301076,1909f56bfc062723c751e8b465ee728b)
Start importing Assets/TextMesh Pro/User Guide/TextMesh Pro User Guide 2016.pdf using Guid(88d4997d1fa3b604a839c2353d262eb7) Importer(815301076,1909f56bfc062723c751e8b465ee728b)  -> (artifact id: '089e6187e7a7c0c4ae604e8a52ea55a3') in 0.035488 seconds 
========================================================================
Received Import Request.
  Time since last request: 58.383936 seconds.
  path: Assets/TextMesh Pro/Resources
  artifactKey: Guid(2cf3fc68430ed2b49a44fd10bc8f6be7) Importer(815301076,1909f56bfc062723c751e8b465ee728b)
Start importing Assets/TextMesh Pro/Resources using Guid(2cf3fc68430ed2b49a44fd10bc8f6be7) Importer(815301076,1909f56bfc062723c751e8b465ee728b)  -> (artifact id: 'bc9bbdd7a148fae162e2ca638bc40509') in 0.008514 seconds 
========================================================================
Received Import Request.
  Time since last request: 0.468132 seconds.
  path: Assets/TextMesh Pro/Resources/TMP Settings.asset
  artifactKey: Guid(69ed5bac41eebaa4c97e9d2a4168c54f) Importer(815301076,1909f56bfc062723c751e8b465ee728b)
Start importing Assets/TextMesh Pro/Resources/TMP Settings.asset using Guid(69ed5bac41eebaa4c97e9d2a4168c54f) Importer(815301076,1909f56bfc062723c751e8b465ee728b)  -> (artifact id: 'f75bdcaca2dda78e0a7be4d73619021f') in 0.044991 seconds 
========================================================================
Received Import Request.
  Time since last request: 2.654457 seconds.
  path: Assets/TextMesh Pro/Resources/Fonts & Materials
  artifactKey: Guid(fc4753da6dfd3684895f921f5e8e4502) Importer(815301076,1909f56bfc062723c751e8b465ee728b)
Start importing Assets/TextMesh Pro/Resources/Fonts & Materials using Guid(fc4753da6dfd3684895f921f5e8e4502) Importer(815301076,1909f56bfc062723c751e8b465ee728b)  -> (artifact id: '02b32acf6b8d93de977faef6a188f1ce') in 0.008437 seconds 
========================================================================
Received Import Request.
  Time since last request: 2.112221 seconds.
  path: Assets/TextMesh Pro/Editor Resources
  artifactKey: Guid(cbf93dc9270513c4dacd74d4308b4b21) Importer(815301076,1909f56bfc062723c751e8b465ee728b)
Start importing Assets/TextMesh Pro/Editor Resources using Guid(cbf93dc9270513c4dacd74d4308b4b21) Importer(815301076,1909f56bfc062723c751e8b465ee728b)  -> (artifact id: 'fe8ec5d219f2b29b4c6d0ec78ff3c3e2') in 0.008017 seconds 
========================================================================
Received Import Request.
  Time since last request: 0.053447 seconds.
  path: Assets/TextMesh Pro/Editor Resources/TMPro_DarkSkin.guiskin
  artifactKey: Guid(eea6ec55e77d406479dac17d76595b27) Importer(815301076,1909f56bfc062723c751e8b465ee728b)
Start importing Assets/TextMesh Pro/Editor Resources/TMPro_DarkSkin.guiskin using Guid(eea6ec55e77d406479dac17d76595b27) Importer(815301076,1909f56bfc062723c751e8b465ee728b)  -> (artifact id: '6e64410cf25c4cad5011a32f646ce7fa') in 0.017388 seconds 
========================================================================
Received Import Request.
  Time since last request: 151.069294 seconds.
  path: Assets/TextMesh Pro/Examples & Extras/Fonts/Anton.ttf
  artifactKey: Guid(323ac1ea6ff04144f9f5b613bfbc5597) Importer(815301076,1909f56bfc062723c751e8b465ee728b)
Start importing Assets/TextMesh Pro/Examples & Extras/Fonts/Anton.ttf using Guid(323ac1ea6ff04144f9f5b613bfbc5597) Importer(815301076,1909f56bfc062723c751e8b465ee728b)  -> (artifact id: '66905eeeb5c03b6ed106e71730d54143') in 0.114098 seconds 
========================================================================
Received Import Request.
  Time since last request: 0.000039 seconds.
  path: Assets/TextMesh Pro/Examples & Extras/Fonts/NotoSans.ttf
  artifactKey: Guid(ece7dc758aa1e1f43888284fcccaf1c2) Importer(815301076,1909f56bfc062723c751e8b465ee728b)
Start importing Assets/TextMesh Pro/Examples & Extras/Fonts/NotoSans.ttf using Guid(ece7dc758aa1e1f43888284fcccaf1c2) Importer(815301076,1909f56bfc062723c751e8b465ee728b)  -> (artifact id: 'a4aafc150cdb5c8ba80bb17d5e49222b') in 0.019945 seconds 
Editor requested this worker to shutdown with reason: Scaling down because of idle timeout
AssetImportWorker is now disconnected from the server
Process exiting
Exiting without the bug reporter. Application will terminate with return code 0