Using pre-set license
Built from '2021.2/staging' branch; Version is '2021.2.3f1 (32358a8527b4) revision 3290506'; Using compiler version '192829333'; Build Type 'Release'
OS: 'Windows 10 Pro; OS build 22000.348; Version 2009; 64bit' Language: 'it' Physical Memory: 16326 MB
BatchMode: 1, IsHumanControllingUs: 0, StartBugReporterOnCrash: 0, Is64bit: 1, IsPro: 0

COMMAND LINE ARGUMENTS:
C:\Program Files\Unity\Hub\Editor\2021.2.3f1\Editor\Unity.exe
-adb2
-batchMode
-noUpm
-name
AssetImportWorker16
-projectPath
D:/OneDrive - UCLan/Unity Projects/Team-Game
-logFile
Logs/AssetImportWorker16.log
-srvPort
51942
Successfully changed project path to: D:/OneDrive - UCLan/Unity Projects/Team-Game
D:/OneDrive - UCLan/Unity Projects/Team-Game
[UnityMemory] Configuration Parameters - Can be set up in boot.config
    "memorysetup-bucket-allocator-granularity=16"
    "memorysetup-bucket-allocator-bucket-count=8"
    "memorysetup-bucket-allocator-block-size=33554432"
    "memorysetup-bucket-allocator-block-count=8"
    "memorysetup-main-allocator-block-size=16777216"
    "memorysetup-thread-allocator-block-size=16777216"
    "memorysetup-gfx-main-allocator-block-size=16777216"
    "memorysetup-gfx-thread-allocator-block-size=16777216"
    "memorysetup-cache-allocator-block-size=4194304"
    "memorysetup-typetree-allocator-block-size=2097152"
    "memorysetup-profiler-bucket-allocator-granularity=16"
    "memorysetup-profiler-bucket-allocator-bucket-count=8"
    "memorysetup-profiler-bucket-allocator-block-size=33554432"
    "memorysetup-profiler-bucket-allocator-block-count=8"
    "memorysetup-profiler-allocator-block-size=16777216"
    "memorysetup-profiler-editor-allocator-block-size=1048576"
    "memorysetup-temp-allocator-size-main=16777216"
    "memorysetup-job-temp-allocator-block-size=2097152"
    "memorysetup-job-temp-allocator-block-size-background=1048576"
    "memorysetup-job-temp-allocator-reduction-small-platforms=262144"
    "memorysetup-temp-allocator-size-background-worker=32768"
    "memorysetup-temp-allocator-size-job-worker=262144"
    "memorysetup-temp-allocator-size-preload-manager=33554432"
    "memorysetup-temp-allocator-size-nav-mesh-worker=65536"
    "memorysetup-temp-allocator-size-audio-worker=65536"
    "memorysetup-temp-allocator-size-cloud-worker=32768"
    "memorysetup-temp-allocator-size-gi-baking-worker=262144"
    "memorysetup-temp-allocator-size-gfx=262144"
Refreshing native plugins compatible for Editor in 94.96 ms, found 4 plugins.
Preloading 0 native plugins for Editor in 0.00 ms.
Initialize engine version: 2021.2.3f1 (32358a8527b4)
[Subsystems] Discovering subsystems at path C:/Program Files/Unity/Hub/Editor/2021.2.3f1/Editor/Data/Resources/UnitySubsystems
[Subsystems] Discovering subsystems at path D:/OneDrive - UCLan/Unity Projects/Team-Game/Assets
GfxDevice: creating device client; threaded=0; jobified=0
Direct3D:
    Version:  Direct3D 11.0 [level 11.1]
    Renderer: NVIDIA GeForce GTX 1660 (ID=0x2184)
    Vendor:   NVIDIA
    VRAM:     5991 MB
    Driver:   30.0.14.9613
Initialize mono
Mono path[0] = 'C:/Program Files/Unity/Hub/Editor/2021.2.3f1/Editor/Data/Managed'
Mono path[1] = 'C:/Program Files/Unity/Hub/Editor/2021.2.3f1/Editor/Data/MonoBleedingEdge/lib/mono/unityjit-win32'
Mono config path = 'C:/Program Files/Unity/Hub/Editor/2021.2.3f1/Editor/Data/MonoBleedingEdge/etc'
Using monoOptions --debugger-agent=transport=dt_socket,embedding=1,server=y,suspend=n,address=127.0.0.1:56568
Begin MonoManager ReloadAssembly
Registering precompiled unity dll's ...
Register platform support module: C:/Program Files/Unity/Hub/Editor/2021.2.3f1/Editor/Data/PlaybackEngines/WebGLSupport/UnityEditor.WebGL.Extensions.dll
Register platform support module: C:/Program Files/Unity/Hub/Editor/2021.2.3f1/Editor/Data/PlaybackEngines/WindowsStandaloneSupport/UnityEditor.WindowsStandalone.Extensions.dll
Registered in 0.004449 seconds.
Native extension for WindowsStandalone target not found
Native extension for WebGL target not found
Refreshing native plugins compatible for Editor in 94.49 ms, found 4 plugins.
Preloading 0 native plugins for Editor in 0.00 ms.
Mono: successfully reloaded assembly
- Completed reload, in  0.574 seconds
Domain Reload Profiling:
	ReloadAssembly (574ms)
		BeginReloadAssembly (56ms)
			ExecutionOrderSort (0ms)
			DisableScriptedObjects (0ms)
			BackupInstance (0ms)
			ReleaseScriptingObjects (0ms)
			CreateAndSetChildDomain (1ms)
		EndReloadAssembly (443ms)
			LoadAssemblies (54ms)
			RebuildTransferFunctionScriptingTraits (0ms)
			SetupTypeCache (100ms)
			ReleaseScriptCaches (0ms)
			RebuildScriptCaches (23ms)
			SetupLoadedEditorAssemblies (275ms)
				LogAssemblyErrors (0ms)
				InitializePlatformSupportModulesInManaged (15ms)
				SetLoadedEditorAssemblies (0ms)
				RefreshPlugins (95ms)
				BeforeProcessingInitializeOnLoad (1ms)
				ProcessInitializeOnLoadAttributes (127ms)
				ProcessInitializeOnLoadMethodAttributes (36ms)
				AfterProcessingInitializeOnLoad (0ms)
				EditorAssembliesLoaded (0ms)
			ExecutionOrderSort2 (0ms)
			AwakeInstancesAfterBackupRestoration (0ms)
Platform modules already initialized, skipping
Registering precompiled user dll's ...
Registered in 0.012183 seconds.
Begin MonoManager ReloadAssembly
Symbol file LoadedFromMemory doesn't match image D:\OneDrive - UCLan\Unity Projects\Team-Game\Library\PackageCache\com.unity.visualscripting@1.7.6\Editor\VisualScripting.Core\Dependencies\YamlDotNet\Unity.VisualScripting.YamlDotNet.dll
Symbol file LoadedFromMemory doesn't match image D:\OneDrive - UCLan\Unity Projects\Team-Game\Library\PackageCache\com.unity.visualscripting@1.7.6\Editor\VisualScripting.Core\Dependencies\DotNetZip\Unity.VisualScripting.IonicZip.dll
Native extension for WindowsStandalone target not found
Native extension for WebGL target not found
Refreshing native plugins compatible for Editor in 80.32 ms, found 4 plugins.
Preloading 0 native plugins for Editor in 0.00 ms.
Mono: successfully reloaded assembly
- Completed reload, in  1.579 seconds
Domain Reload Profiling:
	ReloadAssembly (1580ms)
		BeginReloadAssembly (139ms)
			ExecutionOrderSort (0ms)
			DisableScriptedObjects (6ms)
			BackupInstance (0ms)
			ReleaseScriptingObjects (0ms)
			CreateAndSetChildDomain (16ms)
		EndReloadAssembly (1354ms)
			LoadAssemblies (72ms)
			RebuildTransferFunctionScriptingTraits (0ms)
			SetupTypeCache (193ms)
			ReleaseScriptCaches (1ms)
			RebuildScriptCaches (55ms)
			SetupLoadedEditorAssemblies (843ms)
				LogAssemblyErrors (0ms)
				InitializePlatformSupportModulesInManaged (9ms)
				SetLoadedEditorAssemblies (0ms)
				RefreshPlugins (80ms)
				BeforeProcessingInitializeOnLoad (89ms)
				ProcessInitializeOnLoadAttributes (630ms)
				ProcessInitializeOnLoadMethodAttributes (29ms)
				AfterProcessingInitializeOnLoad (5ms)
				EditorAssembliesLoaded (0ms)
			ExecutionOrderSort2 (0ms)
			AwakeInstancesAfterBackupRestoration (4ms)
Platform modules already initialized, skipping
========================================================================
Worker process is ready to serve import requests
Launched and connected shader compiler UnityShaderCompiler.exe after 0.04 seconds
Refreshing native plugins compatible for Editor in 0.51 ms, found 4 plugins.
Preloading 0 native plugins for Editor in 0.00 ms.
Unloading 3931 Unused Serialized files (Serialized files now loaded: 0)
Unloading 37 unused Assets / (55.6 KB). Loaded Objects now: 4390.
Memory consumption went from 150.4 MB to 150.4 MB.
Total: 2.933400 ms (FindLiveObjects: 0.293200 ms CreateObjectMapping: 0.097900 ms MarkObjects: 2.483500 ms  DeleteObjects: 0.057900 ms)

AssetImportParameters requested are different than current active one (requested -> active):
  custom:video-decoder-ogg-theora: a1e56fd34408186e4bbccfd4996cb3dc -> 
  custom:container-muxer-webm: aa71ff27fc2769a1b78a27578f13a17b -> 
  custom:container-demuxer-webm: 4f35f7cbe854078d1ac9338744f61a02 -> 
  custom:video-encoder-webm-vp8: eb34c28f22e8b96e1ab97ce403110664 -> 
  custom:audio-encoder-webm-vorbis: bf7c407c2cedff20999df2af8eb42d56 -> 
  custom:framework-win-MediaFoundation: 216162199b28c13a410421893ffa2e32 -> 
  custom:container-demuxer-ogg: 62fdf1f143b41e24485cea50d1cbac27 -> 
  custom:video-decoder-webm-vp8: 9c59270c3fd7afecdb556c50c9e8de78 -> 
  custom:audio-decoder-ogg-vorbis: bf7c407c2cedff20999df2af8eb42d56 -> 
========================================================================
Received Prepare
Registering precompiled user dll's ...
Registered in 0.012430 seconds.
Begin MonoManager ReloadAssembly
Symbol file LoadedFromMemory doesn't match image D:\OneDrive - UCLan\Unity Projects\Team-Game\Library\PackageCache\com.unity.visualscripting@1.7.6\Editor\VisualScripting.Core\Dependencies\YamlDotNet\Unity.VisualScripting.YamlDotNet.dll
Symbol file LoadedFromMemory doesn't match image D:\OneDrive - UCLan\Unity Projects\Team-Game\Library\PackageCache\com.unity.visualscripting@1.7.6\Editor\VisualScripting.Core\Dependencies\DotNetZip\Unity.VisualScripting.IonicZip.dll
Native extension for WindowsStandalone target not found
Native extension for WebGL target not found
Refreshing native plugins compatible for Editor in 0.87 ms, found 4 plugins.
Preloading 0 native plugins for Editor in 0.00 ms.
Mono: successfully reloaded assembly
- Completed reload, in  1.299 seconds
Domain Reload Profiling:
	ReloadAssembly (1300ms)
		BeginReloadAssembly (138ms)
			ExecutionOrderSort (0ms)
			DisableScriptedObjects (8ms)
			BackupInstance (0ms)
			ReleaseScriptingObjects (0ms)
			CreateAndSetChildDomain (41ms)
		EndReloadAssembly (1057ms)
			LoadAssemblies (88ms)
			RebuildTransferFunctionScriptingTraits (0ms)
			SetupTypeCache (255ms)
			ReleaseScriptCaches (2ms)
			RebuildScriptCaches (54ms)
			SetupLoadedEditorAssemblies (512ms)
				LogAssemblyErrors (0ms)
				InitializePlatformSupportModulesInManaged (13ms)
				SetLoadedEditorAssemblies (1ms)
				RefreshPlugins (1ms)
				BeforeProcessingInitializeOnLoad (103ms)
				ProcessInitializeOnLoadAttributes (353ms)
				ProcessInitializeOnLoadMethodAttributes (34ms)
				AfterProcessingInitializeOnLoad (7ms)
				EditorAssembliesLoaded (0ms)
			ExecutionOrderSort2 (0ms)
			AwakeInstancesAfterBackupRestoration (12ms)
Platform modules already initialized, skipping
Refreshing native plugins compatible for Editor in 0.86 ms, found 4 plugins.
Preloading 0 native plugins for Editor in 0.00 ms.
Unloading 3920 Unused Serialized files (Serialized files now loaded: 0)
Unloading 26 unused Assets / (24.6 KB). Loaded Objects now: 4392.
Memory consumption went from 149.7 MB to 149.7 MB.
Total: 3.754300 ms (FindLiveObjects: 0.321000 ms CreateObjectMapping: 0.105000 ms MarkObjects: 3.301000 ms  DeleteObjects: 0.025900 ms)

AssetImportParameters requested are different than current active one (requested -> active):
  custom:video-decoder-ogg-theora: a1e56fd34408186e4bbccfd4996cb3dc -> 
  custom:container-muxer-webm: aa71ff27fc2769a1b78a27578f13a17b -> 
  custom:container-demuxer-webm: 4f35f7cbe854078d1ac9338744f61a02 -> 
  custom:video-encoder-webm-vp8: eb34c28f22e8b96e1ab97ce403110664 -> 
  custom:audio-encoder-webm-vorbis: bf7c407c2cedff20999df2af8eb42d56 -> 
  custom:framework-win-MediaFoundation: 216162199b28c13a410421893ffa2e32 -> 
  custom:container-demuxer-ogg: 62fdf1f143b41e24485cea50d1cbac27 -> 
  custom:video-decoder-webm-vp8: 9c59270c3fd7afecdb556c50c9e8de78 -> 
  custom:audio-decoder-ogg-vorbis: bf7c407c2cedff20999df2af8eb42d56 -> 
========================================================================
Received Import Request.
  Time since last request: 66700.398285 seconds.
  path: Assets/Sprites/GroundPalette.prefab
  artifactKey: Guid(f4aa1ff2e1fcc494b9c6474144822695) Importer(815301076,1909f56bfc062723c751e8b465ee728b)
Start importing Assets/Sprites/GroundPalette.prefab using Guid(f4aa1ff2e1fcc494b9c6474144822695) Importer(815301076,1909f56bfc062723c751e8b465ee728b)  -> (artifact id: 'd67b258c9cc6c470866883740e43c6cd') in 0.150972 seconds 
========================================================================
Received Import Request.
  Time since last request: 0.000021 seconds.
  path: Assets/Sprites/TileMap_18.asset
  artifactKey: Guid(2440b1f2a39265f4cb9944b1ebecf083) Importer(815301076,1909f56bfc062723c751e8b465ee728b)
Start importing Assets/Sprites/TileMap_18.asset using Guid(2440b1f2a39265f4cb9944b1ebecf083) Importer(815301076,1909f56bfc062723c751e8b465ee728b)  -> (artifact id: '586cdb9508ac7a4bbc5b237039c4c49e') in 0.019903 seconds 
========================================================================
Received Import Request.
  Time since last request: 0.000033 seconds.
  path: Assets/Sprites/TileMap_1.asset
  artifactKey: Guid(656a174c2390fdc45a536514a7d96e79) Importer(815301076,1909f56bfc062723c751e8b465ee728b)
Start importing Assets/Sprites/TileMap_1.asset using Guid(656a174c2390fdc45a536514a7d96e79) Importer(815301076,1909f56bfc062723c751e8b465ee728b)  -> (artifact id: 'd439ec2eaf2213b1f3023d44be72c8c7') in 0.014147 seconds 
========================================================================
Received Import Request.
  Time since last request: 0.000019 seconds.
  path: Assets/Sprites/TileMap_10.asset
  artifactKey: Guid(ae27abf6b8d33584abc47fbde60d2e7d) Importer(815301076,1909f56bfc062723c751e8b465ee728b)
Start importing Assets/Sprites/TileMap_10.asset using Guid(ae27abf6b8d33584abc47fbde60d2e7d) Importer(815301076,1909f56bfc062723c751e8b465ee728b)  -> (artifact id: '8e104505efaf9131f73847f6fe4d50d1') in 0.014978 seconds 
========================================================================
Received Import Request.
  Time since last request: 0.000016 seconds.
  path: Assets/Sprites/TileMap_8.asset
  artifactKey: Guid(862b65d89e50f3e4c91761b296f550cb) Importer(815301076,1909f56bfc062723c751e8b465ee728b)
Start importing Assets/Sprites/TileMap_8.asset using Guid(862b65d89e50f3e4c91761b296f550cb) Importer(815301076,1909f56bfc062723c751e8b465ee728b)  -> (artifact id: '4c42119f20ae34e5220781b4fceaa9c3') in 0.013313 seconds 
========================================================================
Received Import Request.
  Time since last request: 0.000016 seconds.
  path: Assets/Sprites/TileMap_9.asset
  artifactKey: Guid(a248c27af60371348be2426bc4bd1ee8) Importer(815301076,1909f56bfc062723c751e8b465ee728b)
Start importing Assets/Sprites/TileMap_9.asset using Guid(a248c27af60371348be2426bc4bd1ee8) Importer(815301076,1909f56bfc062723c751e8b465ee728b)  -> (artifact id: '824a5b95e3d6997909b673cd883c51ae') in 0.012331 seconds 
========================================================================
Received Import Request.
  Time since last request: 0.000023 seconds.
  path: Assets/Sprites/TileMap_4.asset
  artifactKey: Guid(10331d6b4017c66488d243c90d1888b9) Importer(815301076,1909f56bfc062723c751e8b465ee728b)
Start importing Assets/Sprites/TileMap_4.asset using Guid(10331d6b4017c66488d243c90d1888b9) Importer(815301076,1909f56bfc062723c751e8b465ee728b)  -> (artifact id: '9076edcf9db01e22ff59a1ba5bfec634') in 0.013032 seconds 
========================================================================
Received Import Request.
  Time since last request: 24.054207 seconds.
  path: Assets/Sprites/GroundPalette.prefab
  artifactKey: Guid(f4aa1ff2e1fcc494b9c6474144822695) Importer(815301076,1909f56bfc062723c751e8b465ee728b)
Start importing Assets/Sprites/GroundPalette.prefab using Guid(f4aa1ff2e1fcc494b9c6474144822695) Importer(815301076,1909f56bfc062723c751e8b465ee728b)  -> (artifact id: '9537bed790ac9c15b5f3ada6a7af925c') in 0.035716 seconds 
========================================================================
Received Import Request.
  Time since last request: 0.000037 seconds.
  path: Assets/Sprites/TileMap_3.asset
  artifactKey: Guid(150793b610b17a74e85d73540f2bfdc6) Importer(815301076,1909f56bfc062723c751e8b465ee728b)
Start importing Assets/Sprites/TileMap_3.asset using Guid(150793b610b17a74e85d73540f2bfdc6) Importer(815301076,1909f56bfc062723c751e8b465ee728b)  -> (artifact id: '305dcc14a79e9a8311d3dfc622dbd306') in 0.010978 seconds 
========================================================================
Received Import Request.
  Time since last request: 0.000020 seconds.
  path: Assets/Sprites/TileMap_2.asset
  artifactKey: Guid(7e2ff5ba276f94b4d9ba81c96974e040) Importer(815301076,1909f56bfc062723c751e8b465ee728b)
Start importing Assets/Sprites/TileMap_2.asset using Guid(7e2ff5ba276f94b4d9ba81c96974e040) Importer(815301076,1909f56bfc062723c751e8b465ee728b)  -> (artifact id: '9acb4efa4240ed5d5f82fb199be84a02') in 0.007850 seconds 
========================================================================
Received Import Request.
  Time since last request: 0.000025 seconds.
  path: Assets/Sprites/TileMap_11.asset
  artifactKey: Guid(22fde142f74e4ac41b7b7abaa493530e) Importer(815301076,1909f56bfc062723c751e8b465ee728b)
Start importing Assets/Sprites/TileMap_11.asset using Guid(22fde142f74e4ac41b7b7abaa493530e) Importer(815301076,1909f56bfc062723c751e8b465ee728b)  -> (artifact id: '5c50592ecba71bb47311ea2d144aac1c') in 0.012764 seconds 
========================================================================
Received Import Request.
  Time since last request: 0.000030 seconds.
  path: Assets/Sprites/TileMap_20.asset
  artifactKey: Guid(eec000161cb1a62449eb78dbf647d2fe) Importer(815301076,1909f56bfc062723c751e8b465ee728b)
Start importing Assets/Sprites/TileMap_20.asset using Guid(eec000161cb1a62449eb78dbf647d2fe) Importer(815301076,1909f56bfc062723c751e8b465ee728b)  -> (artifact id: '3cfdabea7ed1a017358647a013095bbf') in 0.012031 seconds 
========================================================================
Received Import Request.
  Time since last request: 0.000032 seconds.
  path: Assets/Sprites/TileMap_10.asset
  artifactKey: Guid(ae27abf6b8d33584abc47fbde60d2e7d) Importer(815301076,1909f56bfc062723c751e8b465ee728b)
Start importing Assets/Sprites/TileMap_10.asset using Guid(ae27abf6b8d33584abc47fbde60d2e7d) Importer(815301076,1909f56bfc062723c751e8b465ee728b)  -> (artifact id: 'be632e831318482f789725915ed732c4') in 0.010211 seconds 
========================================================================
Received Import Request.
  Time since last request: 0.000017 seconds.
  path: Assets/Sprites/TileMap_9.asset
  artifactKey: Guid(a248c27af60371348be2426bc4bd1ee8) Importer(815301076,1909f56bfc062723c751e8b465ee728b)
Start importing Assets/Sprites/TileMap_9.asset using Guid(a248c27af60371348be2426bc4bd1ee8) Importer(815301076,1909f56bfc062723c751e8b465ee728b)  -> (artifact id: '5c6263177588ec11830d262251850b11') in 0.010835 seconds 
========================================================================
Received Import Request.
  Time since last request: 0.000019 seconds.
  path: Assets/Sprites/TileMap_19.asset
  artifactKey: Guid(130eee02c3b297340a3ff588a9f79f14) Importer(815301076,1909f56bfc062723c751e8b465ee728b)
Start importing Assets/Sprites/TileMap_19.asset using Guid(130eee02c3b297340a3ff588a9f79f14) Importer(815301076,1909f56bfc062723c751e8b465ee728b)  -> (artifact id: '82b810a062c041d7ecb7f3c896591cfc') in 0.010474 seconds 
========================================================================
Received Import Request.
  Time since last request: 30.567475 seconds.
  path: Assets/Sprites/GroundPalette.prefab
  artifactKey: Guid(f4aa1ff2e1fcc494b9c6474144822695) Importer(815301076,1909f56bfc062723c751e8b465ee728b)
Start importing Assets/Sprites/GroundPalette.prefab using Guid(f4aa1ff2e1fcc494b9c6474144822695) Importer(815301076,1909f56bfc062723c751e8b465ee728b)  -> (artifact id: '783739c4763041601897be0c6faa37db') in 0.038073 seconds 
========================================================================
Received Import Request.
  Time since last request: 0.000022 seconds.
  path: Assets/Sprites/TileMap_7.asset
  artifactKey: Guid(55c5c11f1b8ed9841bfd1422b4590d8b) Importer(815301076,1909f56bfc062723c751e8b465ee728b)
Start importing Assets/Sprites/TileMap_7.asset using Guid(55c5c11f1b8ed9841bfd1422b4590d8b) Importer(815301076,1909f56bfc062723c751e8b465ee728b)  -> (artifact id: 'b639db0417f34ffcf8746acd5aac9f34') in 0.008830 seconds 
========================================================================
Received Import Request.
  Time since last request: 0.000029 seconds.
  path: Assets/Sprites/TileMap_18.asset
  artifactKey: Guid(2440b1f2a39265f4cb9944b1ebecf083) Importer(815301076,1909f56bfc062723c751e8b465ee728b)
Start importing Assets/Sprites/TileMap_18.asset using Guid(2440b1f2a39265f4cb9944b1ebecf083) Importer(815301076,1909f56bfc062723c751e8b465ee728b)  -> (artifact id: '426e644e030b747c90bde584b727ce8c') in 0.008488 seconds 
========================================================================
Received Import Request.
  Time since last request: 0.000021 seconds.
  path: Assets/Sprites/TileMap_20.asset
  artifactKey: Guid(eec000161cb1a62449eb78dbf647d2fe) Importer(815301076,1909f56bfc062723c751e8b465ee728b)
Start importing Assets/Sprites/TileMap_20.asset using Guid(eec000161cb1a62449eb78dbf647d2fe) Importer(815301076,1909f56bfc062723c751e8b465ee728b)  -> (artifact id: '3483124f7193c2b584eed22afb8c1dfe') in 0.007560 seconds 
========================================================================
Received Import Request.
  Time since last request: 0.000019 seconds.
  path: Assets/Sprites/TileMap_16.asset
  artifactKey: Guid(c1986d20210ecf5469c20f2e70e6aed2) Importer(815301076,1909f56bfc062723c751e8b465ee728b)
Start importing Assets/Sprites/TileMap_16.asset using Guid(c1986d20210ecf5469c20f2e70e6aed2) Importer(815301076,1909f56bfc062723c751e8b465ee728b)  -> (artifact id: '6275dff70ef86904139d64314fab716b') in 0.008076 seconds 
========================================================================
Received Import Request.
  Time since last request: 0.000020 seconds.
  path: Assets/Sprites/TileMap_6.asset
  artifactKey: Guid(441a6c7bef5fc2e44b3ad2256a9030c3) Importer(815301076,1909f56bfc062723c751e8b465ee728b)
Start importing Assets/Sprites/TileMap_6.asset using Guid(441a6c7bef5fc2e44b3ad2256a9030c3) Importer(815301076,1909f56bfc062723c751e8b465ee728b)  -> (artifact id: 'ce913cb620288f3a993e25c5d9608f0d') in 0.014677 seconds 
========================================================================
Received Import Request.
  Time since last request: 0.000026 seconds.
  path: Assets/Sprites/TileMap_9.asset
  artifactKey: Guid(a248c27af60371348be2426bc4bd1ee8) Importer(815301076,1909f56bfc062723c751e8b465ee728b)
Start importing Assets/Sprites/TileMap_9.asset using Guid(a248c27af60371348be2426bc4bd1ee8) Importer(815301076,1909f56bfc062723c751e8b465ee728b)  -> (artifact id: 'af724f8f28372703046b5b76891c8f5e') in 0.011613 seconds 
========================================================================
Received Import Request.
  Time since last request: 0.000023 seconds.
  path: Assets/Sprites/TileMap_4.asset
  artifactKey: Guid(10331d6b4017c66488d243c90d1888b9) Importer(815301076,1909f56bfc062723c751e8b465ee728b)
Start importing Assets/Sprites/TileMap_4.asset using Guid(10331d6b4017c66488d243c90d1888b9) Importer(815301076,1909f56bfc062723c751e8b465ee728b)  -> (artifact id: 'ae421abf126ec6b69632987309655722') in 0.008162 seconds 
========================================================================
Received Import Request.
  Time since last request: 57.605984 seconds.
  path: Assets/Sprites/GroundPalette.prefab
  artifactKey: Guid(f4aa1ff2e1fcc494b9c6474144822695) Importer(815301076,1909f56bfc062723c751e8b465ee728b)
Start importing Assets/Sprites/GroundPalette.prefab using Guid(f4aa1ff2e1fcc494b9c6474144822695) Importer(815301076,1909f56bfc062723c751e8b465ee728b)  -> (artifact id: '916f8daab4bd34eb6aba824770e9ecdc') in 0.038197 seconds 
========================================================================
Received Import Request.
  Time since last request: 0.000027 seconds.
  path: Assets/Sprites/TileMap_11.asset
  artifactKey: Guid(22fde142f74e4ac41b7b7abaa493530e) Importer(815301076,1909f56bfc062723c751e8b465ee728b)
Start importing Assets/Sprites/TileMap_11.asset using Guid(22fde142f74e4ac41b7b7abaa493530e) Importer(815301076,1909f56bfc062723c751e8b465ee728b)  -> (artifact id: '4d118a8deb278478ed0cceb286576020') in 0.014885 seconds 
========================================================================
Received Import Request.
  Time since last request: 0.000023 seconds.
  path: Assets/Sprites/TileMap_20.asset
  artifactKey: Guid(eec000161cb1a62449eb78dbf647d2fe) Importer(815301076,1909f56bfc062723c751e8b465ee728b)
Start importing Assets/Sprites/TileMap_20.asset using Guid(eec000161cb1a62449eb78dbf647d2fe) Importer(815301076,1909f56bfc062723c751e8b465ee728b)  -> (artifact id: '8d8c5691d6e221dad76b726b0a558f1a') in 0.011952 seconds 
========================================================================
Received Import Request.
  Time since last request: 0.000023 seconds.
  path: Assets/Sprites/TileMap_10.asset
  artifactKey: Guid(ae27abf6b8d33584abc47fbde60d2e7d) Importer(815301076,1909f56bfc062723c751e8b465ee728b)
Start importing Assets/Sprites/TileMap_10.asset using Guid(ae27abf6b8d33584abc47fbde60d2e7d) Importer(815301076,1909f56bfc062723c751e8b465ee728b)  -> (artifact id: '5ea45ec0a6cddb98c8bcb95c90410acd') in 0.009069 seconds 
========================================================================
Received Import Request.
  Time since last request: 0.000020 seconds.
  path: Assets/Sprites/TileMap_5.asset
  artifactKey: Guid(bdb6aea08d1a3644e884e4d5c81fbd90) Importer(815301076,1909f56bfc062723c751e8b465ee728b)
Start importing Assets/Sprites/TileMap_5.asset using Guid(bdb6aea08d1a3644e884e4d5c81fbd90) Importer(815301076,1909f56bfc062723c751e8b465ee728b)  -> (artifact id: '27f73b2446b5c1251bec6a0d64c0b1bd') in 0.008330 seconds 
========================================================================
Received Import Request.
  Time since last request: 0.000027 seconds.
  path: Assets/Sprites/TileMap_4.asset
  artifactKey: Guid(10331d6b4017c66488d243c90d1888b9) Importer(815301076,1909f56bfc062723c751e8b465ee728b)
Start importing Assets/Sprites/TileMap_4.asset using Guid(10331d6b4017c66488d243c90d1888b9) Importer(815301076,1909f56bfc062723c751e8b465ee728b)  -> (artifact id: 'da84d65a5736028eb2b584c050aea550') in 0.008013 seconds 
========================================================================
Received Import Request.
  Time since last request: 8.763997 seconds.
  path: Assets/Sprites/GroundPalette.prefab
  artifactKey: Guid(f4aa1ff2e1fcc494b9c6474144822695) Importer(815301076,1909f56bfc062723c751e8b465ee728b)
Start importing Assets/Sprites/GroundPalette.prefab using Guid(f4aa1ff2e1fcc494b9c6474144822695) Importer(815301076,1909f56bfc062723c751e8b465ee728b)  -> (artifact id: '875a81e38652e0b3999f261cf692f928') in 0.037980 seconds 
========================================================================
Received Import Request.
  Time since last request: 0.000030 seconds.
  path: Assets/Sprites/TileMap_7.asset
  artifactKey: Guid(55c5c11f1b8ed9841bfd1422b4590d8b) Importer(815301076,1909f56bfc062723c751e8b465ee728b)
Start importing Assets/Sprites/TileMap_7.asset using Guid(55c5c11f1b8ed9841bfd1422b4590d8b) Importer(815301076,1909f56bfc062723c751e8b465ee728b)  -> (artifact id: '55591a2ba5b6da4948de6d7874ba5532') in 0.008461 seconds 
========================================================================
Received Import Request.
  Time since last request: 0.000040 seconds.
  path: Assets/Sprites/TileMap_20.asset
  artifactKey: Guid(eec000161cb1a62449eb78dbf647d2fe) Importer(815301076,1909f56bfc062723c751e8b465ee728b)
Start importing Assets/Sprites/TileMap_20.asset using Guid(eec000161cb1a62449eb78dbf647d2fe) Importer(815301076,1909f56bfc062723c751e8b465ee728b)  -> (artifact id: 'fa6b934c97a79cc01272e21e9ab57a53') in 0.011885 seconds 
========================================================================
Received Import Request.
  Time since last request: 0.000021 seconds.
  path: Assets/Sprites/TileMap_10.asset
  artifactKey: Guid(ae27abf6b8d33584abc47fbde60d2e7d) Importer(815301076,1909f56bfc062723c751e8b465ee728b)
Start importing Assets/Sprites/TileMap_10.asset using Guid(ae27abf6b8d33584abc47fbde60d2e7d) Importer(815301076,1909f56bfc062723c751e8b465ee728b)  -> (artifact id: 'f2169fb4cc4aa02663de4a919a79a58c') in 0.009991 seconds 
========================================================================
Received Import Request.
  Time since last request: 0.000027 seconds.
  path: Assets/Sprites/TileMap_5.asset
  artifactKey: Guid(bdb6aea08d1a3644e884e4d5c81fbd90) Importer(815301076,1909f56bfc062723c751e8b465ee728b)
Start importing Assets/Sprites/TileMap_5.asset using Guid(bdb6aea08d1a3644e884e4d5c81fbd90) Importer(815301076,1909f56bfc062723c751e8b465ee728b)  -> (artifact id: '1a1458d9b4478ef89bf51e26b043f6f5') in 0.007890 seconds 
========================================================================
Received Import Request.
  Time since last request: 2.702459 seconds.
  path: Assets/Sprites/GroundPalette.prefab
  artifactKey: Guid(f4aa1ff2e1fcc494b9c6474144822695) Importer(815301076,1909f56bfc062723c751e8b465ee728b)
Start importing Assets/Sprites/GroundPalette.prefab using Guid(f4aa1ff2e1fcc494b9c6474144822695) Importer(815301076,1909f56bfc062723c751e8b465ee728b)  -> (artifact id: 'babc7fcee4fac0ab6a7b691068e4cd42') in 0.032876 seconds 
========================================================================
Received Import Request.
  Time since last request: 0.000035 seconds.
  path: Assets/Sprites/TileMap_15.asset
  artifactKey: Guid(744c9d488e93bec48869677889a4dba5) Importer(815301076,1909f56bfc062723c751e8b465ee728b)
Start importing Assets/Sprites/TileMap_15.asset using Guid(744c9d488e93bec48869677889a4dba5) Importer(815301076,1909f56bfc062723c751e8b465ee728b)  -> (artifact id: 'a18dcd9ea258375de0657fb0179a92e7') in 0.007764 seconds 
========================================================================
Received Import Request.
  Time since last request: 0.000018 seconds.
  path: Assets/Sprites/TileMap_16.asset
  artifactKey: Guid(c1986d20210ecf5469c20f2e70e6aed2) Importer(815301076,1909f56bfc062723c751e8b465ee728b)
Start importing Assets/Sprites/TileMap_16.asset using Guid(c1986d20210ecf5469c20f2e70e6aed2) Importer(815301076,1909f56bfc062723c751e8b465ee728b)  -> (artifact id: '7d6b7dc6e68d8bf1fd4505c7c1c92c4a') in 0.008577 seconds 
========================================================================
Received Import Request.
  Time since last request: 0.000016 seconds.
  path: Assets/Sprites/TileMap_6.asset
  artifactKey: Guid(441a6c7bef5fc2e44b3ad2256a9030c3) Importer(815301076,1909f56bfc062723c751e8b465ee728b)
Start importing Assets/Sprites/TileMap_6.asset using Guid(441a6c7bef5fc2e44b3ad2256a9030c3) Importer(815301076,1909f56bfc062723c751e8b465ee728b)  -> (artifact id: '43a5f634bfc5b9d61c992f4fa4fdd1b3') in 0.011162 seconds 
========================================================================
Received Import Request.
  Time since last request: 0.000028 seconds.
  path: Assets/Sprites/TileMap_19.asset
  artifactKey: Guid(130eee02c3b297340a3ff588a9f79f14) Importer(815301076,1909f56bfc062723c751e8b465ee728b)
Start importing Assets/Sprites/TileMap_19.asset using Guid(130eee02c3b297340a3ff588a9f79f14) Importer(815301076,1909f56bfc062723c751e8b465ee728b)  -> (artifact id: '40bb6e021712ee33550c869031edd506') in 0.011967 seconds 
========================================================================
Received Import Request.
  Time since last request: 111.676997 seconds.
  path: Assets/Sprites/TileMap_0.asset
  artifactKey: Guid(e0154d334100c7047848599e4e05b0e7) Importer(815301076,1909f56bfc062723c751e8b465ee728b)
Start importing Assets/Sprites/TileMap_0.asset using Guid(e0154d334100c7047848599e4e05b0e7) Importer(815301076,1909f56bfc062723c751e8b465ee728b)  -> (artifact id: '0c308ccce00db843ee234a12d59e87a6') in 0.012780 seconds 
========================================================================
Received Import Request.
  Time since last request: 0.000032 seconds.
  path: Assets/Sprites/TileMap_24.asset
  artifactKey: Guid(44ad4b38667633d4d92572a05662306f) Importer(815301076,1909f56bfc062723c751e8b465ee728b)
Start importing Assets/Sprites/TileMap_24.asset using Guid(44ad4b38667633d4d92572a05662306f) Importer(815301076,1909f56bfc062723c751e8b465ee728b)  -> (artifact id: '98cc4526301c6acf005532bcdf64b06d') in 0.013822 seconds 
========================================================================
Received Import Request.
  Time since last request: 0.000024 seconds.
  path: Assets/Sprites/TileMap_25.asset
  artifactKey: Guid(cb53f7ad06a054f4fa1996f913cc6756) Importer(815301076,1909f56bfc062723c751e8b465ee728b)
Start importing Assets/Sprites/TileMap_25.asset using Guid(cb53f7ad06a054f4fa1996f913cc6756) Importer(815301076,1909f56bfc062723c751e8b465ee728b)  -> (artifact id: '6aa6db462bea7bdc4853cc491e1ababe') in 0.016570 seconds 
Editor requested this worker to shutdown with reason: Scaling down because of idle timeout
AssetImportWorker is now disconnected from the server
Process exiting
Exiting without the bug reporter. Application will terminate with return code 0