Using pre-set license
Built from '2021.2/staging' branch; Version is '2021.2.3f1 (32358a8527b4) revision 3290506'; Using compiler version '192829333'; Build Type 'Release'
OS: 'Windows 10 Pro; OS build 22000.348; Version 2009; 64bit' Language: 'it' Physical Memory: 16326 MB
BatchMode: 1, IsHumanControllingUs: 0, StartBugReporterOnCrash: 0, Is64bit: 1, IsPro: 0

COMMAND LINE ARGUMENTS:
C:\Program Files\Unity\Hub\Editor\2021.2.3f1\Editor\Unity.exe
-adb2
-batchMode
-noUpm
-name
AssetImportWorker6
-projectPath
D:/OneDrive - UCLan/Unity Projects/Team-Game
-logFile
Logs/AssetImportWorker6.log
-srvPort
51942
Successfully changed project path to: D:/OneDrive - UCLan/Unity Projects/Team-Game
D:/OneDrive - UCLan/Unity Projects/Team-Game
[UnityMemory] Configuration Parameters - Can be set up in boot.config
    "memorysetup-bucket-allocator-granularity=16"
    "memorysetup-bucket-allocator-bucket-count=8"
    "memorysetup-bucket-allocator-block-size=33554432"
    "memorysetup-bucket-allocator-block-count=8"
    "memorysetup-main-allocator-block-size=16777216"
    "memorysetup-thread-allocator-block-size=16777216"
    "memorysetup-gfx-main-allocator-block-size=16777216"
    "memorysetup-gfx-thread-allocator-block-size=16777216"
    "memorysetup-cache-allocator-block-size=4194304"
    "memorysetup-typetree-allocator-block-size=2097152"
    "memorysetup-profiler-bucket-allocator-granularity=16"
    "memorysetup-profiler-bucket-allocator-bucket-count=8"
    "memorysetup-profiler-bucket-allocator-block-size=33554432"
    "memorysetup-profiler-bucket-allocator-block-count=8"
    "memorysetup-profiler-allocator-block-size=16777216"
    "memorysetup-profiler-editor-allocator-block-size=1048576"
    "memorysetup-temp-allocator-size-main=16777216"
    "memorysetup-job-temp-allocator-block-size=2097152"
    "memorysetup-job-temp-allocator-block-size-background=1048576"
    "memorysetup-job-temp-allocator-reduction-small-platforms=262144"
    "memorysetup-temp-allocator-size-background-worker=32768"
    "memorysetup-temp-allocator-size-job-worker=262144"
    "memorysetup-temp-allocator-size-preload-manager=33554432"
    "memorysetup-temp-allocator-size-nav-mesh-worker=65536"
    "memorysetup-temp-allocator-size-audio-worker=65536"
    "memorysetup-temp-allocator-size-cloud-worker=32768"
    "memorysetup-temp-allocator-size-gi-baking-worker=262144"
    "memorysetup-temp-allocator-size-gfx=262144"
Refreshing native plugins compatible for Editor in 87.62 ms, found 4 plugins.
Preloading 0 native plugins for Editor in 0.00 ms.
Initialize engine version: 2021.2.3f1 (32358a8527b4)
[Subsystems] Discovering subsystems at path C:/Program Files/Unity/Hub/Editor/2021.2.3f1/Editor/Data/Resources/UnitySubsystems
[Subsystems] Discovering subsystems at path D:/OneDrive - UCLan/Unity Projects/Team-Game/Assets
GfxDevice: creating device client; threaded=0; jobified=0
Direct3D:
    Version:  Direct3D 11.0 [level 11.1]
    Renderer: NVIDIA GeForce GTX 1660 (ID=0x2184)
    Vendor:   NVIDIA
    VRAM:     5991 MB
    Driver:   30.0.14.9613
Initialize mono
Mono path[0] = 'C:/Program Files/Unity/Hub/Editor/2021.2.3f1/Editor/Data/Managed'
Mono path[1] = 'C:/Program Files/Unity/Hub/Editor/2021.2.3f1/Editor/Data/MonoBleedingEdge/lib/mono/unityjit-win32'
Mono config path = 'C:/Program Files/Unity/Hub/Editor/2021.2.3f1/Editor/Data/MonoBleedingEdge/etc'
Using monoOptions --debugger-agent=transport=dt_socket,embedding=1,server=y,suspend=n,address=127.0.0.1:56928
Begin MonoManager ReloadAssembly
Registering precompiled unity dll's ...
Register platform support module: C:/Program Files/Unity/Hub/Editor/2021.2.3f1/Editor/Data/PlaybackEngines/WebGLSupport/UnityEditor.WebGL.Extensions.dll
Register platform support module: C:/Program Files/Unity/Hub/Editor/2021.2.3f1/Editor/Data/PlaybackEngines/WindowsStandaloneSupport/UnityEditor.WindowsStandalone.Extensions.dll
Registered in 0.004017 seconds.
Native extension for WindowsStandalone target not found
Native extension for WebGL target not found
Refreshing native plugins compatible for Editor in 82.53 ms, found 4 plugins.
Preloading 0 native plugins for Editor in 0.00 ms.
Mono: successfully reloaded assembly
- Completed reload, in  0.550 seconds
Domain Reload Profiling:
	ReloadAssembly (550ms)
		BeginReloadAssembly (66ms)
			ExecutionOrderSort (0ms)
			DisableScriptedObjects (0ms)
			BackupInstance (0ms)
			ReleaseScriptingObjects (0ms)
			CreateAndSetChildDomain (1ms)
		EndReloadAssembly (414ms)
			LoadAssemblies (65ms)
			RebuildTransferFunctionScriptingTraits (0ms)
			SetupTypeCache (95ms)
			ReleaseScriptCaches (0ms)
			RebuildScriptCaches (23ms)
			SetupLoadedEditorAssemblies (252ms)
				LogAssemblyErrors (0ms)
				InitializePlatformSupportModulesInManaged (16ms)
				SetLoadedEditorAssemblies (0ms)
				RefreshPlugins (83ms)
				BeforeProcessingInitializeOnLoad (1ms)
				ProcessInitializeOnLoadAttributes (113ms)
				ProcessInitializeOnLoadMethodAttributes (39ms)
				AfterProcessingInitializeOnLoad (0ms)
				EditorAssembliesLoaded (0ms)
			ExecutionOrderSort2 (0ms)
			AwakeInstancesAfterBackupRestoration (0ms)
Platform modules already initialized, skipping
Registering precompiled user dll's ...
Registered in 0.012410 seconds.
Begin MonoManager ReloadAssembly
Symbol file LoadedFromMemory doesn't match image D:\OneDrive - UCLan\Unity Projects\Team-Game\Library\PackageCache\com.unity.visualscripting@1.7.6\Editor\VisualScripting.Core\Dependencies\YamlDotNet\Unity.VisualScripting.YamlDotNet.dll
Symbol file LoadedFromMemory doesn't match image D:\OneDrive - UCLan\Unity Projects\Team-Game\Library\PackageCache\com.unity.visualscripting@1.7.6\Editor\VisualScripting.Core\Dependencies\DotNetZip\Unity.VisualScripting.IonicZip.dll
Native extension for WindowsStandalone target not found
Native extension for WebGL target not found
Refreshing native plugins compatible for Editor in 93.86 ms, found 4 plugins.
Preloading 0 native plugins for Editor in 0.00 ms.
Mono: successfully reloaded assembly
- Completed reload, in  1.854 seconds
Domain Reload Profiling:
	ReloadAssembly (1855ms)
		BeginReloadAssembly (164ms)
			ExecutionOrderSort (0ms)
			DisableScriptedObjects (5ms)
			BackupInstance (0ms)
			ReleaseScriptingObjects (0ms)
			CreateAndSetChildDomain (19ms)
		EndReloadAssembly (1604ms)
			LoadAssemblies (82ms)
			RebuildTransferFunctionScriptingTraits (0ms)
			SetupTypeCache (243ms)
			ReleaseScriptCaches (1ms)
			RebuildScriptCaches (66ms)
			SetupLoadedEditorAssemblies (1011ms)
				LogAssemblyErrors (0ms)
				InitializePlatformSupportModulesInManaged (12ms)
				SetLoadedEditorAssemblies (0ms)
				RefreshPlugins (94ms)
				BeforeProcessingInitializeOnLoad (108ms)
				ProcessInitializeOnLoadAttributes (750ms)
				ProcessInitializeOnLoadMethodAttributes (39ms)
				AfterProcessingInitializeOnLoad (7ms)
				EditorAssembliesLoaded (0ms)
			ExecutionOrderSort2 (0ms)
			AwakeInstancesAfterBackupRestoration (7ms)
Platform modules already initialized, skipping
========================================================================
Worker process is ready to serve import requests
Launched and connected shader compiler UnityShaderCompiler.exe after 0.05 seconds
Refreshing native plugins compatible for Editor in 0.66 ms, found 4 plugins.
Preloading 0 native plugins for Editor in 0.00 ms.
Unloading 3931 Unused Serialized files (Serialized files now loaded: 0)
Unloading 37 unused Assets / (55.7 KB). Loaded Objects now: 4390.
Memory consumption went from 150.4 MB to 150.4 MB.
Total: 3.473100 ms (FindLiveObjects: 0.367500 ms CreateObjectMapping: 0.307200 ms MarkObjects: 2.729600 ms  DeleteObjects: 0.067100 ms)

AssetImportParameters requested are different than current active one (requested -> active):
  custom:video-decoder-ogg-theora: a1e56fd34408186e4bbccfd4996cb3dc -> 
  custom:container-muxer-webm: aa71ff27fc2769a1b78a27578f13a17b -> 
  custom:container-demuxer-webm: 4f35f7cbe854078d1ac9338744f61a02 -> 
  custom:video-encoder-webm-vp8: eb34c28f22e8b96e1ab97ce403110664 -> 
  custom:audio-encoder-webm-vorbis: bf7c407c2cedff20999df2af8eb42d56 -> 
  custom:framework-win-MediaFoundation: 216162199b28c13a410421893ffa2e32 -> 
  custom:container-demuxer-ogg: 62fdf1f143b41e24485cea50d1cbac27 -> 
  custom:video-decoder-webm-vp8: 9c59270c3fd7afecdb556c50c9e8de78 -> 
  custom:audio-decoder-ogg-vorbis: bf7c407c2cedff20999df2af8eb42d56 -> 
========================================================================
Received Import Request.
  Time since last request: 59410.891704 seconds.
  path: Assets/Prefabs/Rooms/West_Corridor Variant.prefab
  artifactKey: Guid(98e5f07e4f43a694aa9b6fa34ac3fd25) Importer(815301076,1909f56bfc062723c751e8b465ee728b)
Start importing Assets/Prefabs/Rooms/West_Corridor Variant.prefab using Guid(98e5f07e4f43a694aa9b6fa34ac3fd25) Importer(815301076,1909f56bfc062723c751e8b465ee728b)  -> (artifact id: '9ec6397351896cf4bde9739981a9c5f5') in 0.125107 seconds 
========================================================================
Received Import Request.
  Time since last request: 2.789052 seconds.
  path: Assets/Prefabs/Rooms/Door.prefab
  artifactKey: Guid(d1602a31a7c735f48945e59b89a4ca67) Importer(815301076,1909f56bfc062723c751e8b465ee728b)
Start importing Assets/Prefabs/Rooms/Door.prefab using Guid(d1602a31a7c735f48945e59b89a4ca67) Importer(815301076,1909f56bfc062723c751e8b465ee728b)  -> (artifact id: 'c06713908e055bf8811a27d10ce66264') in 0.023981 seconds 
========================================================================
Received Import Request.
  Time since last request: 0.000024 seconds.
  path: Assets/Prefabs/Rooms/South_Corridor Variant.prefab
  artifactKey: Guid(2391593286815a84c85b3cc08a07c148) Importer(815301076,1909f56bfc062723c751e8b465ee728b)
Start importing Assets/Prefabs/Rooms/South_Corridor Variant.prefab using Guid(2391593286815a84c85b3cc08a07c148) Importer(815301076,1909f56bfc062723c751e8b465ee728b)  -> (artifact id: 'fe53aa5cfd078be4872e775e18420390') in 0.023043 seconds 
========================================================================
Received Import Request.
  Time since last request: 7.313854 seconds.
  path: Assets/Prefabs/Rooms/Door.prefab
  artifactKey: Guid(d1602a31a7c735f48945e59b89a4ca67) Importer(815301076,1909f56bfc062723c751e8b465ee728b)
Start importing Assets/Prefabs/Rooms/Door.prefab using Guid(d1602a31a7c735f48945e59b89a4ca67) Importer(815301076,1909f56bfc062723c751e8b465ee728b)  -> (artifact id: '3e81ba57a459c8f7b9fb0c7d7e2aa801') in 0.014435 seconds 
========================================================================
Received Import Request.
  Time since last request: 0.000024 seconds.
  path: Assets/Prefabs/Rooms/North_Corridor Variant.prefab
  artifactKey: Guid(9d97117cb8c98a3459e773520ffa4d7d) Importer(815301076,1909f56bfc062723c751e8b465ee728b)
Start importing Assets/Prefabs/Rooms/North_Corridor Variant.prefab using Guid(9d97117cb8c98a3459e773520ffa4d7d) Importer(815301076,1909f56bfc062723c751e8b465ee728b)  -> (artifact id: '829db7143e1d33218578671495de6c2a') in 0.020765 seconds 
========================================================================
Received Import Request.
  Time since last request: 0.000028 seconds.
  path: Assets/Prefabs/Rooms/West_Corridor Variant.prefab
  artifactKey: Guid(98e5f07e4f43a694aa9b6fa34ac3fd25) Importer(815301076,1909f56bfc062723c751e8b465ee728b)
Start importing Assets/Prefabs/Rooms/West_Corridor Variant.prefab using Guid(98e5f07e4f43a694aa9b6fa34ac3fd25) Importer(815301076,1909f56bfc062723c751e8b465ee728b)  -> (artifact id: '1c3664915cd8da8def13d0a6c9baea9d') in 0.020397 seconds 
========================================================================
Received Prepare
Registering precompiled user dll's ...
Registered in 0.011885 seconds.
Begin MonoManager ReloadAssembly
Symbol file LoadedFromMemory doesn't match image D:\OneDrive - UCLan\Unity Projects\Team-Game\Library\PackageCache\com.unity.visualscripting@1.7.6\Editor\VisualScripting.Core\Dependencies\YamlDotNet\Unity.VisualScripting.YamlDotNet.dll
Symbol file LoadedFromMemory doesn't match image D:\OneDrive - UCLan\Unity Projects\Team-Game\Library\PackageCache\com.unity.visualscripting@1.7.6\Editor\VisualScripting.Core\Dependencies\DotNetZip\Unity.VisualScripting.IonicZip.dll
Native extension for WindowsStandalone target not found
Native extension for WebGL target not found
Refreshing native plugins compatible for Editor in 0.74 ms, found 4 plugins.
Preloading 0 native plugins for Editor in 0.00 ms.
Mono: successfully reloaded assembly
- Completed reload, in  1.295 seconds
Domain Reload Profiling:
	ReloadAssembly (1295ms)
		BeginReloadAssembly (139ms)
			ExecutionOrderSort (0ms)
			DisableScriptedObjects (6ms)
			BackupInstance (0ms)
			ReleaseScriptingObjects (0ms)
			CreateAndSetChildDomain (43ms)
		EndReloadAssembly (1034ms)
			LoadAssemblies (87ms)
			RebuildTransferFunctionScriptingTraits (0ms)
			SetupTypeCache (254ms)
			ReleaseScriptCaches (1ms)
			RebuildScriptCaches (43ms)
			SetupLoadedEditorAssemblies (505ms)
				LogAssemblyErrors (0ms)
				InitializePlatformSupportModulesInManaged (13ms)
				SetLoadedEditorAssemblies (0ms)
				RefreshPlugins (1ms)
				BeforeProcessingInitializeOnLoad (98ms)
				ProcessInitializeOnLoadAttributes (351ms)
				ProcessInitializeOnLoadMethodAttributes (34ms)
				AfterProcessingInitializeOnLoad (8ms)
				EditorAssembliesLoaded (0ms)
			ExecutionOrderSort2 (0ms)
			AwakeInstancesAfterBackupRestoration (13ms)
Platform modules already initialized, skipping
Refreshing native plugins compatible for Editor in 1.00 ms, found 4 plugins.
Preloading 0 native plugins for Editor in 0.00 ms.
Unloading 3920 Unused Serialized files (Serialized files now loaded: 0)
Unloading 27 unused Assets / (24.6 KB). Loaded Objects now: 4400.
Memory consumption went from 154.6 MB to 154.6 MB.
Total: 3.686700 ms (FindLiveObjects: 0.367500 ms CreateObjectMapping: 0.285700 ms MarkObjects: 3.005700 ms  DeleteObjects: 0.026300 ms)

AssetImportParameters requested are different than current active one (requested -> active):
  custom:video-decoder-ogg-theora: a1e56fd34408186e4bbccfd4996cb3dc -> 
  custom:container-muxer-webm: aa71ff27fc2769a1b78a27578f13a17b -> 
  custom:container-demuxer-webm: 4f35f7cbe854078d1ac9338744f61a02 -> 
  custom:video-encoder-webm-vp8: eb34c28f22e8b96e1ab97ce403110664 -> 
  custom:audio-encoder-webm-vorbis: bf7c407c2cedff20999df2af8eb42d56 -> 
  custom:framework-win-MediaFoundation: 216162199b28c13a410421893ffa2e32 -> 
  custom:container-demuxer-ogg: 62fdf1f143b41e24485cea50d1cbac27 -> 
  custom:video-decoder-webm-vp8: 9c59270c3fd7afecdb556c50c9e8de78 -> 
  custom:audio-decoder-ogg-vorbis: bf7c407c2cedff20999df2af8eb42d56 -> 
========================================================================
Received Import Request.
  Time since last request: 64.503588 seconds.
  path: Assets/Prefabs/Rooms/Corridor.prefab
  artifactKey: Guid(cb4c8d3059cf1484385171457b9b9ab1) Importer(815301076,1909f56bfc062723c751e8b465ee728b)
Start importing Assets/Prefabs/Rooms/Corridor.prefab using Guid(cb4c8d3059cf1484385171457b9b9ab1) Importer(815301076,1909f56bfc062723c751e8b465ee728b)  -> (artifact id: '3f59c46bf5347233258e2243ef34e59c') in 0.075232 seconds 
========================================================================
Received Import Request.
  Time since last request: 0.000018 seconds.
  path: Assets/Prefabs/Rooms/South_Corridor Variant.prefab
  artifactKey: Guid(2391593286815a84c85b3cc08a07c148) Importer(815301076,1909f56bfc062723c751e8b465ee728b)
Start importing Assets/Prefabs/Rooms/South_Corridor Variant.prefab using Guid(2391593286815a84c85b3cc08a07c148) Importer(815301076,1909f56bfc062723c751e8b465ee728b)  -> (artifact id: '79be6e9692bf1f4f31c8a0419f6f49fa') in 0.019261 seconds 
========================================================================
Received Import Request.
  Time since last request: 0.000016 seconds.
  path: Assets/Prefabs/Rooms/West_Corridor Variant.prefab
  artifactKey: Guid(98e5f07e4f43a694aa9b6fa34ac3fd25) Importer(815301076,1909f56bfc062723c751e8b465ee728b)
Start importing Assets/Prefabs/Rooms/West_Corridor Variant.prefab using Guid(98e5f07e4f43a694aa9b6fa34ac3fd25) Importer(815301076,1909f56bfc062723c751e8b465ee728b)  -> (artifact id: 'f579b6288efb15f717765b148599c97b') in 0.018431 seconds 
========================================================================
Received Import Request.
  Time since last request: 0.000019 seconds.
  path: Assets/Prefabs/Rooms/East_Corridor Variant.prefab
  artifactKey: Guid(8aa7dca565f028f418c075ec8784a48a) Importer(815301076,1909f56bfc062723c751e8b465ee728b)
Start importing Assets/Prefabs/Rooms/East_Corridor Variant.prefab using Guid(8aa7dca565f028f418c075ec8784a48a) Importer(815301076,1909f56bfc062723c751e8b465ee728b)  -> (artifact id: '80c9e48ccdc827034fe8b05b77651cca') in 0.018507 seconds 
========================================================================
Received Import Request.
  Time since last request: 79.976048 seconds.
  path: Assets/Prefabs/Rooms/Corridor.prefab
  artifactKey: Guid(cb4c8d3059cf1484385171457b9b9ab1) Importer(815301076,1909f56bfc062723c751e8b465ee728b)
Start importing Assets/Prefabs/Rooms/Corridor.prefab using Guid(cb4c8d3059cf1484385171457b9b9ab1) Importer(815301076,1909f56bfc062723c751e8b465ee728b)  -> (artifact id: 'd726d2415eb9770e34d9b42078d6d65f') in 0.025654 seconds 
========================================================================
Received Import Request.
  Time since last request: 0.000020 seconds.
  path: Assets/Prefabs/Rooms/North_Corridor Variant.prefab
  artifactKey: Guid(9d97117cb8c98a3459e773520ffa4d7d) Importer(815301076,1909f56bfc062723c751e8b465ee728b)
Start importing Assets/Prefabs/Rooms/North_Corridor Variant.prefab using Guid(9d97117cb8c98a3459e773520ffa4d7d) Importer(815301076,1909f56bfc062723c751e8b465ee728b)  -> (artifact id: '42653598301fc03b7c0b71a61f5a9642') in 0.020219 seconds 
========================================================================
Received Import Request.
  Time since last request: 0.000024 seconds.
  path: Assets/Prefabs/Rooms/South_Corridor Variant.prefab
  artifactKey: Guid(2391593286815a84c85b3cc08a07c148) Importer(815301076,1909f56bfc062723c751e8b465ee728b)
Start importing Assets/Prefabs/Rooms/South_Corridor Variant.prefab using Guid(2391593286815a84c85b3cc08a07c148) Importer(815301076,1909f56bfc062723c751e8b465ee728b)  -> (artifact id: '1f486610e4bb9d8a06f40167b4293b7c') in 0.021172 seconds 
========================================================================
Received Import Request.
  Time since last request: 0.000019 seconds.
  path: Assets/Prefabs/Rooms/Room.prefab
  artifactKey: Guid(436ee86ea15dbff40834a0a8652f317f) Importer(815301076,1909f56bfc062723c751e8b465ee728b)
Start importing Assets/Prefabs/Rooms/Room.prefab using Guid(436ee86ea15dbff40834a0a8652f317f) Importer(815301076,1909f56bfc062723c751e8b465ee728b)  -> (artifact id: '1ebf1988b75ae219feaaf8391e503654') in 0.043712 seconds 
========================================================================
Received Import Request.
  Time since last request: 0.000017 seconds.
  path: Assets/Prefabs/Rooms/East_Corridor Variant.prefab
  artifactKey: Guid(8aa7dca565f028f418c075ec8784a48a) Importer(815301076,1909f56bfc062723c751e8b465ee728b)
Start importing Assets/Prefabs/Rooms/East_Corridor Variant.prefab using Guid(8aa7dca565f028f418c075ec8784a48a) Importer(815301076,1909f56bfc062723c751e8b465ee728b)  -> (artifact id: 'd438cafa2d13f45b0f73ca188bdf05ef') in 0.023941 seconds 
========================================================================
Received Import Request.
  Time since last request: 10.185272 seconds.
  path: Assets/Prefabs/Rooms/Door.prefab
  artifactKey: Guid(d1602a31a7c735f48945e59b89a4ca67) Importer(815301076,1909f56bfc062723c751e8b465ee728b)
Start importing Assets/Prefabs/Rooms/Door.prefab using Guid(d1602a31a7c735f48945e59b89a4ca67) Importer(815301076,1909f56bfc062723c751e8b465ee728b)  -> (artifact id: 'e94bc753c5dc8edfd7debc89eaf9d3ee') in 0.015572 seconds 
========================================================================
Received Import Request.
  Time since last request: 0.000022 seconds.
  path: Assets/Prefabs/Rooms/North_Corridor Variant.prefab
  artifactKey: Guid(9d97117cb8c98a3459e773520ffa4d7d) Importer(815301076,1909f56bfc062723c751e8b465ee728b)
Start importing Assets/Prefabs/Rooms/North_Corridor Variant.prefab using Guid(9d97117cb8c98a3459e773520ffa4d7d) Importer(815301076,1909f56bfc062723c751e8b465ee728b)  -> (artifact id: '97d86149725da113bf29118ccb28ef3e') in 0.019628 seconds 
========================================================================
Received Import Request.
  Time since last request: 0.000022 seconds.
  path: Assets/Prefabs/Rooms/Room.prefab
  artifactKey: Guid(436ee86ea15dbff40834a0a8652f317f) Importer(815301076,1909f56bfc062723c751e8b465ee728b)
Start importing Assets/Prefabs/Rooms/Room.prefab using Guid(436ee86ea15dbff40834a0a8652f317f) Importer(815301076,1909f56bfc062723c751e8b465ee728b)  -> (artifact id: 'dad41576a7601417bf8947cff39f1823') in 0.035462 seconds 
========================================================================
Received Import Request.
  Time since last request: 2919.071805 seconds.
  path: Assets/Sprites/GroundPalette.prefab
  artifactKey: Guid(f4aa1ff2e1fcc494b9c6474144822695) Importer(815301076,1909f56bfc062723c751e8b465ee728b)
Start importing Assets/Sprites/GroundPalette.prefab using Guid(f4aa1ff2e1fcc494b9c6474144822695) Importer(815301076,1909f56bfc062723c751e8b465ee728b)  -> (artifact id: '9e92fdc3d864136e2ce66f0efd54c42f') in 0.085201 seconds 
========================================================================
Received Import Request.
  Time since last request: 5.341532 seconds.
  path: Assets/Sprites/GroundPalette.prefab
  artifactKey: Guid(f4aa1ff2e1fcc494b9c6474144822695) Importer(815301076,1909f56bfc062723c751e8b465ee728b)
Start importing Assets/Sprites/GroundPalette.prefab using Guid(f4aa1ff2e1fcc494b9c6474144822695) Importer(815301076,1909f56bfc062723c751e8b465ee728b)  -> (artifact id: '87b9d924571afce9e82ee3de10af041c') in 0.027252 seconds 
========================================================================
Received Import Request.
  Time since last request: 6.212143 seconds.
  path: Assets/Sprites/GroundPalette.prefab
  artifactKey: Guid(f4aa1ff2e1fcc494b9c6474144822695) Importer(815301076,1909f56bfc062723c751e8b465ee728b)
Start importing Assets/Sprites/GroundPalette.prefab using Guid(f4aa1ff2e1fcc494b9c6474144822695) Importer(815301076,1909f56bfc062723c751e8b465ee728b)  -> (artifact id: '32647e15b4abe5eb5410a4b038d44ce3') in 0.028803 seconds 
========================================================================
Received Import Request.
  Time since last request: 3.838780 seconds.
  path: Assets/Sprites/GroundPalette.prefab
  artifactKey: Guid(f4aa1ff2e1fcc494b9c6474144822695) Importer(815301076,1909f56bfc062723c751e8b465ee728b)
Start importing Assets/Sprites/GroundPalette.prefab using Guid(f4aa1ff2e1fcc494b9c6474144822695) Importer(815301076,1909f56bfc062723c751e8b465ee728b)  -> (artifact id: '4cefa76e336fecf4613d3a0f97b69dc5') in 0.030371 seconds 
========================================================================
Received Import Request.
  Time since last request: 385.518146 seconds.
  path: Assets/Sprites/door11 (1)_1.asset
  artifactKey: Guid(d13cb0fc0c3592c4dbdbca4fee006666) Importer(815301076,1909f56bfc062723c751e8b465ee728b)
Start importing Assets/Sprites/door11 (1)_1.asset using Guid(d13cb0fc0c3592c4dbdbca4fee006666) Importer(815301076,1909f56bfc062723c751e8b465ee728b)  -> (artifact id: '4284e2622a7b08478b59eb0a4292f83e') in 0.054426 seconds 
========================================================================
Received Import Request.
  Time since last request: 46.422153 seconds.
  path: Assets/Sprites/GroundPalette.prefab
  artifactKey: Guid(f4aa1ff2e1fcc494b9c6474144822695) Importer(815301076,1909f56bfc062723c751e8b465ee728b)
Start importing Assets/Sprites/GroundPalette.prefab using Guid(f4aa1ff2e1fcc494b9c6474144822695) Importer(815301076,1909f56bfc062723c751e8b465ee728b)  -> (artifact id: 'd1cf1e4d1edaa90a9715d1e89178186b') in 0.043868 seconds 
========================================================================
Received Import Request.
  Time since last request: 26.452114 seconds.
  path: Assets/Sprites/door11 (1) (1)_0.asset
  artifactKey: Guid(86d789177b7c2904b8a91472c7d2c0a2) Importer(815301076,1909f56bfc062723c751e8b465ee728b)
Start importing Assets/Sprites/door11 (1) (1)_0.asset using Guid(86d789177b7c2904b8a91472c7d2c0a2) Importer(815301076,1909f56bfc062723c751e8b465ee728b)  -> (artifact id: '4f47e51090dae7360c0d9bc4d75225dd') in 0.049439 seconds 
========================================================================
Received Import Request.
  Time since last request: 16.532445 seconds.
  path: Assets/Sprites/door11 (1) (1)_1.asset
  artifactKey: Guid(077fc41b85748fa4085c99c83437478f) Importer(815301076,1909f56bfc062723c751e8b465ee728b)
Start importing Assets/Sprites/door11 (1) (1)_1.asset using Guid(077fc41b85748fa4085c99c83437478f) Importer(815301076,1909f56bfc062723c751e8b465ee728b)  -> (artifact id: '6d3d3127050918cc6aa3315965a6c88e') in 0.014154 seconds 
========================================================================
Received Import Request.
  Time since last request: 0.000033 seconds.
  path: Assets/Sprites/door11 (1) (1)_3.asset
  artifactKey: Guid(959f6cd01b7edbd4fa912c55a451e506) Importer(815301076,1909f56bfc062723c751e8b465ee728b)
Start importing Assets/Sprites/door11 (1) (1)_3.asset using Guid(959f6cd01b7edbd4fa912c55a451e506) Importer(815301076,1909f56bfc062723c751e8b465ee728b)  -> (artifact id: '0e1f71bb1af731298f041d4efd9d538b') in 0.014434 seconds 
========================================================================
Received Import Request.
  Time since last request: 0.000032 seconds.
  path: Assets/Sprites/door11 (1) (1)_5.asset
  artifactKey: Guid(62d9cc1d598857042a3b0ed4635b98db) Importer(815301076,1909f56bfc062723c751e8b465ee728b)
Start importing Assets/Sprites/door11 (1) (1)_5.asset using Guid(62d9cc1d598857042a3b0ed4635b98db) Importer(815301076,1909f56bfc062723c751e8b465ee728b)  -> (artifact id: 'c390bbf22e25b51a3199149d811507b8') in 0.014852 seconds 
========================================================================
Received Import Request.
  Time since last request: 0.000026 seconds.
  path: Assets/Sprites/GroundPalette.prefab
  artifactKey: Guid(f4aa1ff2e1fcc494b9c6474144822695) Importer(815301076,1909f56bfc062723c751e8b465ee728b)
Start importing Assets/Sprites/GroundPalette.prefab using Guid(f4aa1ff2e1fcc494b9c6474144822695) Importer(815301076,1909f56bfc062723c751e8b465ee728b)  -> (artifact id: 'd19cf2e69fa7e085f4ef52e73493b46f') in 0.038147 seconds 
Editor requested this worker to shutdown with reason: Scaling down because of idle timeout
AssetImportWorker is now disconnected from the server
Process exiting
Exiting without the bug reporter. Application will terminate with return code 0