Using pre-set license
Built from '2021.2/staging' branch; Version is '2021.2.3f1 (32358a8527b4) revision 3290506'; Using compiler version '192829333'; Build Type 'Release'
OS: 'Windows 10 Pro; OS build 22000.527; Version 2009; 64bit' Language: 'it' Physical Memory: 16326 MB
BatchMode: 1, IsHumanControllingUs: 0, StartBugReporterOnCrash: 0, Is64bit: 1, IsPro: 0

COMMAND LINE ARGUMENTS:
C:\Program Files\Unity\Hub\Editor\2021.2.3f1\Editor\Unity.exe
-adb2
-batchMode
-noUpm
-name
AssetImportWorker5
-projectPath
D:/OneDrive - UCLan/Unity Projects/Team-Game
-logFile
Logs/AssetImportWorker5.log
-srvPort
51784
Successfully changed project path to: D:/OneDrive - UCLan/Unity Projects/Team-Game
D:/OneDrive - UCLan/Unity Projects/Team-Game
[UnityMemory] Configuration Parameters - Can be set up in boot.config
    "memorysetup-bucket-allocator-granularity=16"
    "memorysetup-bucket-allocator-bucket-count=8"
    "memorysetup-bucket-allocator-block-size=33554432"
    "memorysetup-bucket-allocator-block-count=8"
    "memorysetup-main-allocator-block-size=16777216"
    "memorysetup-thread-allocator-block-size=16777216"
    "memorysetup-gfx-main-allocator-block-size=16777216"
    "memorysetup-gfx-thread-allocator-block-size=16777216"
    "memorysetup-cache-allocator-block-size=4194304"
    "memorysetup-typetree-allocator-block-size=2097152"
    "memorysetup-profiler-bucket-allocator-granularity=16"
    "memorysetup-profiler-bucket-allocator-bucket-count=8"
    "memorysetup-profiler-bucket-allocator-block-size=33554432"
    "memorysetup-profiler-bucket-allocator-block-count=8"
    "memorysetup-profiler-allocator-block-size=16777216"
    "memorysetup-profiler-editor-allocator-block-size=1048576"
    "memorysetup-temp-allocator-size-main=16777216"
    "memorysetup-job-temp-allocator-block-size=2097152"
    "memorysetup-job-temp-allocator-block-size-background=1048576"
    "memorysetup-job-temp-allocator-reduction-small-platforms=262144"
    "memorysetup-temp-allocator-size-background-worker=32768"
    "memorysetup-temp-allocator-size-job-worker=262144"
    "memorysetup-temp-allocator-size-preload-manager=33554432"
    "memorysetup-temp-allocator-size-nav-mesh-worker=65536"
    "memorysetup-temp-allocator-size-audio-worker=65536"
    "memorysetup-temp-allocator-size-cloud-worker=32768"
    "memorysetup-temp-allocator-size-gi-baking-worker=262144"
    "memorysetup-temp-allocator-size-gfx=262144"
Refreshing native plugins compatible for Editor in 107.45 ms, found 4 plugins.
Preloading 0 native plugins for Editor in 0.00 ms.
Initialize engine version: 2021.2.3f1 (32358a8527b4)
[Subsystems] Discovering subsystems at path C:/Program Files/Unity/Hub/Editor/2021.2.3f1/Editor/Data/Resources/UnitySubsystems
[Subsystems] Discovering subsystems at path D:/OneDrive - UCLan/Unity Projects/Team-Game/Assets
GfxDevice: creating device client; threaded=0; jobified=0
Direct3D:
    Version:  Direct3D 11.0 [level 11.1]
    Renderer: NVIDIA GeForce GTX 1660 (ID=0x2184)
    Vendor:   NVIDIA
    VRAM:     5992 MB
    Driver:   30.0.15.1179
Initialize mono
Mono path[0] = 'C:/Program Files/Unity/Hub/Editor/2021.2.3f1/Editor/Data/Managed'
Mono path[1] = 'C:/Program Files/Unity/Hub/Editor/2021.2.3f1/Editor/Data/MonoBleedingEdge/lib/mono/unityjit-win32'
Mono config path = 'C:/Program Files/Unity/Hub/Editor/2021.2.3f1/Editor/Data/MonoBleedingEdge/etc'
Using monoOptions --debugger-agent=transport=dt_socket,embedding=1,server=y,suspend=n,address=127.0.0.1:56048
Begin MonoManager ReloadAssembly
Registering precompiled unity dll's ...
Register platform support module: C:/Program Files/Unity/Hub/Editor/2021.2.3f1/Editor/Data/PlaybackEngines/WebGLSupport/UnityEditor.WebGL.Extensions.dll
Register platform support module: C:/Program Files/Unity/Hub/Editor/2021.2.3f1/Editor/Data/PlaybackEngines/WindowsStandaloneSupport/UnityEditor.WindowsStandalone.Extensions.dll
Registered in 0.004256 seconds.
Native extension for WindowsStandalone target not found
Native extension for WebGL target not found
Refreshing native plugins compatible for Editor in 98.42 ms, found 4 plugins.
Preloading 0 native plugins for Editor in 0.00 ms.
Mono: successfully reloaded assembly
- Completed reload, in  0.625 seconds
Domain Reload Profiling:
	ReloadAssembly (626ms)
		BeginReloadAssembly (68ms)
			ExecutionOrderSort (0ms)
			DisableScriptedObjects (0ms)
			BackupInstance (0ms)
			ReleaseScriptingObjects (0ms)
			CreateAndSetChildDomain (1ms)
		EndReloadAssembly (478ms)
			LoadAssemblies (66ms)
			RebuildTransferFunctionScriptingTraits (0ms)
			SetupTypeCache (95ms)
			ReleaseScriptCaches (0ms)
			RebuildScriptCaches (30ms)
			SetupLoadedEditorAssemblies (301ms)
				LogAssemblyErrors (0ms)
				InitializePlatformSupportModulesInManaged (13ms)
				SetLoadedEditorAssemblies (0ms)
				RefreshPlugins (99ms)
				BeforeProcessingInitializeOnLoad (1ms)
				ProcessInitializeOnLoadAttributes (141ms)
				ProcessInitializeOnLoadMethodAttributes (46ms)
				AfterProcessingInitializeOnLoad (0ms)
				EditorAssembliesLoaded (0ms)
			ExecutionOrderSort2 (0ms)
			AwakeInstancesAfterBackupRestoration (0ms)
Platform modules already initialized, skipping
Registering precompiled user dll's ...
Registered in 0.012708 seconds.
Begin MonoManager ReloadAssembly
Native extension for WindowsStandalone target not found
Native extension for WebGL target not found
Refreshing native plugins compatible for Editor in 94.08 ms, found 4 plugins.
Preloading 0 native plugins for Editor in 0.00 ms.
Mono: successfully reloaded assembly
- Completed reload, in  1.843 seconds
Domain Reload Profiling:
	ReloadAssembly (1844ms)
		BeginReloadAssembly (159ms)
			ExecutionOrderSort (0ms)
			DisableScriptedObjects (7ms)
			BackupInstance (0ms)
			ReleaseScriptingObjects (0ms)
			CreateAndSetChildDomain (19ms)
		EndReloadAssembly (1587ms)
			LoadAssemblies (86ms)
			RebuildTransferFunctionScriptingTraits (0ms)
			SetupTypeCache (220ms)
			ReleaseScriptCaches (1ms)
			RebuildScriptCaches (65ms)
			SetupLoadedEditorAssemblies (1107ms)
				LogAssemblyErrors (0ms)
				InitializePlatformSupportModulesInManaged (11ms)
				SetLoadedEditorAssemblies (0ms)
				RefreshPlugins (94ms)
				BeforeProcessingInitializeOnLoad (116ms)
				ProcessInitializeOnLoadAttributes (847ms)
				ProcessInitializeOnLoadMethodAttributes (33ms)
				AfterProcessingInitializeOnLoad (6ms)
				EditorAssembliesLoaded (0ms)
			ExecutionOrderSort2 (0ms)
			AwakeInstancesAfterBackupRestoration (5ms)
Platform modules already initialized, skipping
========================================================================
Worker process is ready to serve import requests
Launched and connected shader compiler UnityShaderCompiler.exe after 0.11 seconds
Refreshing native plugins compatible for Editor in 1.22 ms, found 4 plugins.
Preloading 0 native plugins for Editor in 0.00 ms.
Unloading 4085 Unused Serialized files (Serialized files now loaded: 0)
Unloading 49 unused Assets / (1.3 MB). Loaded Objects now: 4533.
Memory consumption went from 162.9 MB to 161.7 MB.
Total: 5.144200 ms (FindLiveObjects: 0.423100 ms CreateObjectMapping: 0.442800 ms MarkObjects: 3.945700 ms  DeleteObjects: 0.330600 ms)

AssetImportParameters requested are different than current active one (requested -> active):
  custom:video-decoder-ogg-theora: a1e56fd34408186e4bbccfd4996cb3dc -> 
  custom:container-muxer-webm: aa71ff27fc2769a1b78a27578f13a17b -> 
  custom:container-demuxer-webm: 4f35f7cbe854078d1ac9338744f61a02 -> 
  custom:video-encoder-webm-vp8: eb34c28f22e8b96e1ab97ce403110664 -> 
  custom:audio-encoder-webm-vorbis: bf7c407c2cedff20999df2af8eb42d56 -> 
  custom:framework-win-MediaFoundation: 216162199b28c13a410421893ffa2e32 -> 
  custom:container-demuxer-ogg: 62fdf1f143b41e24485cea50d1cbac27 -> 
  custom:video-decoder-webm-vp8: 9c59270c3fd7afecdb556c50c9e8de78 -> 
  custom:audio-decoder-ogg-vorbis: bf7c407c2cedff20999df2af8eb42d56 -> 
========================================================================
Received Import Request.
  Time since last request: 412555.590378 seconds.
  path: Assets/Sprites/Environment/door11 (1) (1)_0 1.asset
  artifactKey: Guid(e226ec8712360c04db4de0fcfe9fee9a) Importer(815301076,1909f56bfc062723c751e8b465ee728b)
Start importing Assets/Sprites/Environment/door11 (1) (1)_0 1.asset using Guid(e226ec8712360c04db4de0fcfe9fee9a) Importer(815301076,1909f56bfc062723c751e8b465ee728b)  -> (artifact id: 'aabf7d8a88cb4b743632baedb1bbbc79') in 0.095061 seconds 
========================================================================
Received Import Request.
  Time since last request: 0.000025 seconds.
  path: Assets/Sprites/Environment/TileMap_31.asset
  artifactKey: Guid(55c5c11f1b8ed9841bfd1422b4590d8b) Importer(815301076,1909f56bfc062723c751e8b465ee728b)
Start importing Assets/Sprites/Environment/TileMap_31.asset using Guid(55c5c11f1b8ed9841bfd1422b4590d8b) Importer(815301076,1909f56bfc062723c751e8b465ee728b)  -> (artifact id: 'd343fe46f7ce27856480ff4c3376b8e0') in 0.024209 seconds 
========================================================================
Received Import Request.
  Time since last request: 0.000027 seconds.
  path: Assets/Sprites/Environment/Stove.asset
  artifactKey: Guid(a13b3be00eaab0249900451fb26ec473) Importer(815301076,1909f56bfc062723c751e8b465ee728b)
Start importing Assets/Sprites/Environment/Stove.asset using Guid(a13b3be00eaab0249900451fb26ec473) Importer(815301076,1909f56bfc062723c751e8b465ee728b)  -> (artifact id: 'f74c2320010de1a0c9d878c17475b552') in 0.023472 seconds 
========================================================================
Received Import Request.
  Time since last request: 0.000024 seconds.
  path: Assets/Sprites/Environment/Door_4.asset
  artifactKey: Guid(f4ea6b0fff9f4444699b62e6693aa4e3) Importer(815301076,1909f56bfc062723c751e8b465ee728b)
Start importing Assets/Sprites/Environment/Door_4.asset using Guid(f4ea6b0fff9f4444699b62e6693aa4e3) Importer(815301076,1909f56bfc062723c751e8b465ee728b)  -> (artifact id: '0065507633a07b1b09a6398350c308e9') in 0.021995 seconds 
========================================================================
Received Import Request.
  Time since last request: 0.000020 seconds.
  path: Assets/Sprites/Environment/TileMap_6.asset
  artifactKey: Guid(441a6c7bef5fc2e44b3ad2256a9030c3) Importer(815301076,1909f56bfc062723c751e8b465ee728b)
Start importing Assets/Sprites/Environment/TileMap_6.asset using Guid(441a6c7bef5fc2e44b3ad2256a9030c3) Importer(815301076,1909f56bfc062723c751e8b465ee728b)  -> (artifact id: 'dc1839eda30ae1e0cc4ac476ed00038e') in 0.018413 seconds 
========================================================================
Received Import Request.
  Time since last request: 0.000017 seconds.
  path: Assets/Sprites/Environment/door11 (1) (1)_7.asset
  artifactKey: Guid(55b2d79331a31f24c8fec2b9a2a849e8) Importer(815301076,1909f56bfc062723c751e8b465ee728b)
Start importing Assets/Sprites/Environment/door11 (1) (1)_7.asset using Guid(55b2d79331a31f24c8fec2b9a2a849e8) Importer(815301076,1909f56bfc062723c751e8b465ee728b)  -> (artifact id: '758cf22e6dbf3026f9fe5098554c5cdd') in 0.016643 seconds 
========================================================================
Received Import Request.
  Time since last request: 0.000018 seconds.
  path: Assets/Sprites/Environment/Ground.asset
  artifactKey: Guid(30b2bead6dbc60e4ca3e27cc88780f47) Importer(815301076,1909f56bfc062723c751e8b465ee728b)
Start importing Assets/Sprites/Environment/Ground.asset using Guid(30b2bead6dbc60e4ca3e27cc88780f47) Importer(815301076,1909f56bfc062723c751e8b465ee728b)  -> (artifact id: 'e3ad720cfb3e7fd89df41828efb19c5d') in 0.018587 seconds 
========================================================================
Received Import Request.
  Time since last request: 0.000022 seconds.
  path: Assets/Sprites/Environment/Fridge.png
  artifactKey: Guid(ebc3b1045b8354a4dada57219d6333ae) Importer(815301076,1909f56bfc062723c751e8b465ee728b)
Start importing Assets/Sprites/Environment/Fridge.png using Guid(ebc3b1045b8354a4dada57219d6333ae) Importer(815301076,1909f56bfc062723c751e8b465ee728b)  -> (artifact id: '085bb75af97a195af58415330d5bb11a') in 0.103752 seconds 
========================================================================
Received Import Request.
  Time since last request: 0.000031 seconds.
  path: Assets/Sprites/Environment/door11 (1) (1)_4.asset
  artifactKey: Guid(1c0101d7016ceda4397ea031ecbb1e94) Importer(815301076,1909f56bfc062723c751e8b465ee728b)
Start importing Assets/Sprites/Environment/door11 (1) (1)_4.asset using Guid(1c0101d7016ceda4397ea031ecbb1e94) Importer(815301076,1909f56bfc062723c751e8b465ee728b)  -> (artifact id: '3b6ccfe04f8149f049fc2672444e25bc') in 0.017491 seconds 
========================================================================
Received Import Request.
  Time since last request: 0.000029 seconds.
  path: Assets/Sprites/Environment/Stove.png
  artifactKey: Guid(2a0c3682191b1f6429673569d1534696) Importer(815301076,1909f56bfc062723c751e8b465ee728b)
Start importing Assets/Sprites/Environment/Stove.png using Guid(2a0c3682191b1f6429673569d1534696) Importer(815301076,1909f56bfc062723c751e8b465ee728b)  -> (artifact id: '45f476985efbe8efeb7a32b4b1b3e5e7') in 0.017097 seconds 
========================================================================
Received Import Request.
  Time since last request: 0.000019 seconds.
  path: Assets/Sprites/Environment/TileMap_15.asset
  artifactKey: Guid(744c9d488e93bec48869677889a4dba5) Importer(815301076,1909f56bfc062723c751e8b465ee728b)
Start importing Assets/Sprites/Environment/TileMap_15.asset using Guid(744c9d488e93bec48869677889a4dba5) Importer(815301076,1909f56bfc062723c751e8b465ee728b)  -> (artifact id: '02c921d0a94cfdf44a8db1b3d0ceb771') in 0.017773 seconds 
========================================================================
Received Import Request.
  Time since last request: 0.000021 seconds.
  path: Assets/Sprites/Environment/TileMap_20.asset
  artifactKey: Guid(eec000161cb1a62449eb78dbf647d2fe) Importer(815301076,1909f56bfc062723c751e8b465ee728b)
Start importing Assets/Sprites/Environment/TileMap_20.asset using Guid(eec000161cb1a62449eb78dbf647d2fe) Importer(815301076,1909f56bfc062723c751e8b465ee728b)  -> (artifact id: '29f968c73c7561f06a52a102b51c601a') in 0.017425 seconds 
========================================================================
Received Import Request.
  Time since last request: 0.000017 seconds.
  path: Assets/Sprites/Environment/TileMap_1.asset
  artifactKey: Guid(656a174c2390fdc45a536514a7d96e79) Importer(815301076,1909f56bfc062723c751e8b465ee728b)
Start importing Assets/Sprites/Environment/TileMap_1.asset using Guid(656a174c2390fdc45a536514a7d96e79) Importer(815301076,1909f56bfc062723c751e8b465ee728b)  -> (artifact id: '229c7f961eb9b768095e146065092189') in 0.020198 seconds 
========================================================================
Received Import Request.
  Time since last request: 0.000021 seconds.
  path: Assets/Sprites/Environment/Door_2.asset
  artifactKey: Guid(763c51025f7321843ae6deeb1e27b31b) Importer(815301076,1909f56bfc062723c751e8b465ee728b)
Start importing Assets/Sprites/Environment/Door_2.asset using Guid(763c51025f7321843ae6deeb1e27b31b) Importer(815301076,1909f56bfc062723c751e8b465ee728b)  -> (artifact id: '3c7a1fbf799a3f29d3f63a1001706bc6') in 0.019425 seconds 
========================================================================
Received Import Request.
  Time since last request: 0.000025 seconds.
  path: Assets/Sprites/Environment/door11 (1) (1)_0.asset
  artifactKey: Guid(86d789177b7c2904b8a91472c7d2c0a2) Importer(815301076,1909f56bfc062723c751e8b465ee728b)
Start importing Assets/Sprites/Environment/door11 (1) (1)_0.asset using Guid(86d789177b7c2904b8a91472c7d2c0a2) Importer(815301076,1909f56bfc062723c751e8b465ee728b)  -> (artifact id: '5a747f439a84de26f1a3e4bcbcad88ca') in 0.015433 seconds 
========================================================================
Received Import Request.
  Time since last request: 0.000017 seconds.
  path: Assets/Sprites/Environment/TileMap_0.asset
  artifactKey: Guid(e0154d334100c7047848599e4e05b0e7) Importer(815301076,1909f56bfc062723c751e8b465ee728b)
Start importing Assets/Sprites/Environment/TileMap_0.asset using Guid(e0154d334100c7047848599e4e05b0e7) Importer(815301076,1909f56bfc062723c751e8b465ee728b)  -> (artifact id: '25ea043270e353c6b58df0cb961657ed') in 0.018795 seconds 
========================================================================
Received Import Request.
  Time since last request: 0.000018 seconds.
  path: Assets/Sprites/Environment/GroundPalette.prefab
  artifactKey: Guid(f4aa1ff2e1fcc494b9c6474144822695) Importer(815301076,1909f56bfc062723c751e8b465ee728b)
Start importing Assets/Sprites/Environment/GroundPalette.prefab using Guid(f4aa1ff2e1fcc494b9c6474144822695) Importer(815301076,1909f56bfc062723c751e8b465ee728b)  -> (artifact id: 'f7508af4342455dd53753ede48aed735') in 0.097477 seconds 
========================================================================
Received Import Request.
  Time since last request: 9.240075 seconds.
  path: Assets/Sprites/ConceptArt/AngryCarrotFrontWalking.png
  artifactKey: Guid(a885beddf1d1978468b100d71c48b103) Importer(815301076,1909f56bfc062723c751e8b465ee728b)
Start importing Assets/Sprites/ConceptArt/AngryCarrotFrontWalking.png using Guid(a885beddf1d1978468b100d71c48b103) Importer(815301076,1909f56bfc062723c751e8b465ee728b)  -> (artifact id: '58c4aace5e6505fde7676a2212d0c395') in 0.038299 seconds 
========================================================================
Received Import Request.
  Time since last request: 0.000032 seconds.
  path: Assets/Sprites/ConceptArt/AngryMushroom.png
  artifactKey: Guid(81caf043b03d4284993b3a41d0b536d2) Importer(815301076,1909f56bfc062723c751e8b465ee728b)
Start importing Assets/Sprites/ConceptArt/AngryMushroom.png using Guid(81caf043b03d4284993b3a41d0b536d2) Importer(815301076,1909f56bfc062723c751e8b465ee728b)  -> (artifact id: '415fc709f5d4b589702368608925c29d') in 0.029717 seconds 
========================================================================
Received Import Request.
  Time since last request: 0.000024 seconds.
  path: Assets/Sprites/ConceptArt/AngryMushroom (1).png
  artifactKey: Guid(384ba37e00dafbb4881b79a1b3ca4111) Importer(815301076,1909f56bfc062723c751e8b465ee728b)
Start importing Assets/Sprites/ConceptArt/AngryMushroom (1).png using Guid(384ba37e00dafbb4881b79a1b3ca4111) Importer(815301076,1909f56bfc062723c751e8b465ee728b)  -> (artifact id: 'e0d78b410ba9e0bc05e8f84f1dceb508') in 0.023090 seconds 
========================================================================
Received Import Request.
  Time since last request: 0.000062 seconds.
  path: Assets/Sprites/ConceptArt/AngryHotDog (1).png
  artifactKey: Guid(6b15e34c7efd4e0439d7ed5fec8e2dc6) Importer(815301076,1909f56bfc062723c751e8b465ee728b)
Start importing Assets/Sprites/ConceptArt/AngryHotDog (1).png using Guid(6b15e34c7efd4e0439d7ed5fec8e2dc6) Importer(815301076,1909f56bfc062723c751e8b465ee728b)  -> (artifact id: '7dad9adda077c1fc05a15ad9418e9526') in 0.025015 seconds 
========================================================================
Received Import Request.
  Time since last request: 0.000062 seconds.
  path: Assets/Sprites/ConceptArt/Layer 2.png
  artifactKey: Guid(23920edc8f0cea241a295a63dcbcf0e2) Importer(815301076,1909f56bfc062723c751e8b465ee728b)
Start importing Assets/Sprites/ConceptArt/Layer 2.png using Guid(23920edc8f0cea241a295a63dcbcf0e2) Importer(815301076,1909f56bfc062723c751e8b465ee728b)  -> (artifact id: '567c4ec84ec6b7425262e9c7a16c8af3') in 0.024958 seconds 
========================================================================
Received Import Request.
  Time since last request: 0.000025 seconds.
  path: Assets/Sprites/ConceptArt/Mushroom2Walking (1).png
  artifactKey: Guid(5455ae33dffea5543b99c42a5a28b8a7) Importer(815301076,1909f56bfc062723c751e8b465ee728b)
Start importing Assets/Sprites/ConceptArt/Mushroom2Walking (1).png using Guid(5455ae33dffea5543b99c42a5a28b8a7) Importer(815301076,1909f56bfc062723c751e8b465ee728b)  -> (artifact id: '2746a5c015ac8f251d50088d15138243') in 0.034079 seconds 
========================================================================
Received Import Request.
  Time since last request: 0.000028 seconds.
  path: Assets/Sprites/ConceptArt/CornerLeft.png
  artifactKey: Guid(1119d942295d1d34ca9902665a8e5fa2) Importer(815301076,1909f56bfc062723c751e8b465ee728b)
Start importing Assets/Sprites/ConceptArt/CornerLeft.png using Guid(1119d942295d1d34ca9902665a8e5fa2) Importer(815301076,1909f56bfc062723c751e8b465ee728b)  -> (artifact id: '379038dc8a2b64860064d418e11142b1') in 0.028625 seconds 
========================================================================
Received Import Request.
  Time since last request: 0.001343 seconds.
  path: Assets/Sprites/ConceptArt/New Piskel (1).png
  artifactKey: Guid(2906c73a8580f384da0072cef5c32aed) Importer(815301076,1909f56bfc062723c751e8b465ee728b)
Start importing Assets/Sprites/ConceptArt/New Piskel (1).png using Guid(2906c73a8580f384da0072cef5c32aed) Importer(815301076,1909f56bfc062723c751e8b465ee728b)  -> (artifact id: 'b865cff402f76e794469d1e1b68c86a6') in 0.023199 seconds 
========================================================================
Received Import Request.
  Time since last request: 0.000028 seconds.
  path: Assets/Sprites/ConceptArt/DoorNorth.png
  artifactKey: Guid(8df43cd4981904046b3c7bbb9db3da71) Importer(815301076,1909f56bfc062723c751e8b465ee728b)
Start importing Assets/Sprites/ConceptArt/DoorNorth.png using Guid(8df43cd4981904046b3c7bbb9db3da71) Importer(815301076,1909f56bfc062723c751e8b465ee728b)  -> (artifact id: 'e5b766e5a6cc6871ca495c2aa756ced4') in 0.019153 seconds 
========================================================================
Received Import Request.
  Time since last request: 0.000028 seconds.
  path: Assets/Sprites/ConceptArt/Mushroom2BackWalking.png
  artifactKey: Guid(21c5878e461c08d4fa0ca6ecb4d531c0) Importer(815301076,1909f56bfc062723c751e8b465ee728b)
Start importing Assets/Sprites/ConceptArt/Mushroom2BackWalking.png using Guid(21c5878e461c08d4fa0ca6ecb4d531c0) Importer(815301076,1909f56bfc062723c751e8b465ee728b)  -> (artifact id: '9a23d4d770df4706965adffd323b124e') in 0.023406 seconds 
========================================================================
Received Import Request.
  Time since last request: 0.000043 seconds.
  path: Assets/Sprites/ConceptArt/DoorsSouth.png
  artifactKey: Guid(7d9d888bb2f7c7c47a8d4c728ae69929) Importer(815301076,1909f56bfc062723c751e8b465ee728b)
Start importing Assets/Sprites/ConceptArt/DoorsSouth.png using Guid(7d9d888bb2f7c7c47a8d4c728ae69929) Importer(815301076,1909f56bfc062723c751e8b465ee728b)  -> (artifact id: '1b8e00a156d8fc1aa5682659daeaeed4') in 0.028445 seconds 
========================================================================
Received Import Request.
  Time since last request: 0.000028 seconds.
  path: Assets/Sprites/ConceptArt/Fridge.png
  artifactKey: Guid(8f546f25795f5ee4b96b7234c66de3a2) Importer(815301076,1909f56bfc062723c751e8b465ee728b)
Start importing Assets/Sprites/ConceptArt/Fridge.png using Guid(8f546f25795f5ee4b96b7234c66de3a2) Importer(815301076,1909f56bfc062723c751e8b465ee728b)  -> (artifact id: '23f41097b48a5810f95b19720fe3a8ac') in 0.018156 seconds 
========================================================================
Received Import Request.
  Time since last request: 0.757899 seconds.
  path: Assets/Sprites/ConceptArt/RearLeft copy.png
  artifactKey: Guid(be0d0f439066bf94ea8ce4b34007ba1e) Importer(815301076,1909f56bfc062723c751e8b465ee728b)
Start importing Assets/Sprites/ConceptArt/RearLeft copy.png using Guid(be0d0f439066bf94ea8ce4b34007ba1e) Importer(815301076,1909f56bfc062723c751e8b465ee728b)  -> (artifact id: '6aa06ca5a0663d6718856e11586856d0') in 0.024720 seconds 
========================================================================
Received Import Request.
  Time since last request: 0.000021 seconds.
  path: Assets/Sprites/ConceptArt/Steak.png
  artifactKey: Guid(0f393863b94bd024bafa85a1ba3b9f24) Importer(815301076,1909f56bfc062723c751e8b465ee728b)
Start importing Assets/Sprites/ConceptArt/Steak.png using Guid(0f393863b94bd024bafa85a1ba3b9f24) Importer(815301076,1909f56bfc062723c751e8b465ee728b)  -> (artifact id: '7592945f1791b48ae3599789ec14da32') in 0.034148 seconds 
========================================================================
Received Import Request.
  Time since last request: 0.000032 seconds.
  path: Assets/Sprites/ConceptArt/SideWall.png
  artifactKey: Guid(6eb7b8e24f444c6458f504e69368211d) Importer(815301076,1909f56bfc062723c751e8b465ee728b)
Start importing Assets/Sprites/ConceptArt/SideWall.png using Guid(6eb7b8e24f444c6458f504e69368211d) Importer(815301076,1909f56bfc062723c751e8b465ee728b)  -> (artifact id: 'ceee8c51c44b14e6d355ac0d02baad8b') in 0.021795 seconds 
========================================================================
Received Import Request.
  Time since last request: 0.119337 seconds.
  path: Assets/Sprites/ConceptArt/wallcornerleftup.png
  artifactKey: Guid(7566dab2802ab4247babb58655f92bcd) Importer(815301076,1909f56bfc062723c751e8b465ee728b)
Start importing Assets/Sprites/ConceptArt/wallcornerleftup.png using Guid(7566dab2802ab4247babb58655f92bcd) Importer(815301076,1909f56bfc062723c751e8b465ee728b)  -> (artifact id: 'd7806df54d5970d60f319f47bc680796') in 0.015107 seconds 
========================================================================
Received Import Request.
  Time since last request: 0.000026 seconds.
  path: Assets/Sprites/ConceptArt/walldown.png
  artifactKey: Guid(07d1bcc5cc474d945a796b3c0399ca58) Importer(815301076,1909f56bfc062723c751e8b465ee728b)
Start importing Assets/Sprites/ConceptArt/walldown.png using Guid(07d1bcc5cc474d945a796b3c0399ca58) Importer(815301076,1909f56bfc062723c751e8b465ee728b)  -> (artifact id: '1f7b4b7ef3901b28e18c4cbb2ddb576c') in 0.020279 seconds 
========================================================================
Received Import Request.
  Time since last request: 6.294696 seconds.
  path: Assets/Sprites/ConceptArt/DoorsWest 1.png
  artifactKey: Guid(d567d11fa6294514ebf7a80441ccb124) Importer(815301076,1909f56bfc062723c751e8b465ee728b)
Start importing Assets/Sprites/ConceptArt/DoorsWest 1.png using Guid(d567d11fa6294514ebf7a80441ccb124) Importer(815301076,1909f56bfc062723c751e8b465ee728b)  -> (artifact id: 'a14f05a7e56a15d9c563cb77982b24ab') in 0.017368 seconds 
========================================================================
Received Import Request.
  Time since last request: 26.129436 seconds.
  path: Assets/Sprites/ConceptArt/DoorsWest.png
  artifactKey: Guid(0b0f1c5b84a71854297fd342877f8e24) Importer(815301076,1909f56bfc062723c751e8b465ee728b)
Start importing Assets/Sprites/ConceptArt/DoorsWest.png using Guid(0b0f1c5b84a71854297fd342877f8e24) Importer(815301076,1909f56bfc062723c751e8b465ee728b)  -> (artifact id: '4ce3839713effebbfbd2c8051a69ef47') in 0.014213 seconds 
========================================================================
Received Import Request.
  Time since last request: 4.470683 seconds.
  path: Assets/Sprites/ConceptArt/DoorsWest.png
  artifactKey: Guid(0b0f1c5b84a71854297fd342877f8e24) Importer(815301076,1909f56bfc062723c751e8b465ee728b)
Start importing Assets/Sprites/ConceptArt/DoorsWest.png using Guid(0b0f1c5b84a71854297fd342877f8e24) Importer(815301076,1909f56bfc062723c751e8b465ee728b)  -> (artifact id: 'b277cbaa9afba933305fcdd522fab7f0') in 0.014216 seconds 
========================================================================
Received Import Request.
  Time since last request: 65.573559 seconds.
  path: Assets/Prefabs/EastDoor.prefab
  artifactKey: Guid(be91af0083b1ab347a4ff20460133a16) Importer(815301076,1909f56bfc062723c751e8b465ee728b)
Start importing Assets/Prefabs/EastDoor.prefab using Guid(be91af0083b1ab347a4ff20460133a16) Importer(815301076,1909f56bfc062723c751e8b465ee728b)  -> (artifact id: '5b78f123b194917369ccb143e8a2fc13') in 0.011595 seconds 
========================================================================
Received Import Request.
  Time since last request: 0.000031 seconds.
  path: Assets/Prefabs/SouthDoor.prefab
  artifactKey: Guid(df160afe86e3e03438ec20efb14fe7ee) Importer(815301076,1909f56bfc062723c751e8b465ee728b)
Start importing Assets/Prefabs/SouthDoor.prefab using Guid(df160afe86e3e03438ec20efb14fe7ee) Importer(815301076,1909f56bfc062723c751e8b465ee728b)  -> (artifact id: 'b7b9b65ff22242887296c26dea64313c') in 0.006705 seconds 
========================================================================
Received Import Request.
  Time since last request: 0.000025 seconds.
  path: Assets/Prefabs/WestDoor.prefab
  artifactKey: Guid(9b1642affdec4bb42995578cffaa6373) Importer(815301076,1909f56bfc062723c751e8b465ee728b)
Start importing Assets/Prefabs/WestDoor.prefab using Guid(9b1642affdec4bb42995578cffaa6373) Importer(815301076,1909f56bfc062723c751e8b465ee728b)  -> (artifact id: '8b2e70c7c5c31b2557f9cdead2df91d7') in 0.006529 seconds 
========================================================================
Received Import Request.
  Time since last request: 28.532008 seconds.
  path: Assets/Sprites/Enemy/AngryHotDog (1).png
  artifactKey: Guid(3c7718321ef7fc54e84785411a497522) Importer(815301076,1909f56bfc062723c751e8b465ee728b)
Start importing Assets/Sprites/Enemy/AngryHotDog (1).png using Guid(3c7718321ef7fc54e84785411a497522) Importer(815301076,1909f56bfc062723c751e8b465ee728b)  -> (artifact id: 'c84389b375ed3e27089f7321f077b906') in 0.044311 seconds 
Editor requested this worker to shutdown with reason: Scaling down because of idle timeout
AssetImportWorker is now disconnected from the server
Process exiting
Exiting without the bug reporter. Application will terminate with return code 0